<?xml version="1.0" encoding="UTF-8"?>
<coverage generated="1772243864564" clover="3.2.0">
  <project timestamp="1772243864564" name="All files">
    <metrics statements="830" coveredstatements="713" conditionals="760" coveredconditionals="545" methods="128" coveredmethods="115" elements="1718" coveredelements="1373" complexity="0" loc="830" ncloc="830" packages="3" files="9" classes="9"/>
    <package name="src">
      <metrics statements="627" coveredstatements="598" conditionals="593" coveredconditionals="489" methods="89" coveredmethods="86"/>
      <file name="gcal-credentials.ts" path="/Users/mysterx/dev/obsidian-calendar-bridge/src/gcal-credentials.ts">
        <metrics statements="20" coveredstatements="20" conditionals="22" coveredconditionals="22" methods="2" coveredmethods="2"/>
        <line num="35" count="1" type="stmt"/>
        <line num="37" count="18" type="stmt"/>
        <line num="38" count="18" type="stmt"/>
        <line num="40" count="1" type="stmt"/>
        <line num="43" count="17" type="cond" truecount="4" falsecount="0"/>
        <line num="44" count="3" type="stmt"/>
        <line num="49" count="14" type="cond" truecount="4" falsecount="0"/>
        <line num="55" count="14" type="cond" truecount="1" falsecount="0"/>
        <line num="56" count="3" type="stmt"/>
        <line num="62" count="11" type="stmt"/>
        <line num="64" count="11" type="cond" truecount="3" falsecount="0"/>
        <line num="65" count="3" type="stmt"/>
        <line num="68" count="8" type="stmt"/>
        <line num="70" count="8" type="cond" truecount="1" falsecount="0"/>
        <line num="71" count="2" type="stmt"/>
        <line num="78" count="6" type="cond" truecount="4" falsecount="0"/>
        <line num="82" count="6" type="stmt"/>
        <line num="86" count="1" type="stmt"/>
        <line num="87" count="8" type="cond" truecount="1" falsecount="0"/>
        <line num="88" count="6" type="stmt"/>
      </file>
      <file name="ics-parser.ts" path="/Users/mysterx/dev/obsidian-calendar-bridge/src/ics-parser.ts">
        <metrics statements="206" coveredstatements="197" conditionals="136" coveredconditionals="110" methods="30" coveredmethods="29"/>
        <line num="77" count="3" type="stmt"/>
        <line num="78" count="47" type="stmt"/>
        <line num="85" count="3" type="stmt"/>
        <line num="88" count="243" type="stmt"/>
        <line num="89" count="243" type="stmt"/>
        <line num="90" count="243" type="stmt"/>
        <line num="91" count="1960" type="cond" truecount="1" falsecount="0"/>
        <line num="92" count="1960" type="cond" truecount="3" falsecount="0"/>
        <line num="93" count="242" type="stmt"/>
        <line num="94" count="242" type="stmt"/>
        <line num="97" count="243" type="cond" truecount="1" falsecount="0"/>
        <line num="99" count="242" type="stmt"/>
        <line num="100" count="242" type="stmt"/>
        <line num="102" count="242" type="stmt"/>
        <line num="103" count="242" type="stmt"/>
        <line num="104" count="242" type="stmt"/>
        <line num="106" count="242" type="stmt"/>
        <line num="107" count="9" type="stmt"/>
        <line num="108" count="9" type="cond" truecount="0" falsecount="1"/>
        <line num="109" count="9" type="stmt"/>
        <line num="110" count="9" type="stmt"/>
        <line num="111" count="9" type="cond" truecount="3" falsecount="0"/>
        <line num="112" count="9" type="stmt"/>
        <line num="115" count="242" type="stmt"/>
        <line num="123" count="3" type="stmt"/>
        <line num="124" count="172" type="stmt"/>
        <line num="138" count="3" type="stmt"/>
        <line num="139" count="89" type="cond" truecount="1" falsecount="0"/>
        <line num="140" count="3" type="stmt"/>
        <line num="141" count="3" type="stmt"/>
        <line num="142" count="3" type="stmt"/>
        <line num="143" count="3" type="stmt"/>
        <line num="147" count="86" type="stmt"/>
        <line num="148" count="86" type="stmt"/>
        <line num="149" count="86" type="stmt"/>
        <line num="150" count="86" type="stmt"/>
        <line num="151" count="86" type="stmt"/>
        <line num="152" count="86" type="stmt"/>
        <line num="153" count="86" type="stmt"/>
        <line num="155" count="86" type="cond" truecount="2" falsecount="0"/>
        <line num="156" count="86" type="stmt"/>
        <line num="162" count="3" type="stmt"/>
        <line num="163" count="5" type="stmt"/>
        <line num="164" count="5" type="stmt"/>
        <line num="167" count="5" type="cond" truecount="1" falsecount="0"/>
        <line num="168" count="4" type="stmt"/>
        <line num="169" count="4" type="cond" truecount="0" falsecount="1"/>
        <line num="170" count="4" type="cond" truecount="0" falsecount="1"/>
        <line num="171" count="4" type="cond" truecount="1" falsecount="0"/>
        <line num="172" count="4" type="cond" truecount="1" falsecount="0"/>
        <line num="173" count="4" type="cond" truecount="1" falsecount="0"/>
        <line num="174" count="4" type="cond" truecount="1" falsecount="0"/>
        <line num="175" count="4" type="cond" truecount="0" falsecount="1"/>
        <line num="176" count="4" type="stmt"/>
        <line num="182" count="3" type="stmt"/>
        <line num="183" count="16" type="stmt"/>
        <line num="193" count="3" type="stmt"/>
        <line num="200" count="3" type="stmt"/>
        <line num="201" count="23" type="stmt"/>
        <line num="202" count="23" type="stmt"/>
        <line num="203" count="40" type="stmt"/>
        <line num="204" count="40" type="cond" truecount="3" falsecount="0"/>
        <line num="207" count="23" type="cond" truecount="1" falsecount="0"/>
        <line num="209" count="22" type="stmt"/>
        <line num="213" count="22" type="cond" truecount="1" falsecount="0"/>
        <line num="214" count="22" type="cond" truecount="1" falsecount="0"/>
        <line num="215" count="22" type="cond" truecount="1" falsecount="0"/>
        <line num="216" count="22" type="cond" truecount="0" falsecount="1"/>
        <line num="217" count="22" type="stmt"/>
        <line num="227" count="3" type="stmt"/>
        <line num="235" count="18" type="cond" truecount="4" falsecount="0"/>
        <line num="236" count="1" type="stmt"/>
        <line num="239" count="17" type="stmt"/>
        <line num="240" count="17" type="stmt"/>
        <line num="241" count="17" type="stmt"/>
        <line num="242" count="17" type="stmt"/>
        <line num="243" count="17" type="stmt"/>
        <line num="245" count="17" type="stmt"/>
        <line num="246" count="83" type="cond" truecount="1" falsecount="2"/>
        <line num="247" count="83" type="cond" truecount="1" falsecount="0"/>
        <line num="248" count="75" type="cond" truecount="3" falsecount="0"/>
        <line num="250" count="66" type="cond" truecount="3" falsecount="0"/>
        <line num="251" count="64" type="stmt"/>
        <line num="253" count="66" type="stmt"/>
        <line num="255" count="66" type="cond" truecount="4" falsecount="1"/>
        <line num="257" count="49" type="stmt"/>
        <line num="258" count="49" type="stmt"/>
        <line num="259" count="49" type="stmt"/>
        <line num="261" count="8" type="stmt"/>
        <line num="262" count="8" type="stmt"/>
        <line num="263" count="8" type="stmt"/>
        <line num="265" count="6" type="stmt"/>
        <line num="266" count="6" type="stmt"/>
        <line num="267" count="6" type="stmt"/>
        <line num="269" count="3" type="stmt"/>
        <line num="270" count="3" type="stmt"/>
        <line num="271" count="3" type="stmt"/>
        <line num="273" count="0" type="stmt"/>
        <line num="276" count="17" type="stmt"/>
        <line num="290" count="1" type="stmt"/>
        <line num="291" count="1" type="cond" truecount="3" falsecount="1"/>
        <line num="292" count="3" type="stmt"/>
        <line num="293" count="3" type="stmt"/>
        <line num="294" count="2" type="stmt"/>
        <line num="296" count="1" type="cond" truecount="0" falsecount="1"/>
        <line num="299" count="1" type="stmt"/>
        <line num="300" count="1" type="stmt"/>
        <line num="301" count="1" type="stmt"/>
        <line num="308" count="1" type="stmt"/>
        <line num="309" count="1" type="stmt"/>
        <line num="310" count="1" type="stmt"/>
        <line num="312" count="1" type="cond" truecount="2" falsecount="0"/>
        <line num="313" count="2" type="stmt"/>
        <line num="314" count="4" type="stmt"/>
        <line num="315" count="4" type="stmt"/>
        <line num="316" count="4" type="cond" truecount="0" falsecount="1"/>
        <line num="317" count="4" type="cond" truecount="1" falsecount="2"/>
        <line num="318" count="4" type="cond" truecount="1" falsecount="0"/>
        <line num="320" count="3" type="cond" truecount="3" falsecount="0"/>
        <line num="321" count="3" type="stmt"/>
        <line num="323" count="3" type="cond" truecount="1" falsecount="2"/>
        <line num="325" count="1" type="stmt"/>
        <line num="326" count="1" type="stmt"/>
        <line num="328" count="1" type="stmt"/>
        <line num="337" count="43" type="stmt"/>
        <line num="338" count="43" type="stmt"/>
        <line num="339" count="43" type="stmt"/>
        <line num="341" count="43" type="stmt"/>
        <line num="342" count="454" type="cond" truecount="0" falsecount="1"/>
        <line num="343" count="454" type="cond" truecount="2" falsecount="0"/>
        <line num="344" count="42" type="stmt"/>
        <line num="345" count="42" type="stmt"/>
        <line num="346" count="412" type="cond" truecount="2" falsecount="0"/>
        <line num="347" count="42" type="cond" truecount="1" falsecount="0"/>
        <line num="348" count="42" type="stmt"/>
        <line num="349" count="370" type="cond" truecount="1" falsecount="0"/>
        <line num="350" count="238" type="stmt"/>
        <line num="351" count="238" type="cond" truecount="1" falsecount="0"/>
        <line num="354" count="43" type="stmt"/>
        <line num="362" count="1579" type="stmt"/>
        <line num="363" count="476" type="stmt"/>
        <line num="365" count="42" type="stmt"/>
        <line num="366" count="42" type="stmt"/>
        <line num="367" count="42" type="cond" truecount="2" falsecount="1"/>
        <line num="369" count="42" type="stmt"/>
        <line num="373" count="42" type="stmt"/>
        <line num="374" count="42" type="stmt"/>
        <line num="375" count="42" type="cond" truecount="1" falsecount="1"/>
        <line num="376" count="42" type="stmt"/>
        <line num="377" count="0" type="cond" truecount="0" falsecount="2"/>
        <line num="378" count="0" type="stmt"/>
        <line num="380" count="0" type="stmt"/>
        <line num="381" count="0" type="cond" truecount="0" falsecount="2"/>
        <line num="382" count="0" type="stmt"/>
        <line num="386" count="42" type="stmt"/>
        <line num="387" count="1" type="stmt"/>
        <line num="391" count="42" type="stmt"/>
        <line num="398" count="42" type="stmt"/>
        <line num="399" count="42" type="cond" truecount="2" falsecount="0"/>
        <line num="400" count="42" type="cond" truecount="4" falsecount="0"/>
        <line num="402" count="42" type="stmt"/>
        <line num="426" count="32" type="cond" truecount="1" falsecount="0"/>
        <line num="428" count="1" type="stmt"/>
        <line num="429" count="1" type="stmt"/>
        <line num="430" count="1" type="stmt"/>
        <line num="431" count="1" type="stmt"/>
        <line num="432" count="1" type="stmt"/>
        <line num="433" count="1" type="stmt"/>
        <line num="434" count="1" type="cond" truecount="2" falsecount="0"/>
        <line num="436" count="31" type="cond" truecount="2" falsecount="0"/>
        <line num="443" count="3" type="stmt"/>
        <line num="448" count="43" type="stmt"/>
        <line num="449" count="43" type="stmt"/>
        <line num="451" count="42" type="stmt"/>
        <line num="453" count="43" type="stmt"/>
        <line num="455" count="43" type="stmt"/>
        <line num="456" count="42" type="cond" truecount="2" falsecount="0"/>
        <line num="457" count="10" type="stmt"/>
        <line num="458" count="10" type="cond" truecount="0" falsecount="1"/>
        <line num="460" count="0" type="cond" truecount="0" falsecount="1"/>
        <line num="461" count="0" type="stmt"/>
        <line num="463" count="0" type="stmt"/>
        <line num="466" count="10" type="stmt"/>
        <line num="467" count="10" type="stmt"/>
        <line num="468" count="10" type="stmt"/>
        <line num="469" count="33" type="stmt"/>
        <line num="470" count="33" type="stmt"/>
        <line num="473" count="32" type="cond" truecount="1" falsecount="0"/>
        <line num="474" count="31" type="stmt"/>
        <line num="479" count="43" type="stmt"/>
        <line num="488" count="64" type="stmt"/>
        <line num="510" count="3" type="stmt"/>
        <line num="530" count="3" type="stmt"/>
        <line num="531" count="8" type="stmt"/>
        <line num="532" count="8" type="stmt"/>
        <line num="534" count="8" type="stmt"/>
        <line num="535" count="48" type="stmt"/>
        <line num="536" count="48" type="stmt"/>
        <line num="537" count="48" type="cond" truecount="1" falsecount="0"/>
        <line num="538" count="8" type="stmt"/>
        <line num="539" count="8" type="cond" truecount="1" falsecount="0"/>
        <line num="540" count="7" type="stmt"/>
        <line num="541" count="7" type="stmt"/>
        <line num="543" count="8" type="cond" truecount="3" falsecount="0"/>
        <line num="544" count="4" type="stmt"/>
        <line num="548" count="8" type="stmt"/>
      </file>
      <file name="note-generator.ts" path="/Users/mysterx/dev/obsidian-calendar-bridge/src/note-generator.ts">
        <metrics statements="180" coveredstatements="174" conditionals="225" coveredconditionals="189" methods="27" coveredmethods="26"/>
        <line num="41" count="3" type="stmt"/>
        <line num="43" count="3" type="stmt"/>
        <line num="45" count="3" type="stmt"/>
        <line num="46" count="3" type="stmt"/>
        <line num="47" count="3" type="stmt"/>
        <line num="48" count="3" type="stmt"/>
        <line num="49" count="3" type="stmt"/>
        <line num="50" count="3" type="stmt"/>
        <line num="54" count="3" type="stmt"/>
        <line num="93" count="3" type="stmt"/>
        <line num="94" count="1485" type="stmt"/>
        <line num="95" count="297" type="stmt"/>
        <line num="108" count="3" type="stmt"/>
        <line num="109" count="63" type="stmt"/>
        <line num="110" count="63" type="cond" truecount="1" falsecount="0"/>
        <line num="111" count="62" type="cond" truecount="1" falsecount="0"/>
        <line num="112" count="40" type="stmt"/>
        <line num="113" count="40" type="stmt"/>
        <line num="114" count="40" type="cond" truecount="2" falsecount="0"/>
        <line num="123" count="3" type="stmt"/>
        <line num="124" count="111" type="stmt"/>
        <line num="135" count="3" type="stmt"/>
        <line num="136" count="42" type="stmt"/>
        <line num="152" count="3" type="stmt"/>
        <line num="157" count="67" type="stmt"/>
        <line num="158" count="67" type="cond" truecount="6" falsecount="2"/>
        <line num="159" count="67" type="stmt"/>
        <line num="160" count="67" type="stmt"/>
        <line num="163" count="67" type="cond" truecount="3" falsecount="0"/>
        <line num="164" count="67" type="stmt"/>
        <line num="168" count="0" type="cond" truecount="0" falsecount="4"/>
        <line num="169" count="0" type="stmt"/>
        <line num="170" count="0" type="cond" truecount="0" falsecount="2"/>
        <line num="171" count="0" type="stmt"/>
        <line num="172" count="0" type="stmt"/>
        <line num="179" count="3" type="stmt"/>
        <line num="180" count="3" type="cond" truecount="8" falsecount="0"/>
        <line num="181" count="3" type="stmt"/>
        <line num="189" count="3" type="stmt"/>
        <line num="194" count="57" type="cond" truecount="8" falsecount="0"/>
        <line num="195" count="57" type="stmt"/>
        <line num="196" count="57" type="cond" truecount="7" falsecount="1"/>
        <line num="198" count="57" type="stmt"/>
        <line num="205" count="57" type="cond" truecount="1" falsecount="0"/>
        <line num="206" count="57" type="stmt"/>
        <line num="207" count="57" type="stmt"/>
        <line num="208" count="57" type="stmt"/>
        <line num="209" count="57" type="stmt"/>
        <line num="211" count="57" type="cond" truecount="1" falsecount="0"/>
        <line num="212" count="25" type="stmt"/>
        <line num="213" count="25" type="stmt"/>
        <line num="216" count="57" type="stmt"/>
        <line num="217" count="57" type="stmt"/>
        <line num="219" count="57" type="cond" truecount="1" falsecount="0"/>
        <line num="220" count="56" type="cond" truecount="3" falsecount="0"/>
        <line num="221" count="1" type="stmt"/>
        <line num="222" count="1" type="stmt"/>
        <line num="223" count="1" type="cond" truecount="1" falsecount="1"/>
        <line num="224" count="1" type="stmt"/>
        <line num="227" count="56" type="cond" truecount="1" falsecount="0"/>
        <line num="228" count="56" type="cond" truecount="0" falsecount="1"/>
        <line num="229" count="56" type="cond" truecount="0" falsecount="1"/>
        <line num="230" count="56" type="cond" truecount="0" falsecount="1"/>
        <line num="233" count="57" type="cond" truecount="1" falsecount="0"/>
        <line num="234" count="57" type="stmt"/>
        <line num="237" count="57" type="stmt"/>
        <line num="241" count="57" type="stmt"/>
        <line num="242" count="57" type="cond" truecount="1" falsecount="0"/>
        <line num="243" count="25" type="cond" truecount="8" falsecount="0"/>
        <line num="244" count="25" type="stmt"/>
        <line num="246" count="57" type="cond" truecount="5" falsecount="0"/>
        <line num="247" count="57" type="stmt"/>
        <line num="251" count="105" type="cond" truecount="3" falsecount="0"/>
        <line num="252" count="1" type="stmt"/>
        <line num="254" count="104" type="stmt"/>
        <line num="260" count="3" type="stmt"/>
        <line num="264" count="59" type="cond" truecount="5" falsecount="0"/>
        <line num="265" count="1" type="stmt"/>
        <line num="267" count="58" type="cond" truecount="1" falsecount="0"/>
        <line num="268" count="26" type="stmt"/>
        <line num="270" count="32" type="stmt"/>
        <line num="274" count="3" type="stmt"/>
        <line num="279" count="61" type="cond" truecount="1" falsecount="0"/>
        <line num="280" count="1" type="stmt"/>
        <line num="283" count="60" type="cond" truecount="4" falsecount="0"/>
        <line num="285" count="60" type="cond" truecount="1" falsecount="0"/>
        <line num="286" count="57" type="stmt"/>
        <line num="289" count="5" type="stmt"/>
        <line num="290" count="5" type="stmt"/>
        <line num="291" count="3" type="stmt"/>
        <line num="293" count="3" type="cond" truecount="1" falsecount="0"/>
        <line num="294" count="3" type="stmt"/>
        <line num="295" count="3" type="stmt"/>
        <line num="296" count="4" type="stmt"/>
        <line num="299" count="3" type="cond" truecount="1" falsecount="0"/>
        <line num="300" count="1" type="stmt"/>
        <line num="301" count="1" type="stmt"/>
        <line num="302" count="1" type="stmt"/>
        <line num="305" count="3" type="stmt"/>
        <line num="312" count="60" type="stmt"/>
        <line num="313" count="60" type="cond" truecount="9" falsecount="0"/>
        <line num="314" count="2" type="stmt"/>
        <line num="316" count="60" type="cond" truecount="9" falsecount="0"/>
        <line num="317" count="1" type="stmt"/>
        <line num="318" count="1" type="cond" truecount="1" falsecount="0"/>
        <line num="319" count="1" type="stmt"/>
        <line num="323" count="60" type="stmt"/>
        <line num="327" count="5" type="cond" truecount="1" falsecount="1"/>
        <line num="328" count="5" type="cond" truecount="2" falsecount="2"/>
        <line num="331" count="5" type="stmt"/>
        <line num="335" count="3" type="stmt"/>
        <line num="342" count="62" type="stmt"/>
        <line num="343" count="62" type="stmt"/>
        <line num="345" count="62" type="cond" truecount="1" falsecount="0"/>
        <line num="346" count="1" type="stmt"/>
        <line num="347" count="1" type="stmt"/>
        <line num="350" count="62" type="cond" truecount="1" falsecount="0"/>
        <line num="351" count="26" type="cond" truecount="6" falsecount="2"/>
        <line num="352" count="26" type="stmt"/>
        <line num="353" count="26" type="stmt"/>
        <line num="356" count="62" type="cond" truecount="1" falsecount="0"/>
        <line num="357" count="2" type="cond" truecount="6" falsecount="2"/>
        <line num="358" count="2" type="stmt"/>
        <line num="361" count="62" type="cond" truecount="1" falsecount="0"/>
        <line num="362" count="2" type="cond" truecount="6" falsecount="2"/>
        <line num="363" count="2" type="stmt"/>
        <line num="366" count="62" type="stmt"/>
        <line num="384" count="3" type="stmt"/>
        <line num="388" count="50" type="stmt"/>
        <line num="390" count="50" type="cond" truecount="6" falsecount="2"/>
        <line num="391" count="50" type="cond" truecount="3" falsecount="1"/>
        <line num="392" count="50" type="cond" truecount="3" falsecount="1"/>
        <line num="394" count="50" type="cond" truecount="2" falsecount="0"/>
        <line num="397" count="50" type="cond" truecount="2" falsecount="0"/>
        <line num="400" count="50" type="cond" truecount="2" falsecount="0"/>
        <line num="404" count="50" type="cond" truecount="8" falsecount="0"/>
        <line num="405" count="50" type="stmt"/>
        <line num="406" count="50" type="stmt"/>
        <line num="407" count="50" type="stmt"/>
        <line num="414" count="50" type="stmt"/>
        <line num="416" count="50" type="cond" truecount="4" falsecount="0"/>
        <line num="417" count="0" type="cond" truecount="0" falsecount="2"/>
        <line num="420" count="50" type="stmt"/>
        <line num="445" count="54" type="stmt"/>
        <line num="456" count="30" type="stmt"/>
        <line num="457" count="30" type="stmt"/>
        <line num="458" count="30" type="stmt"/>
        <line num="459" count="30" type="stmt"/>
        <line num="461" count="30" type="cond" truecount="1" falsecount="0"/>
        <line num="462" count="24" type="stmt"/>
        <line num="464" count="6" type="stmt"/>
        <line num="472" count="3" type="stmt"/>
        <line num="476" count="10" type="stmt"/>
        <line num="477" count="10" type="stmt"/>
        <line num="482" count="30" type="stmt"/>
        <line num="483" count="30" type="cond" truecount="2" falsecount="0"/>
        <line num="484" count="24" type="stmt"/>
        <line num="486" count="6" type="stmt"/>
        <line num="487" count="6" type="stmt"/>
        <line num="488" count="6" type="stmt"/>
        <line num="491" count="10" type="stmt"/>
        <line num="496" count="3" type="stmt"/>
        <line num="503" count="3" type="stmt"/>
        <line num="504" count="7" type="stmt"/>
        <line num="505" count="7" type="cond" truecount="1" falsecount="0"/>
        <line num="506" count="6" type="stmt"/>
        <line num="507" count="6" type="cond" truecount="1" falsecount="0"/>
        <line num="508" count="5" type="stmt"/>
        <line num="510" count="1" type="stmt"/>
        <line num="519" count="3" type="stmt"/>
        <line num="525" count="11" type="cond" truecount="3" falsecount="1"/>
        <line num="526" count="11" type="cond" truecount="3" falsecount="1"/>
        <line num="528" count="11" type="stmt"/>
        <line num="529" count="11" type="cond" truecount="2" falsecount="0"/>
        <line num="530" count="11" type="cond" truecount="2" falsecount="0"/>
        <line num="531" count="11" type="cond" truecount="2" falsecount="0"/>
        <line num="533" count="11" type="stmt"/>
        <line num="534" count="22" type="cond" truecount="2" falsecount="0"/>
        <line num="537" count="11" type="cond" truecount="2" falsecount="0"/>
        <line num="539" count="11" type="stmt"/>
      </file>
      <file name="series-manager.ts" path="/Users/mysterx/dev/obsidian-calendar-bridge/src/series-manager.ts">
        <metrics statements="96" coveredstatements="95" conditionals="65" coveredconditionals="56" methods="23" coveredmethods="23"/>
        <line num="13" count="2" type="stmt"/>
        <line num="48" count="2" type="stmt"/>
        <line num="49" count="39" type="cond" truecount="8" falsecount="0"/>
        <line num="50" count="39" type="stmt"/>
        <line num="57" count="2" type="stmt"/>
        <line num="58" count="3" type="cond" truecount="8" falsecount="0"/>
        <line num="59" count="3" type="stmt"/>
        <line num="69" count="2" type="stmt"/>
        <line num="70" count="36" type="stmt"/>
        <line num="72" count="36" type="stmt"/>
        <line num="73" count="52" type="cond" truecount="1" falsecount="0"/>
        <line num="75" count="28" type="stmt"/>
        <line num="76" count="28" type="cond" truecount="2" falsecount="0"/>
        <line num="77" count="16" type="stmt"/>
        <line num="78" count="23" type="stmt"/>
        <line num="80" count="12" type="stmt"/>
        <line num="89" count="36" type="stmt"/>
        <line num="98" count="2" type="stmt"/>
        <line num="101" count="5" type="stmt"/>
        <line num="103" count="5" type="stmt"/>
        <line num="104" count="7" type="cond" truecount="1" falsecount="0"/>
        <line num="106" count="6" type="stmt"/>
        <line num="107" count="6" type="cond" truecount="2" falsecount="0"/>
        <line num="108" count="2" type="stmt"/>
        <line num="109" count="2" type="stmt"/>
        <line num="111" count="4" type="stmt"/>
        <line num="120" count="5" type="stmt"/>
        <line num="138" count="2" type="stmt"/>
        <line num="143" count="5" type="stmt"/>
        <line num="144" count="10" type="stmt"/>
        <line num="146" count="10" type="stmt"/>
        <line num="147" count="5" type="cond" truecount="1" falsecount="0"/>
        <line num="149" count="4" type="cond" truecount="2" falsecount="0"/>
        <line num="150" count="4" type="cond" truecount="2" falsecount="0"/>
        <line num="152" count="4" type="stmt"/>
        <line num="166" count="2" type="stmt"/>
        <line num="171" count="15" type="stmt"/>
        <line num="172" count="28" type="stmt"/>
        <line num="173" count="28" type="cond" truecount="6" falsecount="2"/>
        <line num="174" count="28" type="stmt"/>
        <line num="177" count="28" type="stmt"/>
        <line num="178" count="28" type="stmt"/>
        <line num="180" count="15" type="stmt"/>
        <line num="182" count="15" type="cond" truecount="1" falsecount="0"/>
        <line num="183" count="13" type="stmt"/>
        <line num="186" count="15" type="cond" truecount="1" falsecount="0"/>
        <line num="188" count="1" type="stmt"/>
        <line num="193" count="15" type="stmt"/>
        <line num="200" count="2" type="stmt"/>
        <line num="205" count="11" type="stmt"/>
        <line num="206" count="11" type="stmt"/>
        <line num="207" count="11" type="cond" truecount="6" falsecount="2"/>
        <line num="208" count="11" type="cond" truecount="2" falsecount="0"/>
        <line num="209" count="11" type="stmt"/>
        <line num="212" count="11" type="stmt"/>
        <line num="213" count="1" type="stmt"/>
        <line num="216" count="11" type="stmt"/>
        <line num="217" count="11" type="stmt"/>
        <line num="219" count="11" type="stmt"/>
        <line num="221" count="11" type="cond" truecount="1" falsecount="0"/>
        <line num="222" count="9" type="stmt"/>
        <line num="223" count="9" type="stmt"/>
        <line num="224" count="9" type="stmt"/>
        <line num="227" count="11" type="cond" truecount="1" falsecount="0"/>
        <line num="229" count="1" type="stmt"/>
        <line num="230" count="1" type="stmt"/>
        <line num="231" count="1" type="stmt"/>
        <line num="234" count="11" type="stmt"/>
        <line num="238" count="10" type="stmt"/>
        <line num="239" count="10" type="stmt"/>
        <line num="240" count="11" type="stmt"/>
        <line num="241" count="11" type="stmt"/>
        <line num="242" count="11" type="cond" truecount="1" falsecount="1"/>
        <line num="243" count="0" type="stmt"/>
        <line num="245" count="11" type="stmt"/>
        <line num="248" count="10" type="stmt"/>
        <line num="255" count="10" type="stmt"/>
        <line num="256" count="10" type="stmt"/>
        <line num="258" count="11" type="stmt"/>
        <line num="259" count="11" type="stmt"/>
        <line num="263" count="11" type="stmt"/>
        <line num="264" count="11" type="stmt"/>
        <line num="265" count="11" type="stmt"/>
        <line num="266" count="11" type="stmt"/>
        <line num="268" count="11" type="stmt"/>
        <line num="270" count="10" type="stmt"/>
        <line num="276" count="2" type="stmt"/>
        <line num="277" count="19" type="stmt"/>
        <line num="283" count="2" type="stmt"/>
        <line num="288" count="10" type="stmt"/>
        <line num="289" count="10" type="stmt"/>
        <line num="305" count="2" type="stmt"/>
        <line num="311" count="6" type="stmt"/>
        <line num="312" count="6" type="stmt"/>
        <line num="314" count="6" type="stmt"/>
        <line num="322" count="6" type="stmt"/>
      </file>
      <file name="sync-manager.ts" path="/Users/mysterx/dev/obsidian-calendar-bridge/src/sync-manager.ts">
        <metrics statements="124" coveredstatements="111" conditionals="145" coveredconditionals="112" methods="7" coveredmethods="6"/>
        <line num="15" count="1" type="stmt"/>
        <line num="17" count="1" type="stmt"/>
        <line num="18" count="1" type="stmt"/>
        <line num="29" count="1" type="stmt"/>
        <line num="75" count="0" type="stmt"/>
        <line num="76" count="0" type="stmt"/>
        <line num="84" count="37" type="stmt"/>
        <line num="85" count="37" type="stmt"/>
        <line num="86" count="37" type="stmt"/>
        <line num="87" count="45" type="cond" truecount="2" falsecount="0"/>
        <line num="88" count="45" type="cond" truecount="1" falsecount="0"/>
        <line num="89" count="33" type="stmt"/>
        <line num="90" count="33" type="stmt"/>
        <line num="108" count="1" type="stmt"/>
        <line num="125" count="37" type="stmt"/>
        <line num="126" count="37" type="cond" truecount="4" falsecount="0"/>
        <line num="129" count="37" type="cond" truecount="6" falsecount="2"/>
        <line num="130" count="37" type="cond" truecount="6" falsecount="2"/>
        <line num="131" count="37" type="cond" truecount="6" falsecount="2"/>
        <line num="134" count="37" type="cond" truecount="3" falsecount="1"/>
        <line num="135" count="37" type="cond" truecount="3" falsecount="1"/>
        <line num="138" count="37" type="cond" truecount="2" falsecount="0"/>
        <line num="139" count="38" type="stmt"/>
        <line num="143" count="37" type="stmt"/>
        <line num="144" count="37" type="stmt"/>
        <line num="145" count="37" type="stmt"/>
        <line num="146" count="37" type="stmt"/>
        <line num="149" count="37" type="stmt"/>
        <line num="151" count="37" type="cond" truecount="4" falsecount="0"/>
        <line num="152" count="37" type="stmt"/>
        <line num="153" count="38" type="cond" truecount="1" falsecount="0"/>
        <line num="154" count="37" type="cond" truecount="6" falsecount="2"/>
        <line num="157" count="37" type="cond" truecount="0" falsecount="1"/>
        <line num="159" count="37" type="stmt"/>
        <line num="160" count="37" type="stmt"/>
        <line num="161" count="35" type="stmt"/>
        <line num="162" count="35" type="stmt"/>
        <line num="163" count="48" type="stmt"/>
        <line num="185" count="48" type="stmt"/>
        <line num="188" count="2" type="stmt"/>
        <line num="195" count="37" type="cond" truecount="4" falsecount="0"/>
        <line num="200" count="37" type="stmt"/>
        <line num="201" count="37" type="stmt"/>
        <line num="203" count="48" type="cond" truecount="3" falsecount="0"/>
        <line num="204" count="1" type="stmt"/>
        <line num="205" count="1" type="stmt"/>
        <line num="208" count="47" type="cond" truecount="3" falsecount="0"/>
        <line num="209" count="7" type="stmt"/>
        <line num="210" count="7" type="cond" truecount="1" falsecount="0"/>
        <line num="212" count="2" type="stmt"/>
        <line num="213" count="2" type="stmt"/>
        <line num="214" count="2" type="stmt"/>
        <line num="216" count="5" type="cond" truecount="1" falsecount="0"/>
        <line num="217" count="1" type="stmt"/>
        <line num="218" count="1" type="stmt"/>
        <line num="221" count="44" type="stmt"/>
        <line num="224" count="37" type="cond" truecount="3" falsecount="0"/>
        <line num="225" count="7" type="stmt"/>
        <line num="226" count="7" type="stmt"/>
        <line num="230" count="30" type="stmt"/>
        <line num="233" count="30" type="stmt"/>
        <line num="234" count="30" type="cond" truecount="0" falsecount="1"/>
        <line num="235" count="0" type="stmt"/>
        <line num="236" count="0" type="cond" truecount="0" falsecount="1"/>
        <line num="237" count="0" type="stmt"/>
        <line num="238" count="0" type="stmt"/>
        <line num="247" count="44" type="stmt"/>
        <line num="262" count="30" type="stmt"/>
        <line num="264" count="30" type="cond" truecount="1" falsecount="0"/>
        <line num="265" count="7" type="stmt"/>
        <line num="269" count="30" type="stmt"/>
        <line num="270" count="30" type="stmt"/>
        <line num="271" count="7" type="stmt"/>
        <line num="272" count="7" type="cond" truecount="6" falsecount="2"/>
        <line num="273" count="7" type="stmt"/>
        <line num="279" count="30" type="stmt"/>
        <line num="280" count="30" type="stmt"/>
        <line num="287" count="30" type="cond" truecount="4" falsecount="0"/>
        <line num="289" count="30" type="cond" truecount="4" falsecount="0"/>
        <line num="290" count="30" type="stmt"/>
        <line num="291" count="44" type="stmt"/>
        <line num="292" count="44" type="cond" truecount="2" falsecount="0"/>
        <line num="294" count="21" type="stmt"/>
        <line num="295" count="21" type="cond" truecount="6" falsecount="2"/>
        <line num="300" count="44" type="stmt"/>
        <line num="306" count="44" type="stmt"/>
        <line num="307" count="44" type="stmt"/>
        <line num="308" count="44" type="cond" truecount="2" falsecount="0"/>
        <line num="309" count="6" type="stmt"/>
        <line num="312" count="6" type="stmt"/>
        <line num="315" count="6" type="cond" truecount="1" falsecount="1"/>
        <line num="316" count="6" type="stmt"/>
        <line num="317" count="6" type="stmt"/>
        <line num="318" count="6" type="stmt"/>
        <line num="319" count="6" type="stmt"/>
        <line num="325" count="0" type="stmt"/>
        <line num="328" count="6" type="cond" truecount="1" falsecount="1"/>
        <line num="329" count="0" type="stmt"/>
        <line num="330" count="0" type="stmt"/>
        <line num="332" count="6" type="stmt"/>
        <line num="335" count="38" type="stmt"/>
        <line num="336" count="38" type="stmt"/>
        <line num="339" count="0" type="stmt"/>
        <line num="346" count="30" type="stmt"/>
        <line num="347" count="7" type="stmt"/>
        <line num="348" count="21" type="stmt"/>
        <line num="350" count="7" type="stmt"/>
        <line num="351" count="7" type="stmt"/>
        <line num="352" count="7" type="cond" truecount="2" falsecount="0"/>
        <line num="353" count="1" type="stmt"/>
        <line num="354" count="1" type="stmt"/>
        <line num="355" count="1" type="stmt"/>
        <line num="356" count="1" type="stmt"/>
        <line num="357" count="1" type="cond" truecount="1" falsecount="1"/>
        <line num="358" count="0" type="stmt"/>
        <line num="359" count="0" type="stmt"/>
        <line num="361" count="1" type="stmt"/>
        <line num="364" count="6" type="stmt"/>
        <line num="365" count="6" type="stmt"/>
        <line num="366" count="6" type="stmt"/>
        <line num="369" count="0" type="stmt"/>
        <line num="375" count="30" type="cond" truecount="4" falsecount="0"/>
        <line num="376" count="30" type="stmt"/>
        <line num="377" count="30" type="stmt"/>
      </file>
      <file name="types.ts" path="/Users/mysterx/dev/obsidian-calendar-bridge/src/types.ts">
        <metrics statements="1" coveredstatements="1" conditionals="0" coveredconditionals="0" methods="0" coveredmethods="0"/>
        <line num="214" count="2" type="stmt"/>
      </file>
    </package>
    <package name="src.sources">
      <metrics statements="164" coveredstatements="76" conditionals="122" coveredconditionals="13" methods="19" coveredmethods="9"/>
      <file name="adapter.ts" path="/Users/mysterx/dev/obsidian-calendar-bridge/src/sources/adapter.ts">
        <metrics statements="6" coveredstatements="1" conditionals="4" coveredconditionals="0" methods="1" coveredmethods="0"/>
        <line num="51" count="1" type="stmt"/>
        <line num="57" count="0" type="cond" truecount="0" falsecount="1"/>
        <line num="58" count="0" type="stmt"/>
        <line num="60" count="0" type="cond" truecount="0" falsecount="3"/>
        <line num="61" count="0" type="stmt"/>
        <line num="63" count="0" type="stmt"/>
      </file>
      <file name="gcal-source.ts" path="/Users/mysterx/dev/obsidian-calendar-bridge/src/sources/gcal-source.ts">
        <metrics statements="158" coveredstatements="75" conditionals="118" coveredconditionals="13" methods="18" coveredmethods="9"/>
        <line num="10" count="1" type="stmt"/>
        <line num="11" count="1" type="stmt"/>
        <line num="19" count="1" type="stmt"/>
        <line num="79" count="1" type="stmt"/>
        <line num="80" count="1" type="stmt"/>
        <line num="81" count="20" type="stmt"/>
        <line num="82" count="1" type="stmt"/>
        <line num="87" count="22" type="stmt"/>
        <line num="88" count="1408" type="stmt"/>
        <line num="89" count="22" type="stmt"/>
        <line num="97" count="11" type="stmt"/>
        <line num="98" count="11" type="stmt"/>
        <line num="99" count="11" type="stmt"/>
        <line num="104" count="11" type="stmt"/>
        <line num="105" count="11" type="stmt"/>
        <line num="106" count="11" type="stmt"/>
        <line num="110" count="1" type="stmt"/>
        <line num="113" count="13" type="stmt"/>
        <line num="114" count="13" type="stmt"/>
        <line num="131" count="13" type="stmt"/>
        <line num="132" count="13" type="stmt"/>
        <line num="133" count="13" type="stmt"/>
        <line num="134" count="13" type="stmt"/>
        <line num="140" count="0" type="stmt"/>
        <line num="141" count="0" type="stmt"/>
        <line num="142" count="0" type="stmt"/>
        <line num="143" count="0" type="stmt"/>
        <line num="148" count="0" type="stmt"/>
        <line num="155" count="0" type="stmt"/>
        <line num="156" count="0" type="stmt"/>
        <line num="159" count="0" type="stmt"/>
        <line num="160" count="0" type="stmt"/>
        <line num="161" count="0" type="stmt"/>
        <line num="162" count="0" type="cond" truecount="0" falsecount="1"/>
        <line num="164" count="0" type="stmt"/>
        <line num="168" count="0" type="stmt"/>
        <line num="169" count="0" type="cond" truecount="0" falsecount="4"/>
        <line num="170" count="0" type="stmt"/>
        <line num="183" count="0" type="stmt"/>
        <line num="186" count="0" type="stmt"/>
        <line num="196" count="0" type="stmt"/>
        <line num="197" count="0" type="stmt"/>
        <line num="200" count="0" type="stmt"/>
        <line num="201" count="0" type="stmt"/>
        <line num="204" count="0" type="stmt"/>
        <line num="205" count="0" type="stmt"/>
        <line num="206" count="0" type="stmt"/>
        <line num="207" count="0" type="stmt"/>
        <line num="208" count="0" type="stmt"/>
        <line num="209" count="0" type="cond" truecount="0" falsecount="1"/>
        <line num="210" count="0" type="stmt"/>
        <line num="212" count="0" type="cond" truecount="0" falsecount="1"/>
        <line num="214" count="0" type="stmt"/>
        <line num="219" count="0" type="cond" truecount="0" falsecount="1"/>
        <line num="220" count="0" type="stmt"/>
        <line num="222" count="0" type="cond" truecount="0" falsecount="1"/>
        <line num="223" count="0" type="stmt"/>
        <line num="226" count="0" type="stmt"/>
        <line num="227" count="0" type="cond" truecount="0" falsecount="4"/>
        <line num="228" count="0" type="stmt"/>
        <line num="229" count="0" type="cond" truecount="0" falsecount="1"/>
        <line num="231" count="0" type="stmt"/>
        <line num="234" count="0" type="stmt"/>
        <line num="243" count="11" type="stmt"/>
        <line num="244" count="11" type="stmt"/>
        <line num="245" count="11" type="stmt"/>
        <line num="247" count="11" type="stmt"/>
        <line num="248" count="11" type="stmt"/>
        <line num="249" count="11" type="stmt"/>
        <line num="250" count="11" type="stmt"/>
        <line num="251" count="11" type="stmt"/>
        <line num="252" count="11" type="stmt"/>
        <line num="253" count="11" type="stmt"/>
        <line num="254" count="11" type="stmt"/>
        <line num="255" count="11" type="stmt"/>
        <line num="256" count="11" type="stmt"/>
        <line num="257" count="11" type="stmt"/>
        <line num="258" count="11" type="stmt"/>
        <line num="265" count="11" type="cond" truecount="1" falsecount="0"/>
        <line num="266" count="2" type="stmt"/>
        <line num="268" count="9" type="stmt"/>
        <line num="269" count="9" type="stmt"/>
        <line num="271" count="9" type="stmt"/>
        <line num="280" count="9" type="cond" truecount="0" falsecount="1"/>
        <line num="281" count="0" type="stmt"/>
        <line num="284" count="9" type="stmt"/>
        <line num="285" count="9" type="stmt"/>
        <line num="286" count="9" type="stmt"/>
        <line num="287" count="9" type="stmt"/>
        <line num="289" count="9" type="stmt"/>
        <line num="290" count="9" type="stmt"/>
        <line num="298" count="0" type="stmt"/>
        <line num="300" count="9" type="cond" truecount="1" falsecount="0"/>
        <line num="301" count="3" type="stmt"/>
        <line num="305" count="3" type="stmt"/>
        <line num="306" count="3" type="stmt"/>
        <line num="307" count="3" type="cond" truecount="1" falsecount="0"/>
        <line num="311" count="2" type="stmt"/>
        <line num="317" count="1" type="stmt"/>
        <line num="320" count="6" type="stmt"/>
        <line num="321" count="6" type="stmt"/>
        <line num="322" count="6" type="cond" truecount="1" falsecount="0"/>
        <line num="323" count="5" type="stmt"/>
        <line num="325" count="6" type="stmt"/>
        <line num="326" count="6" type="stmt"/>
        <line num="333" count="0" type="cond" truecount="0" falsecount="1"/>
        <line num="334" count="0" type="stmt"/>
        <line num="335" count="0" type="stmt"/>
        <line num="343" count="0" type="stmt"/>
        <line num="344" count="0" type="stmt"/>
        <line num="345" count="0" type="stmt"/>
        <line num="346" count="0" type="stmt"/>
        <line num="352" count="1" type="cond" truecount="0" falsecount="1"/>
        <line num="353" count="0" type="stmt"/>
        <line num="358" count="1" type="cond" truecount="1" falsecount="1"/>
        <line num="362" count="1" type="cond" truecount="3" falsecount="0"/>
        <line num="363" count="1" type="stmt"/>
        <line num="368" count="1" type="stmt"/>
        <line num="374" count="1" type="cond" truecount="0" falsecount="1"/>
        <line num="375" count="0" type="stmt"/>
        <line num="378" count="1" type="stmt"/>
        <line num="385" count="1" type="cond" truecount="0" falsecount="1"/>
        <line num="386" count="0" type="stmt"/>
        <line num="387" count="0" type="stmt"/>
        <line num="388" count="0" type="stmt"/>
        <line num="389" count="0" type="stmt"/>
        <line num="392" count="1" type="stmt"/>
        <line num="393" count="1" type="stmt"/>
        <line num="394" count="1" type="stmt"/>
        <line num="395" count="1" type="stmt"/>
        <line num="399" count="0" type="cond" truecount="0" falsecount="2"/>
        <line num="400" count="0" type="cond" truecount="0" falsecount="8"/>
        <line num="401" count="0" type="cond" truecount="0" falsecount="8"/>
        <line num="403" count="0" type="cond" truecount="0" falsecount="1"/>
        <line num="405" count="0" type="stmt"/>
        <line num="406" count="0" type="cond" truecount="0" falsecount="2"/>
        <line num="408" count="0" type="stmt"/>
        <line num="409" count="0" type="cond" truecount="0" falsecount="4"/>
        <line num="410" count="0" type="stmt"/>
        <line num="411" count="0" type="stmt"/>
        <line num="412" count="0" type="stmt"/>
        <line num="413" count="0" type="stmt"/>
        <line num="417" count="0" type="stmt"/>
        <line num="418" count="0" type="cond" truecount="0" falsecount="4"/>
        <line num="419" count="0" type="stmt"/>
        <line num="428" count="0" type="cond" truecount="0" falsecount="5"/>
        <line num="429" count="0" type="stmt"/>
        <line num="430" count="0" type="stmt"/>
        <line num="432" count="0" type="cond" truecount="0" falsecount="8"/>
        <line num="436" count="0" type="stmt"/>
        <line num="437" count="0" type="cond" truecount="0" falsecount="2"/>
        <line num="439" count="0" type="stmt"/>
        <line num="441" count="0" type="cond" truecount="0" falsecount="4"/>
        <line num="444" count="0" type="cond" truecount="0" falsecount="4"/>
        <line num="445" count="0" type="stmt"/>
        <line num="446" count="0" type="stmt"/>
        <line num="454" count="0" type="cond" truecount="0" falsecount="6"/>
        <line num="458" count="0" type="stmt"/>
      </file>
    </package>
    <package name="src.state">
      <metrics statements="39" coveredstatements="39" conditionals="45" coveredconditionals="43" methods="20" coveredmethods="20"/>
      <file name="state-manager.ts" path="/Users/mysterx/dev/obsidian-calendar-bridge/src/state/state-manager.ts">
        <metrics statements="39" coveredstatements="39" conditionals="45" coveredconditionals="43" methods="20" coveredmethods="20"/>
        <line num="15" count="1" type="stmt"/>
        <line num="23" count="29" type="cond" truecount="3" falsecount="1"/>
        <line num="24" count="29" type="cond" truecount="3" falsecount="1"/>
        <line num="25" count="29" type="stmt"/>
        <line num="31" count="4" type="stmt"/>
        <line num="35" count="7" type="stmt"/>
        <line num="39" count="5" type="cond" truecount="8" falsecount="0"/>
        <line num="43" count="3" type="stmt"/>
        <line num="44" count="3" type="stmt"/>
        <line num="48" count="9" type="stmt"/>
        <line num="49" count="9" type="cond" truecount="2" falsecount="0"/>
        <line num="50" count="1" type="stmt"/>
        <line num="52" count="8" type="stmt"/>
        <line num="58" count="9" type="stmt"/>
        <line num="62" count="3" type="stmt"/>
        <line num="63" count="3" type="cond" truecount="1" falsecount="0"/>
        <line num="64" count="2" type="stmt"/>
        <line num="65" count="2" type="stmt"/>
        <line num="71" count="3" type="stmt"/>
        <line num="72" count="5" type="stmt"/>
        <line num="73" count="4" type="stmt"/>
        <line num="79" count="4" type="stmt"/>
        <line num="83" count="1" type="stmt"/>
        <line num="84" count="1" type="stmt"/>
        <line num="92" count="2" type="stmt"/>
        <line num="97" count="2" type="stmt"/>
        <line num="102" count="5" type="stmt"/>
        <line num="103" count="5" type="stmt"/>
        <line num="111" count="6" type="stmt"/>
        <line num="119" count="2" type="stmt"/>
        <line num="120" count="2" type="stmt"/>
        <line num="126" count="24" type="stmt"/>
        <line num="137" count="1" type="stmt"/>
        <line num="138" count="29" type="stmt"/>
        <line num="141" count="1" type="stmt"/>
        <line num="142" count="34" type="stmt"/>
        <line num="149" count="1" type="stmt"/>
        <line num="150" count="33" type="cond" truecount="4" falsecount="0"/>
        <line num="151" count="33" type="stmt"/>
      </file>
    </package>
  </project>
</coverage>
