{"/Users/mysterx/dev/obsidian-calendar-bridge/src/gcal-credentials.ts": {"path":"/Users/mysterx/dev/obsidian-calendar-bridge/src/gcal-credentials.ts","statementMap":{"0":{"start":{"line":35,"column":0},"end":{"line":35,"column":16}},"1":{"start":{"line":86,"column":0},"end":{"line":86,"column":16}},"2":{"start":{"line":37,"column":1},"end":{"line":41,"column":2}},"3":{"start":{"line":38,"column":2},"end":{"line":38,"column":49}},"4":{"start":{"line":40,"column":2},"end":{"line":40,"column":74}},"5":{"start":{"line":43,"column":1},"end":{"line":45,"column":2}},"6":{"start":{"line":44,"column":2},"end":{"line":44,"column":72}},"7":{"start":{"line":49,"column":2},"end":{"line":53,"column":10}},"8":{"start":{"line":55,"column":1},"end":{"line":60,"column":2}},"9":{"start":{"line":56,"column":2},"end":{"line":59,"column":4}},"10":{"start":{"line":62,"column":15},"end":{"line":62,"column":45}},"11":{"start":{"line":64,"column":1},"end":{"line":66,"column":2}},"12":{"start":{"line":65,"column":2},"end":{"line":65,"column":76}},"13":{"start":{"line":68,"column":18},"end":{"line":68,"column":33}},"14":{"start":{"line":70,"column":1},"end":{"line":75,"column":2}},"15":{"start":{"line":71,"column":2},"end":{"line":74,"column":4}},"16":{"start":{"line":78,"column":2},"end":{"line":80,"column":14}},"17":{"start":{"line":82,"column":1},"end":{"line":82,"column":41}},"18":{"start":{"line":87,"column":1},"end":{"line":87,"column":41}},"19":{"start":{"line":87,"column":28},"end":{"line":87,"column":41}},"20":{"start":{"line":88,"column":1},"end":{"line":88,"column":58}}},"fnMap":{"0":{"name":"parseGoogleCredentialsJson","decl":{"start":{"line":35,"column":16},"end":{"line":35,"column":42}},"loc":{"start":{"line":35,"column":54},"end":{"line":83,"column":1}}},"1":{"name":"maskClientId","decl":{"start":{"line":86,"column":16},"end":{"line":86,"column":28}},"loc":{"start":{"line":86,"column":45},"end":{"line":89,"column":1}}}},"branchMap":{"0":{"loc":{"start":{"line":43,"column":1},"end":{"line":45,"column":2}},"type":"if","locations":[{"start":{"line":43,"column":1},"end":{"line":45,"column":2}}]},"1":{"loc":{"start":{"line":43,"column":5},"end":{"line":43,"column":75}},"type":"binary-expr","locations":[{"start":{"line":43,"column":5},"end":{"line":43,"column":31}},{"start":{"line":43,"column":35},"end":{"line":43,"column":50}},{"start":{"line":43,"column":54},"end":{"line":43,"column":75}}]},"2":{"loc":{"start":{"line":49,"column":2},"end":{"line":53,"column":10}},"type":"cond-expr","locations":[{"start":{"line":50,"column":5},"end":{"line":50,"column":16}},{"start":{"line":51,"column":5},"end":{"line":53,"column":10}}]},"3":{"loc":{"start":{"line":49,"column":2},"end":{"line":49,"column":51}},"type":"binary-expr","locations":[{"start":{"line":49,"column":2},"end":{"line":49,"column":23}},{"start":{"line":49,"column":27},"end":{"line":49,"column":51}}]},"4":{"loc":{"start":{"line":51,"column":5},"end":{"line":53,"column":10}},"type":"cond-expr","locations":[{"start":{"line":52,"column":6},"end":{"line":52,"column":11}},{"start":{"line":53,"column":6},"end":{"line":53,"column":10}}]},"5":{"loc":{"start":{"line":51,"column":5},"end":{"line":51,"column":42}},"type":"binary-expr","locations":[{"start":{"line":51,"column":5},"end":{"line":51,"column":20}},{"start":{"line":51,"column":24},"end":{"line":51,"column":42}}]},"6":{"loc":{"start":{"line":55,"column":1},"end":{"line":60,"column":2}},"type":"if","locations":[{"start":{"line":55,"column":1},"end":{"line":60,"column":2}}]},"7":{"loc":{"start":{"line":64,"column":1},"end":{"line":66,"column":2}},"type":"if","locations":[{"start":{"line":64,"column":1},"end":{"line":66,"column":2}}]},"8":{"loc":{"start":{"line":64,"column":5},"end":{"line":64,"column":60}},"type":"binary-expr","locations":[{"start":{"line":64,"column":5},"end":{"line":64,"column":40}},{"start":{"line":64,"column":44},"end":{"line":64,"column":60}}]},"9":{"loc":{"start":{"line":70,"column":1},"end":{"line":75,"column":2}},"type":"if","locations":[{"start":{"line":70,"column":1},"end":{"line":75,"column":2}}]},"10":{"loc":{"start":{"line":78,"column":2},"end":{"line":80,"column":14}},"type":"cond-expr","locations":[{"start":{"line":79,"column":5},"end":{"line":79,"column":24}},{"start":{"line":80,"column":5},"end":{"line":80,"column":14}}]},"11":{"loc":{"start":{"line":78,"column":2},"end":{"line":78,"column":64}},"type":"binary-expr","locations":[{"start":{"line":78,"column":2},"end":{"line":78,"column":41}},{"start":{"line":78,"column":45},"end":{"line":78,"column":64}}]},"12":{"loc":{"start":{"line":87,"column":1},"end":{"line":87,"column":41}},"type":"if","locations":[{"start":{"line":87,"column":1},"end":{"line":87,"column":41}}]}},"s":{"0":1,"1":1,"2":18,"3":18,"4":1,"5":17,"6":3,"7":14,"8":14,"9":3,"10":11,"11":11,"12":3,"13":8,"14":8,"15":2,"16":6,"17":6,"18":8,"19":2,"20":6},"f":{"0":18,"1":8},"b":{"0":[3],"1":[17,16,15],"2":[9,5],"3":[14,10],"4":[2,3],"5":[5,3],"6":[3],"7":[3],"8":[11,9],"9":[2],"10":[3,3],"11":[6,4],"12":[2]}}
,"/Users/mysterx/dev/obsidian-calendar-bridge/src/ics-parser.ts": {"path":"/Users/mysterx/dev/obsidian-calendar-bridge/src/ics-parser.ts","statementMap":{"0":{"start":{"line":77,"column":0},"end":{"line":77,"column":16}},"1":{"start":{"line":85,"column":0},"end":{"line":85,"column":16}},"2":{"start":{"line":123,"column":0},"end":{"line":123,"column":16}},"3":{"start":{"line":138,"column":0},"end":{"line":138,"column":16}},"4":{"start":{"line":162,"column":0},"end":{"line":162,"column":16}},"5":{"start":{"line":182,"column":0},"end":{"line":182,"column":16}},"6":{"start":{"line":200,"column":0},"end":{"line":200,"column":16}},"7":{"start":{"line":227,"column":0},"end":{"line":227,"column":16}},"8":{"start":{"line":443,"column":0},"end":{"line":443,"column":16}},"9":{"start":{"line":530,"column":0},"end":{"line":530,"column":16}},"10":{"start":{"line":78,"column":1},"end":{"line":78,"column":58}},"11":{"start":{"line":88,"column":16},"end":{"line":88,"column":18}},"12":{"start":{"line":89,"column":15},"end":{"line":89,"column":20}},"13":{"start":{"line":90,"column":1},"end":{"line":96,"column":2}},"14":{"start":{"line":90,"column":14},"end":{"line":90,"column":15}},"15":{"start":{"line":91,"column":2},"end":{"line":91,"column":42}},"16":{"start":{"line":91,"column":23},"end":{"line":91,"column":42}},"17":{"start":{"line":92,"column":2},"end":{"line":95,"column":3}},"18":{"start":{"line":93,"column":3},"end":{"line":93,"column":16}},"19":{"start":{"line":94,"column":3},"end":{"line":94,"column":9}},"20":{"start":{"line":97,"column":1},"end":{"line":97,"column":34}},"21":{"start":{"line":97,"column":22},"end":{"line":97,"column":34}},"22":{"start":{"line":99,"column":23},"end":{"line":99,"column":46}},"23":{"start":{"line":100,"column":15},"end":{"line":100,"column":39}},"24":{"start":{"line":102,"column":20},"end":{"line":102,"column":44}},"25":{"start":{"line":103,"column":14},"end":{"line":103,"column":41}},"26":{"start":{"line":104,"column":40},"end":{"line":104,"column":42}},"27":{"start":{"line":106,"column":1},"end":{"line":113,"column":2}},"28":{"start":{"line":106,"column":14},"end":{"line":106,"column":15}},"29":{"start":{"line":107,"column":16},"end":{"line":107,"column":42}},"30":{"start":{"line":108,"column":2},"end":{"line":108,"column":29}},"31":{"start":{"line":108,"column":20},"end":{"line":108,"column":29}},"32":{"start":{"line":109,"column":14},"end":{"line":109,"column":57}},"33":{"start":{"line":110,"column":12},"end":{"line":110,"column":42}},"34":{"start":{"line":111,"column":2},"end":{"line":111,"column":71}},"35":{"start":{"line":111,"column":48},"end":{"line":111,"column":71}},"36":{"start":{"line":112,"column":2},"end":{"line":112,"column":20}},"37":{"start":{"line":115,"column":1},"end":{"line":115,"column":32}},"38":{"start":{"line":124,"column":1},"end":{"line":128,"column":26}},"39":{"start":{"line":139,"column":1},"end":{"line":144,"column":2}},"40":{"start":{"line":140,"column":15},"end":{"line":140,"column":46}},"41":{"start":{"line":141,"column":16},"end":{"line":141,"column":51}},"42":{"start":{"line":142,"column":14},"end":{"line":142,"column":45}},"43":{"start":{"line":143,"column":2},"end":{"line":143,"column":62}},"44":{"start":{"line":147,"column":14},"end":{"line":147,"column":31}},"45":{"start":{"line":148,"column":15},"end":{"line":148,"column":32}},"46":{"start":{"line":149,"column":13},"end":{"line":149,"column":30}},"47":{"start":{"line":150,"column":14},"end":{"line":150,"column":32}},"48":{"start":{"line":151,"column":13},"end":{"line":151,"column":32}},"49":{"start":{"line":152,"column":13},"end":{"line":152,"column":32}},"50":{"start":{"line":153,"column":15},"end":{"line":153,"column":34}},"51":{"start":{"line":155,"column":13},"end":{"line":155,"column":79}},"52":{"start":{"line":156,"column":1},"end":{"line":156,"column":49}},"53":{"start":{"line":163,"column":16},"end":{"line":163,"column":30}},"54":{"start":{"line":164,"column":11},"end":{"line":165,"column":null}},"55":{"start":{"line":167,"column":1},"end":{"line":167,"column":23}},"56":{"start":{"line":167,"column":9},"end":{"line":167,"column":23}},"57":{"start":{"line":168,"column":65},"end":{"line":168,"column":66}},"58":{"start":{"line":169,"column":1},"end":{"line":169,"column":75}},"59":{"start":{"line":169,"column":12},"end":{"line":169,"column":75}},"60":{"start":{"line":170,"column":1},"end":{"line":170,"column":71}},"61":{"start":{"line":170,"column":13},"end":{"line":170,"column":71}},"62":{"start":{"line":171,"column":1},"end":{"line":171,"column":71}},"63":{"start":{"line":171,"column":12},"end":{"line":171,"column":71}},"64":{"start":{"line":172,"column":1},"end":{"line":172,"column":65}},"65":{"start":{"line":172,"column":11},"end":{"line":172,"column":65}},"66":{"start":{"line":173,"column":1},"end":{"line":173,"column":69}},"67":{"start":{"line":173,"column":12},"end":{"line":173,"column":69}},"68":{"start":{"line":174,"column":1},"end":{"line":174,"column":77}},"69":{"start":{"line":174,"column":14},"end":{"line":174,"column":77}},"70":{"start":{"line":175,"column":1},"end":{"line":175,"column":77}},"71":{"start":{"line":175,"column":14},"end":{"line":175,"column":77}},"72":{"start":{"line":176,"column":1},"end":{"line":176,"column":15}},"73":{"start":{"line":183,"column":1},"end":{"line":187,"column":3}},"74":{"start":{"line":193,"column":44},"end":{"line":195,"column":2}},"75":{"start":{"line":201,"column":35},"end":{"line":201,"column":37}},"76":{"start":{"line":202,"column":1},"end":{"line":205,"column":4}},"77":{"start":{"line":203,"column":17},"end":{"line":203,"column":32}},"78":{"start":{"line":204,"column":2},"end":{"line":204,"column":51}},"79":{"start":{"line":204,"column":28},"end":{"line":204,"column":51}},"80":{"start":{"line":207,"column":1},"end":{"line":207,"column":26}},"81":{"start":{"line":207,"column":14},"end":{"line":207,"column":26}},"82":{"start":{"line":209,"column":29},"end":{"line":212,"column":3}},"83":{"start":{"line":213,"column":1},"end":{"line":213,"column":51}},"84":{"start":{"line":213,"column":14},"end":{"line":213,"column":51}},"85":{"start":{"line":214,"column":1},"end":{"line":214,"column":56}},"86":{"start":{"line":214,"column":14},"end":{"line":214,"column":56}},"87":{"start":{"line":215,"column":1},"end":{"line":215,"column":74}},"88":{"start":{"line":215,"column":14},"end":{"line":215,"column":74}},"89":{"start":{"line":215,"column":57},"end":{"line":215,"column":72}},"90":{"start":{"line":216,"column":1},"end":{"line":216,"column":75}},"91":{"start":{"line":216,"column":19},"end":{"line":216,"column":75}},"92":{"start":{"line":217,"column":1},"end":{"line":217,"column":15}},"93":{"start":{"line":235,"column":1},"end":{"line":237,"column":2}},"94":{"start":{"line":236,"column":2},"end":{"line":236,"column":62}},"95":{"start":{"line":239,"column":23},"end":{"line":239,"column":25}},"96":{"start":{"line":240,"column":13},"end":{"line":240,"column":19}},"97":{"start":{"line":241,"column":18},"end":{"line":241,"column":19}},"98":{"start":{"line":242,"column":13},"end":{"line":242,"column":14}},"99":{"start":{"line":243,"column":15},"end":{"line":243,"column":32}},"100":{"start":{"line":245,"column":1},"end":{"line":275,"column":2}},"101":{"start":{"line":246,"column":2},"end":{"line":246,"column":50}},"102":{"start":{"line":246,"column":44},"end":{"line":246,"column":50}},"103":{"start":{"line":247,"column":2},"end":{"line":247,"column":26}},"104":{"start":{"line":247,"column":20},"end":{"line":247,"column":26}},"105":{"start":{"line":248,"column":2},"end":{"line":248,"column":63}},"106":{"start":{"line":248,"column":57},"end":{"line":248,"column":63}},"107":{"start":{"line":250,"column":2},"end":{"line":252,"column":3}},"108":{"start":{"line":250,"column":45},"end":{"line":250,"column":67}},"109":{"start":{"line":251,"column":3},"end":{"line":251,"column":33}},"110":{"start":{"line":253,"column":2},"end":{"line":253,"column":10}},"111":{"start":{"line":255,"column":2},"end":{"line":274,"column":3}},"112":{"start":{"line":257,"column":4},"end":{"line":257,"column":32}},"113":{"start":{"line":258,"column":4},"end":{"line":258,"column":56}},"114":{"start":{"line":259,"column":4},"end":{"line":259,"column":10}},"115":{"start":{"line":261,"column":4},"end":{"line":261,"column":32}},"116":{"start":{"line":262,"column":4},"end":{"line":262,"column":60}},"117":{"start":{"line":263,"column":4},"end":{"line":263,"column":10}},"118":{"start":{"line":265,"column":4},"end":{"line":265,"column":32}},"119":{"start":{"line":266,"column":4},"end":{"line":266,"column":58}},"120":{"start":{"line":267,"column":4},"end":{"line":267,"column":10}},"121":{"start":{"line":269,"column":4},"end":{"line":269,"column":32}},"122":{"start":{"line":270,"column":4},"end":{"line":270,"column":64}},"123":{"start":{"line":271,"column":4},"end":{"line":271,"column":10}},"124":{"start":{"line":273,"column":4},"end":{"line":273,"column":17}},"125":{"start":{"line":276,"column":1},"end":{"line":276,"column":14}},"126":{"start":{"line":290,"column":23},"end":{"line":290,"column":25}},"127":{"start":{"line":291,"column":20},"end":{"line":294,"column":24}},"128":{"start":{"line":292,"column":12},"end":{"line":292,"column":36}},"129":{"start":{"line":293,"column":15},"end":{"line":293,"column":30}},"130":{"start":{"line":294,"column":18},"end":{"line":294,"column":23}},"131":{"start":{"line":296,"column":1},"end":{"line":296,"column":43}},"132":{"start":{"line":296,"column":30},"end":{"line":296,"column":43}},"133":{"start":{"line":299,"column":21},"end":{"line":299,"column":38}},"134":{"start":{"line":300,"column":1},"end":{"line":300,"column":67}},"135":{"start":{"line":301,"column":1},"end":{"line":306,"column":3}},"136":{"start":{"line":308,"column":17},"end":{"line":308,"column":38}},"137":{"start":{"line":309,"column":17},"end":{"line":309,"column":18}},"138":{"start":{"line":310,"column":19},"end":{"line":310,"column":24}},"139":{"start":{"line":312,"column":1},"end":{"line":327,"column":2}},"140":{"start":{"line":312,"column":8},"end":{"line":327,"column":2}},"141":{"start":{"line":313,"column":2},"end":{"line":324,"column":3}},"142":{"start":{"line":314,"column":15},"end":{"line":314,"column":34}},"143":{"start":{"line":315,"column":3},"end":{"line":315,"column":36}},"144":{"start":{"line":316,"column":3},"end":{"line":316,"column":31}},"145":{"start":{"line":316,"column":22},"end":{"line":316,"column":31}},"146":{"start":{"line":317,"column":3},"end":{"line":317,"column":53}},"147":{"start":{"line":317,"column":41},"end":{"line":317,"column":53}},"148":{"start":{"line":318,"column":3},"end":{"line":318,"column":29}},"149":{"start":{"line":318,"column":17},"end":{"line":318,"column":29}},"150":{"start":{"line":320,"column":3},"end":{"line":322,"column":4}},"151":{"start":{"line":320,"column":42},"end":{"line":320,"column":60}},"152":{"start":{"line":321,"column":4},"end":{"line":321,"column":30}},"153":{"start":{"line":323,"column":3},"end":{"line":323,"column":77}},"154":{"start":{"line":323,"column":65},"end":{"line":323,"column":77}},"155":{"start":{"line":325,"column":2},"end":{"line":325,"column":34}},"156":{"start":{"line":326,"column":2},"end":{"line":326,"column":62}},"157":{"start":{"line":328,"column":1},"end":{"line":328,"column":14}},"158":{"start":{"line":337,"column":38},"end":{"line":337,"column":40}},"159":{"start":{"line":338,"column":16},"end":{"line":338,"column":21}},"160":{"start":{"line":339,"column":29},"end":{"line":339,"column":31}},"161":{"start":{"line":341,"column":1},"end":{"line":353,"column":2}},"162":{"start":{"line":342,"column":2},"end":{"line":342,"column":29}},"163":{"start":{"line":342,"column":20},"end":{"line":342,"column":29}},"164":{"start":{"line":343,"column":2},"end":{"line":352,"column":3}},"165":{"start":{"line":344,"column":3},"end":{"line":344,"column":19}},"166":{"start":{"line":345,"column":3},"end":{"line":345,"column":16}},"167":{"start":{"line":346,"column":9},"end":{"line":352,"column":3}},"168":{"start":{"line":347,"column":3},"end":{"line":347,"column":39}},"169":{"start":{"line":347,"column":17},"end":{"line":347,"column":39}},"170":{"start":{"line":348,"column":3},"end":{"line":348,"column":20}},"171":{"start":{"line":349,"column":9},"end":{"line":352,"column":3}},"172":{"start":{"line":350,"column":13},"end":{"line":350,"column":28}},"173":{"start":{"line":351,"column":3},"end":{"line":351,"column":26}},"174":{"start":{"line":351,"column":10},"end":{"line":351,"column":26}},"175":{"start":{"line":354,"column":1},"end":{"line":354,"column":16}},"176":{"start":{"line":362,"column":13},"end":{"line":362,"column":63}},"177":{"start":{"line":362,"column":31},"end":{"line":362,"column":63}},"178":{"start":{"line":362,"column":47},"end":{"line":362,"column":62}},"179":{"start":{"line":363,"column":16},"end":{"line":363,"column":68}},"180":{"start":{"line":363,"column":34},"end":{"line":363,"column":68}},"181":{"start":{"line":363,"column":52},"end":{"line":363,"column":67}},"182":{"start":{"line":365,"column":17},"end":{"line":365,"column":27}},"183":{"start":{"line":366,"column":21},"end":{"line":366,"column":35}},"184":{"start":{"line":367,"column":1},"end":{"line":367,"column":43}},"185":{"start":{"line":367,"column":31},"end":{"line":367,"column":43}},"186":{"start":{"line":369,"column":39},"end":{"line":369,"column":70}},"187":{"start":{"line":373,"column":19},"end":{"line":373,"column":31}},"188":{"start":{"line":374,"column":22},"end":{"line":374,"column":37}},"189":{"start":{"line":375,"column":1},"end":{"line":383,"column":2}},"190":{"start":{"line":376,"column":2},"end":{"line":376,"column":47}},"191":{"start":{"line":377,"column":8},"end":{"line":383,"column":2}},"192":{"start":{"line":378,"column":2},"end":{"line":378,"column":55}},"193":{"start":{"line":380,"column":2},"end":{"line":380,"column":32}},"194":{"start":{"line":381,"column":2},"end":{"line":382,"column":48}},"195":{"start":{"line":381,"column":16},"end":{"line":381,"column":55}},"196":{"start":{"line":382,"column":7},"end":{"line":382,"column":48}},"197":{"start":{"line":386,"column":25},"end":{"line":387,"column":null}},"198":{"start":{"line":387,"column":2},"end":{"line":387,"column":58}},"199":{"start":{"line":387,"column":30},"end":{"line":387,"column":57}},"200":{"start":{"line":391,"column":35},"end":{"line":395,"column":4}},"201":{"start":{"line":391,"column":64},"end":{"line":395,"column":3}},"202":{"start":{"line":398,"column":17},"end":{"line":398,"column":33}},"203":{"start":{"line":399,"column":24},"end":{"line":399,"column":84}},"204":{"start":{"line":400,"column":23},"end":{"line":400,"column":41}},"205":{"start":{"line":402,"column":1},"end":{"line":415,"column":3}},"206":{"start":{"line":426,"column":1},"end":{"line":435,"column":2}},"207":{"start":{"line":428,"column":13},"end":{"line":428,"column":36}},"208":{"start":{"line":428,"column":43},"end":{"line":428,"column":63}},"209":{"start":{"line":428,"column":70},"end":{"line":428,"column":89}},"210":{"start":{"line":429,"column":13},"end":{"line":429,"column":31}},"211":{"start":{"line":429,"column":38},"end":{"line":429,"column":53}},"212":{"start":{"line":429,"column":60},"end":{"line":429,"column":74}},"213":{"start":{"line":430,"column":13},"end":{"line":430,"column":29}},"214":{"start":{"line":430,"column":36},"end":{"line":430,"column":49}},"215":{"start":{"line":430,"column":56},"end":{"line":430,"column":68}},"216":{"start":{"line":431,"column":19},"end":{"line":431,"column":45}},"217":{"start":{"line":432,"column":18},"end":{"line":432,"column":44}},"218":{"start":{"line":433,"column":18},"end":{"line":433,"column":44}},"219":{"start":{"line":434,"column":2},"end":{"line":434,"column":50}},"220":{"start":{"line":436,"column":1},"end":{"line":436,"column":45}},"221":{"start":{"line":448,"column":15},"end":{"line":448,"column":35}},"222":{"start":{"line":449,"column":19},"end":{"line":451,"column":44}},"223":{"start":{"line":451,"column":33},"end":{"line":451,"column":43}},"224":{"start":{"line":453,"column":34},"end":{"line":453,"column":36}},"225":{"start":{"line":455,"column":1},"end":{"line":477,"column":2}},"226":{"start":{"line":456,"column":2},"end":{"line":476,"column":3}},"227":{"start":{"line":457,"column":17},"end":{"line":457,"column":38}},"228":{"start":{"line":458,"column":3},"end":{"line":464,"column":4}},"229":{"start":{"line":460,"column":5},"end":{"line":462,"column":5}},"230":{"start":{"line":461,"column":5},"end":{"line":461,"column":69}},"231":{"start":{"line":463,"column":4},"end":{"line":463,"column":13}},"232":{"start":{"line":466,"column":23},"end":{"line":466,"column":79}},"233":{"start":{"line":467,"column":22},"end":{"line":467,"column":69}},"234":{"start":{"line":468,"column":3},"end":{"line":471,"column":4}},"235":{"start":{"line":469,"column":20},"end":{"line":469,"column":62}},"236":{"start":{"line":470,"column":4},"end":{"line":470,"column":60}},"237":{"start":{"line":473,"column":3},"end":{"line":475,"column":4}},"238":{"start":{"line":474,"column":4},"end":{"line":474,"column":69}},"239":{"start":{"line":479,"column":1},"end":{"line":479,"column":15}},"240":{"start":{"line":488,"column":1},"end":{"line":500,"column":3}},"241":{"start":{"line":510,"column":72},"end":{"line":517,"column":2}},"242":{"start":{"line":531,"column":39},"end":{"line":531,"column":41}},"243":{"start":{"line":532,"column":20},"end":{"line":532,"column":28}},"244":{"start":{"line":534,"column":1},"end":{"line":546,"column":2}},"245":{"start":{"line":534,"column":14},"end":{"line":534,"column":15}},"246":{"start":{"line":535,"column":28},"end":{"line":535,"column":52}},"247":{"start":{"line":536,"column":12},"end":{"line":536,"column":31}},"248":{"start":{"line":537,"column":2},"end":{"line":537,"column":19}},"249":{"start":{"line":537,"column":10},"end":{"line":537,"column":19}},"250":{"start":{"line":538,"column":14},"end":{"line":538,"column":18}},"251":{"start":{"line":539,"column":2},"end":{"line":542,"column":3}},"252":{"start":{"line":540,"column":3},"end":{"line":540,"column":27}},"253":{"start":{"line":541,"column":3},"end":{"line":541,"column":20}},"254":{"start":{"line":543,"column":2},"end":{"line":545,"column":3}},"255":{"start":{"line":544,"column":3},"end":{"line":544,"column":25}},"256":{"start":{"line":548,"column":1},"end":{"line":548,"column":15}}},"fnMap":{"0":{"name":"unfoldLines","decl":{"start":{"line":77,"column":16},"end":{"line":77,"column":27}},"loc":{"start":{"line":77,"column":43},"end":{"line":79,"column":1}}},"1":{"name":"parseLine","decl":{"start":{"line":85,"column":16},"end":{"line":85,"column":25}},"loc":{"start":{"line":85,"column":38},"end":{"line":116,"column":1}}},"2":{"name":"unescapeText","decl":{"start":{"line":123,"column":16},"end":{"line":123,"column":28}},"loc":{"start":{"line":123,"column":42},"end":{"line":129,"column":1}}},"3":{"name":"parseICSDate","decl":{"start":{"line":138,"column":16},"end":{"line":138,"column":28}},"loc":{"start":{"line":138,"column":42},"end":{"line":157,"column":1}}},"4":{"name":"addDuration","decl":{"start":{"line":162,"column":16},"end":{"line":162,"column":27}},"loc":{"start":{"line":162,"column":56},"end":{"line":177,"column":1}}},"5":{"name":"isSameDay","decl":{"start":{"line":182,"column":16},"end":{"line":182,"column":25}},"loc":{"start":{"line":182,"column":42},"end":{"line":188,"column":1}}},"6":{"name":"parseRRule","decl":{"start":{"line":200,"column":16},"end":{"line":200,"column":26}},"loc":{"start":{"line":200,"column":43},"end":{"line":218,"column":1}}},"7":{"name":"(anonymous_7)","decl":{"start":{"line":202,"column":29},"end":{"line":202,"column":33}},"loc":{"start":{"line":202,"column":36},"end":{"line":205,"column":2}}},"8":{"name":"(anonymous_8)","decl":{"start":{"line":215,"column":52},"end":{"line":215,"column":53}},"loc":{"start":{"line":215,"column":57},"end":{"line":215,"column":72}}},"9":{"name":"expandRRule","decl":{"start":{"line":227,"column":16},"end":{"line":227,"column":27}},"loc":{"start":{"line":232,"column":9},"end":{"line":277,"column":1}}},"10":{"name":"(anonymous_10)","decl":{"start":{"line":250,"column":39},"end":{"line":250,"column":41}},"loc":{"start":{"line":250,"column":45},"end":{"line":250,"column":67}}},"11":{"name":"expandWeeklyByday","decl":{"start":{"line":283,"column":9},"end":{"line":283,"column":26}},"loc":{"start":{"line":288,"column":9},"end":{"line":329,"column":1}}},"12":{"name":"(anonymous_12)","decl":{"start":{"line":292,"column":7},"end":{"line":292,"column":8}},"loc":{"start":{"line":292,"column":12},"end":{"line":292,"column":36}}},"13":{"name":"(anonymous_13)","decl":{"start":{"line":293,"column":10},"end":{"line":293,"column":11}},"loc":{"start":{"line":293,"column":15},"end":{"line":293,"column":30}}},"14":{"name":"(anonymous_14)","decl":{"start":{"line":294,"column":8},"end":{"line":294,"column":9}},"loc":{"start":{"line":294,"column":18},"end":{"line":294,"column":23}}},"15":{"name":"(anonymous_15)","decl":{"start":{"line":320,"column":36},"end":{"line":320,"column":38}},"loc":{"start":{"line":320,"column":42},"end":{"line":320,"column":60}}},"16":{"name":"extractVEventProps","decl":{"start":{"line":336,"column":9},"end":{"line":336,"column":27}},"loc":{"start":{"line":336,"column":43},"end":{"line":355,"column":1}}},"17":{"name":"propsToRawEvent","decl":{"start":{"line":361,"column":9},"end":{"line":361,"column":24}},"loc":{"start":{"line":361,"column":44},"end":{"line":416,"column":1}}},"18":{"name":"(anonymous_18)","decl":{"start":{"line":362,"column":13},"end":{"line":362,"column":14}},"loc":{"start":{"line":362,"column":31},"end":{"line":362,"column":63}}},"19":{"name":"(anonymous_19)","decl":{"start":{"line":362,"column":42},"end":{"line":362,"column":43}},"loc":{"start":{"line":362,"column":47},"end":{"line":362,"column":62}}},"20":{"name":"(anonymous_20)","decl":{"start":{"line":363,"column":16},"end":{"line":363,"column":17}},"loc":{"start":{"line":363,"column":34},"end":{"line":363,"column":68}}},"21":{"name":"(anonymous_21)","decl":{"start":{"line":363,"column":47},"end":{"line":363,"column":48}},"loc":{"start":{"line":363,"column":52},"end":{"line":363,"column":67}}},"22":{"name":"(anonymous_22)","decl":{"start":{"line":386,"column":50},"end":{"line":386,"column":51}},"loc":{"start":{"line":387,"column":2},"end":{"line":387,"column":58}}},"23":{"name":"(anonymous_23)","decl":{"start":{"line":387,"column":25},"end":{"line":387,"column":26}},"loc":{"start":{"line":387,"column":30},"end":{"line":387,"column":57}}},"24":{"name":"(anonymous_24)","decl":{"start":{"line":391,"column":58},"end":{"line":391,"column":59}},"loc":{"start":{"line":391,"column":64},"end":{"line":395,"column":3}}},"25":{"name":"eventInRange","decl":{"start":{"line":425,"column":9},"end":{"line":425,"column":21}},"loc":{"start":{"line":425,"column":78},"end":{"line":437,"column":1}}},"26":{"name":"parseAndFilterEvents","decl":{"start":{"line":443,"column":16},"end":{"line":443,"column":36}},"loc":{"start":{"line":446,"column":9},"end":{"line":480,"column":1}}},"27":{"name":"(anonymous_27)","decl":{"start":{"line":451,"column":10},"end":{"line":451,"column":11}},"loc":{"start":{"line":451,"column":33},"end":{"line":451,"column":43}}},"28":{"name":"rawToPublic","decl":{"start":{"line":482,"column":9},"end":{"line":482,"column":20}},"loc":{"start":{"line":486,"column":21},"end":{"line":501,"column":1}}},"29":{"name":"extractMeetingLinks","decl":{"start":{"line":530,"column":16},"end":{"line":530,"column":35}},"loc":{"start":{"line":530,"column":48},"end":{"line":549,"column":1}}}},"branchMap":{"0":{"loc":{"start":{"line":91,"column":2},"end":{"line":91,"column":42}},"type":"if","locations":[{"start":{"line":91,"column":2},"end":{"line":91,"column":42}}]},"1":{"loc":{"start":{"line":92,"column":2},"end":{"line":95,"column":3}},"type":"if","locations":[{"start":{"line":92,"column":2},"end":{"line":95,"column":3}}]},"2":{"loc":{"start":{"line":92,"column":6},"end":{"line":92,"column":33}},"type":"binary-expr","locations":[{"start":{"line":92,"column":6},"end":{"line":92,"column":21}},{"start":{"line":92,"column":25},"end":{"line":92,"column":33}}]},"3":{"loc":{"start":{"line":97,"column":1},"end":{"line":97,"column":34}},"type":"if","locations":[{"start":{"line":97,"column":1},"end":{"line":97,"column":34}}]},"4":{"loc":{"start":{"line":108,"column":2},"end":{"line":108,"column":29}},"type":"if","locations":[{"start":{"line":108,"column":2},"end":{"line":108,"column":29}}]},"5":{"loc":{"start":{"line":111,"column":2},"end":{"line":111,"column":71}},"type":"if","locations":[{"start":{"line":111,"column":2},"end":{"line":111,"column":71}}]},"6":{"loc":{"start":{"line":111,"column":6},"end":{"line":111,"column":46}},"type":"binary-expr","locations":[{"start":{"line":111,"column":6},"end":{"line":111,"column":25}},{"start":{"line":111,"column":29},"end":{"line":111,"column":46}}]},"7":{"loc":{"start":{"line":139,"column":1},"end":{"line":144,"column":2}},"type":"if","locations":[{"start":{"line":139,"column":1},"end":{"line":144,"column":2}}]},"8":{"loc":{"start":{"line":155,"column":61},"end":{"line":155,"column":77}},"type":"cond-expr","locations":[{"start":{"line":155,"column":69},"end":{"line":155,"column":72}},{"start":{"line":155,"column":75},"end":{"line":155,"column":77}}]},"9":{"loc":{"start":{"line":167,"column":1},"end":{"line":167,"column":23}},"type":"if","locations":[{"start":{"line":167,"column":1},"end":{"line":167,"column":23}}]},"10":{"loc":{"start":{"line":169,"column":1},"end":{"line":169,"column":75}},"type":"if","locations":[{"start":{"line":169,"column":1},"end":{"line":169,"column":75}}]},"11":{"loc":{"start":{"line":170,"column":1},"end":{"line":170,"column":71}},"type":"if","locations":[{"start":{"line":170,"column":1},"end":{"line":170,"column":71}}]},"12":{"loc":{"start":{"line":171,"column":1},"end":{"line":171,"column":71}},"type":"if","locations":[{"start":{"line":171,"column":1},"end":{"line":171,"column":71}}]},"13":{"loc":{"start":{"line":172,"column":1},"end":{"line":172,"column":65}},"type":"if","locations":[{"start":{"line":172,"column":1},"end":{"line":172,"column":65}}]},"14":{"loc":{"start":{"line":173,"column":1},"end":{"line":173,"column":69}},"type":"if","locations":[{"start":{"line":173,"column":1},"end":{"line":173,"column":69}}]},"15":{"loc":{"start":{"line":174,"column":1},"end":{"line":174,"column":77}},"type":"if","locations":[{"start":{"line":174,"column":1},"end":{"line":174,"column":77}}]},"16":{"loc":{"start":{"line":175,"column":1},"end":{"line":175,"column":77}},"type":"if","locations":[{"start":{"line":175,"column":1},"end":{"line":175,"column":77}}]},"17":{"loc":{"start":{"line":184,"column":2},"end":{"line":186,"column":29}},"type":"binary-expr","locations":[{"start":{"line":184,"column":2},"end":{"line":184,"column":37}},{"start":{"line":185,"column":2},"end":{"line":185,"column":31}},{"start":{"line":186,"column":2},"end":{"line":186,"column":29}}]},"18":{"loc":{"start":{"line":204,"column":2},"end":{"line":204,"column":51}},"type":"if","locations":[{"start":{"line":204,"column":2},"end":{"line":204,"column":51}}]},"19":{"loc":{"start":{"line":204,"column":6},"end":{"line":204,"column":26}},"type":"binary-expr","locations":[{"start":{"line":204,"column":6},"end":{"line":204,"column":7}},{"start":{"line":204,"column":11},"end":{"line":204,"column":26}}]},"20":{"loc":{"start":{"line":207,"column":1},"end":{"line":207,"column":26}},"type":"if","locations":[{"start":{"line":207,"column":1},"end":{"line":207,"column":26}}]},"21":{"loc":{"start":{"line":211,"column":12},"end":{"line":211,"column":53}},"type":"cond-expr","locations":[{"start":{"line":211,"column":25},"end":{"line":211,"column":49}},{"start":{"line":211,"column":52},"end":{"line":211,"column":53}}]},"22":{"loc":{"start":{"line":213,"column":1},"end":{"line":213,"column":51}},"type":"if","locations":[{"start":{"line":213,"column":1},"end":{"line":213,"column":51}}]},"23":{"loc":{"start":{"line":214,"column":1},"end":{"line":214,"column":56}},"type":"if","locations":[{"start":{"line":214,"column":1},"end":{"line":214,"column":56}}]},"24":{"loc":{"start":{"line":215,"column":1},"end":{"line":215,"column":74}},"type":"if","locations":[{"start":{"line":215,"column":1},"end":{"line":215,"column":74}}]},"25":{"loc":{"start":{"line":216,"column":1},"end":{"line":216,"column":75}},"type":"if","locations":[{"start":{"line":216,"column":1},"end":{"line":216,"column":75}}]},"26":{"loc":{"start":{"line":235,"column":1},"end":{"line":237,"column":2}},"type":"if","locations":[{"start":{"line":235,"column":1},"end":{"line":237,"column":2}}]},"27":{"loc":{"start":{"line":235,"column":5},"end":{"line":235,"column":69}},"type":"binary-expr","locations":[{"start":{"line":235,"column":5},"end":{"line":235,"column":28}},{"start":{"line":235,"column":32},"end":{"line":235,"column":43}},{"start":{"line":235,"column":47},"end":{"line":235,"column":69}}]},"28":{"loc":{"start":{"line":246,"column":2},"end":{"line":246,"column":50}},"type":"if","locations":[{"start":{"line":246,"column":2},"end":{"line":246,"column":50}}]},"29":{"loc":{"start":{"line":246,"column":6},"end":{"line":246,"column":42}},"type":"binary-expr","locations":[{"start":{"line":246,"column":6},"end":{"line":246,"column":17}},{"start":{"line":246,"column":21},"end":{"line":246,"column":42}}]},"30":{"loc":{"start":{"line":247,"column":2},"end":{"line":247,"column":26}},"type":"if","locations":[{"start":{"line":247,"column":2},"end":{"line":247,"column":26}}]},"31":{"loc":{"start":{"line":248,"column":2},"end":{"line":248,"column":63}},"type":"if","locations":[{"start":{"line":248,"column":2},"end":{"line":248,"column":63}}]},"32":{"loc":{"start":{"line":248,"column":6},"end":{"line":248,"column":55}},"type":"binary-expr","locations":[{"start":{"line":248,"column":6},"end":{"line":248,"column":31}},{"start":{"line":248,"column":35},"end":{"line":248,"column":55}}]},"33":{"loc":{"start":{"line":250,"column":2},"end":{"line":252,"column":3}},"type":"if","locations":[{"start":{"line":250,"column":2},"end":{"line":252,"column":3}}]},"34":{"loc":{"start":{"line":250,"column":6},"end":{"line":250,"column":68}},"type":"binary-expr","locations":[{"start":{"line":250,"column":6},"end":{"line":250,"column":21}},{"start":{"line":250,"column":25},"end":{"line":250,"column":68}}]},"35":{"loc":{"start":{"line":255,"column":2},"end":{"line":274,"column":3}},"type":"switch","locations":[{"start":{"line":256,"column":3},"end":{"line":259,"column":10}},{"start":{"line":260,"column":3},"end":{"line":263,"column":10}},{"start":{"line":264,"column":3},"end":{"line":267,"column":10}},{"start":{"line":268,"column":3},"end":{"line":271,"column":10}},{"start":{"line":272,"column":3},"end":{"line":273,"column":17}}]},"36":{"loc":{"start":{"line":291,"column":21},"end":{"line":291,"column":38}},"type":"cond-expr","locations":[{"start":{"line":291,"column":32},"end":{"line":291,"column":36}},{"start":{"line":291,"column":36},"end":{"line":291,"column":38}}]},"37":{"loc":{"start":{"line":291,"column":21},"end":{"line":291,"column":36}},"type":"binary-expr","locations":[{"start":{"line":291,"column":21},"end":{"line":291,"column":36}},{"start":{"line":291,"column":32},"end":{"line":291,"column":36}}]},"38":{"loc":{"start":{"line":296,"column":1},"end":{"line":296,"column":43}},"type":"if","locations":[{"start":{"line":296,"column":1},"end":{"line":296,"column":43}}]},"39":{"loc":{"start":{"line":312,"column":15},"end":{"line":312,"column":57}},"type":"binary-expr","locations":[{"start":{"line":312,"column":15},"end":{"line":312,"column":30}},{"start":{"line":312,"column":34},"end":{"line":312,"column":57}}]},"40":{"loc":{"start":{"line":316,"column":3},"end":{"line":316,"column":31}},"type":"if","locations":[{"start":{"line":316,"column":3},"end":{"line":316,"column":31}}]},"41":{"loc":{"start":{"line":317,"column":3},"end":{"line":317,"column":53}},"type":"if","locations":[{"start":{"line":317,"column":3},"end":{"line":317,"column":53}}]},"42":{"loc":{"start":{"line":317,"column":7},"end":{"line":317,"column":39}},"type":"binary-expr","locations":[{"start":{"line":317,"column":7},"end":{"line":317,"column":18}},{"start":{"line":317,"column":22},"end":{"line":317,"column":39}}]},"43":{"loc":{"start":{"line":318,"column":3},"end":{"line":318,"column":29}},"type":"if","locations":[{"start":{"line":318,"column":3},"end":{"line":318,"column":29}}]},"44":{"loc":{"start":{"line":320,"column":3},"end":{"line":322,"column":4}},"type":"if","locations":[{"start":{"line":320,"column":3},"end":{"line":322,"column":4}}]},"45":{"loc":{"start":{"line":320,"column":7},"end":{"line":320,"column":61}},"type":"binary-expr","locations":[{"start":{"line":320,"column":7},"end":{"line":320,"column":18}},{"start":{"line":320,"column":22},"end":{"line":320,"column":61}}]},"46":{"loc":{"start":{"line":323,"column":3},"end":{"line":323,"column":77}},"type":"if","locations":[{"start":{"line":323,"column":3},"end":{"line":323,"column":77}}]},"47":{"loc":{"start":{"line":323,"column":7},"end":{"line":323,"column":63}},"type":"binary-expr","locations":[{"start":{"line":323,"column":7},"end":{"line":323,"column":32}},{"start":{"line":323,"column":36},"end":{"line":323,"column":63}}]},"48":{"loc":{"start":{"line":342,"column":2},"end":{"line":342,"column":29}},"type":"if","locations":[{"start":{"line":342,"column":2},"end":{"line":342,"column":29}}]},"49":{"loc":{"start":{"line":343,"column":2},"end":{"line":352,"column":3}},"type":"if","locations":[{"start":{"line":343,"column":2},"end":{"line":352,"column":3}},{"start":{"line":346,"column":9},"end":{"line":352,"column":3}}]},"50":{"loc":{"start":{"line":346,"column":9},"end":{"line":352,"column":3}},"type":"if","locations":[{"start":{"line":346,"column":9},"end":{"line":352,"column":3}},{"start":{"line":349,"column":9},"end":{"line":352,"column":3}}]},"51":{"loc":{"start":{"line":347,"column":3},"end":{"line":347,"column":39}},"type":"if","locations":[{"start":{"line":347,"column":3},"end":{"line":347,"column":39}}]},"52":{"loc":{"start":{"line":349,"column":9},"end":{"line":352,"column":3}},"type":"if","locations":[{"start":{"line":349,"column":9},"end":{"line":352,"column":3}}]},"53":{"loc":{"start":{"line":351,"column":3},"end":{"line":351,"column":26}},"type":"if","locations":[{"start":{"line":351,"column":3},"end":{"line":351,"column":26}}]},"54":{"loc":{"start":{"line":367,"column":1},"end":{"line":367,"column":43}},"type":"if","locations":[{"start":{"line":367,"column":1},"end":{"line":367,"column":43}}]},"55":{"loc":{"start":{"line":367,"column":5},"end":{"line":367,"column":29}},"type":"binary-expr","locations":[{"start":{"line":367,"column":5},"end":{"line":367,"column":13}},{"start":{"line":367,"column":17},"end":{"line":367,"column":29}}]},"56":{"loc":{"start":{"line":375,"column":1},"end":{"line":383,"column":2}},"type":"if","locations":[{"start":{"line":375,"column":1},"end":{"line":383,"column":2}},{"start":{"line":377,"column":8},"end":{"line":383,"column":2}}]},"57":{"loc":{"start":{"line":377,"column":8},"end":{"line":383,"column":2}},"type":"if","locations":[{"start":{"line":377,"column":8},"end":{"line":383,"column":2}},{"start":{"line":379,"column":8},"end":{"line":383,"column":2}}]},"58":{"loc":{"start":{"line":381,"column":2},"end":{"line":382,"column":48}},"type":"if","locations":[{"start":{"line":381,"column":2},"end":{"line":382,"column":48}},{"start":{"line":382,"column":7},"end":{"line":382,"column":48}}]},"59":{"loc":{"start":{"line":399,"column":24},"end":{"line":399,"column":84}},"type":"cond-expr","locations":[{"start":{"line":399,"column":34},"end":{"line":399,"column":72}},{"start":{"line":399,"column":75},"end":{"line":399,"column":84}}]},"60":{"loc":{"start":{"line":400,"column":23},"end":{"line":400,"column":41}},"type":"cond-expr","locations":[{"start":{"line":400,"column":30},"end":{"line":400,"column":32}},{"start":{"line":400,"column":23},"end":{"line":400,"column":41}}]},"61":{"loc":{"start":{"line":400,"column":23},"end":{"line":400,"column":32}},"type":"binary-expr","locations":[{"start":{"line":400,"column":23},"end":{"line":400,"column":32}},{"start":{"line":400,"column":23},"end":{"line":400,"column":32}}]},"62":{"loc":{"start":{"line":404,"column":22},"end":{"line":404,"column":59}},"type":"cond-expr","locations":[{"start":{"line":404,"column":43},"end":{"line":404,"column":47}},{"start":{"line":404,"column":47},"end":{"line":404,"column":59}}]},"63":{"loc":{"start":{"line":404,"column":22},"end":{"line":404,"column":47}},"type":"binary-expr","locations":[{"start":{"line":404,"column":22},"end":{"line":404,"column":47}},{"start":{"line":404,"column":43},"end":{"line":404,"column":47}}]},"64":{"loc":{"start":{"line":404,"column":22},"end":{"line":404,"column":43}},"type":"cond-expr","locations":[{"start":{"line":404,"column":36},"end":{"line":404,"column":38}},{"start":{"line":404,"column":36},"end":{"line":404,"column":43}}]},"65":{"loc":{"start":{"line":404,"column":22},"end":{"line":404,"column":38}},"type":"binary-expr","locations":[{"start":{"line":404,"column":22},"end":{"line":404,"column":38}},{"start":{"line":404,"column":36},"end":{"line":404,"column":38}}]},"66":{"loc":{"start":{"line":405,"column":28},"end":{"line":405,"column":59}},"type":"cond-expr","locations":[{"start":{"line":405,"column":53},"end":{"line":405,"column":57}},{"start":{"line":405,"column":57},"end":{"line":405,"column":59}}]},"67":{"loc":{"start":{"line":405,"column":28},"end":{"line":405,"column":57}},"type":"binary-expr","locations":[{"start":{"line":405,"column":28},"end":{"line":405,"column":57}},{"start":{"line":405,"column":53},"end":{"line":405,"column":57}}]},"68":{"loc":{"start":{"line":405,"column":28},"end":{"line":405,"column":53}},"type":"cond-expr","locations":[{"start":{"line":405,"column":46},"end":{"line":405,"column":48}},{"start":{"line":405,"column":46},"end":{"line":405,"column":53}}]},"69":{"loc":{"start":{"line":405,"column":28},"end":{"line":405,"column":48}},"type":"binary-expr","locations":[{"start":{"line":405,"column":28},"end":{"line":405,"column":48}},{"start":{"line":405,"column":46},"end":{"line":405,"column":48}}]},"70":{"loc":{"start":{"line":406,"column":25},"end":{"line":406,"column":53}},"type":"cond-expr","locations":[{"start":{"line":406,"column":47},"end":{"line":406,"column":51}},{"start":{"line":406,"column":51},"end":{"line":406,"column":53}}]},"71":{"loc":{"start":{"line":406,"column":25},"end":{"line":406,"column":51}},"type":"binary-expr","locations":[{"start":{"line":406,"column":25},"end":{"line":406,"column":51}},{"start":{"line":406,"column":47},"end":{"line":406,"column":51}}]},"72":{"loc":{"start":{"line":406,"column":25},"end":{"line":406,"column":47}},"type":"cond-expr","locations":[{"start":{"line":406,"column":40},"end":{"line":406,"column":42}},{"start":{"line":406,"column":40},"end":{"line":406,"column":47}}]},"73":{"loc":{"start":{"line":406,"column":25},"end":{"line":406,"column":42}},"type":"binary-expr","locations":[{"start":{"line":406,"column":25},"end":{"line":406,"column":42}},{"start":{"line":406,"column":40},"end":{"line":406,"column":42}}]},"74":{"loc":{"start":{"line":410,"column":9},"end":{"line":410,"column":28}},"type":"cond-expr","locations":[{"start":{"line":410,"column":21},"end":{"line":410,"column":23}},{"start":{"line":410,"column":21},"end":{"line":410,"column":28}}]},"75":{"loc":{"start":{"line":410,"column":9},"end":{"line":410,"column":23}},"type":"binary-expr","locations":[{"start":{"line":410,"column":9},"end":{"line":410,"column":23}},{"start":{"line":410,"column":21},"end":{"line":410,"column":23}}]},"76":{"loc":{"start":{"line":426,"column":1},"end":{"line":435,"column":2}},"type":"if","locations":[{"start":{"line":426,"column":1},"end":{"line":435,"column":2}}]},"77":{"loc":{"start":{"line":434,"column":9},"end":{"line":434,"column":49}},"type":"binary-expr","locations":[{"start":{"line":434,"column":9},"end":{"line":434,"column":28}},{"start":{"line":434,"column":32},"end":{"line":434,"column":49}}]},"78":{"loc":{"start":{"line":436,"column":8},"end":{"line":436,"column":44}},"type":"binary-expr","locations":[{"start":{"line":436,"column":8},"end":{"line":436,"column":25}},{"start":{"line":436,"column":29},"end":{"line":436,"column":44}}]},"79":{"loc":{"start":{"line":456,"column":2},"end":{"line":476,"column":3}},"type":"if","locations":[{"start":{"line":456,"column":2},"end":{"line":476,"column":3}},{"start":{"line":472,"column":9},"end":{"line":476,"column":3}}]},"80":{"loc":{"start":{"line":458,"column":3},"end":{"line":464,"column":4}},"type":"if","locations":[{"start":{"line":458,"column":3},"end":{"line":464,"column":4}}]},"81":{"loc":{"start":{"line":460,"column":5},"end":{"line":462,"column":5}},"type":"if","locations":[{"start":{"line":460,"column":5},"end":{"line":462,"column":5}}]},"82":{"loc":{"start":{"line":473,"column":3},"end":{"line":475,"column":4}},"type":"if","locations":[{"start":{"line":473,"column":3},"end":{"line":475,"column":4}}]},"83":{"loc":{"start":{"line":537,"column":2},"end":{"line":537,"column":19}},"type":"if","locations":[{"start":{"line":537,"column":2},"end":{"line":537,"column":19}}]},"84":{"loc":{"start":{"line":539,"column":2},"end":{"line":542,"column":3}},"type":"if","locations":[{"start":{"line":539,"column":2},"end":{"line":542,"column":3}}]},"85":{"loc":{"start":{"line":543,"column":2},"end":{"line":545,"column":3}},"type":"if","locations":[{"start":{"line":543,"column":2},"end":{"line":545,"column":3}}]},"86":{"loc":{"start":{"line":543,"column":6},"end":{"line":543,"column":42}},"type":"binary-expr","locations":[{"start":{"line":543,"column":6},"end":{"line":543,"column":22}},{"start":{"line":543,"column":26},"end":{"line":543,"column":42}}]}},"s":{"0":3,"1":3,"2":3,"3":3,"4":3,"5":3,"6":3,"7":3,"8":3,"9":3,"10":47,"11":243,"12":243,"13":243,"14":243,"15":1960,"16":4,"17":1960,"18":242,"19":242,"20":243,"21":1,"22":242,"23":242,"24":242,"25":242,"26":242,"27":242,"28":242,"29":9,"30":9,"31":0,"32":9,"33":9,"34":9,"35":2,"36":9,"37":242,"38":172,"39":89,"40":3,"41":3,"42":3,"43":3,"44":86,"45":86,"46":86,"47":86,"48":86,"49":86,"50":86,"51":86,"52":86,"53":5,"54":5,"55":5,"56":1,"57":4,"58":4,"59":0,"60":4,"61":0,"62":4,"63":1,"64":4,"65":1,"66":4,"67":1,"68":4,"69":1,"70":4,"71":0,"72":4,"73":16,"74":3,"75":23,"76":23,"77":40,"78":40,"79":40,"80":23,"81":1,"82":22,"83":22,"84":12,"85":22,"86":1,"87":22,"88":2,"89":6,"90":22,"91":0,"92":22,"93":18,"94":1,"95":17,"96":17,"97":17,"98":17,"99":17,"100":17,"101":83,"102":0,"103":83,"104":8,"105":75,"106":9,"107":66,"108":8,"109":64,"110":66,"111":66,"112":49,"113":49,"114":49,"115":8,"116":8,"117":8,"118":6,"119":6,"120":6,"121":3,"122":3,"123":3,"124":0,"125":17,"126":1,"127":1,"128":3,"129":3,"130":2,"131":1,"132":0,"133":1,"134":1,"135":1,"136":1,"137":1,"138":1,"139":1,"140":1,"141":2,"142":4,"143":4,"144":4,"145":0,"146":4,"147":0,"148":4,"149":1,"150":3,"151":0,"152":3,"153":3,"154":0,"155":1,"156":1,"157":1,"158":43,"159":43,"160":43,"161":43,"162":454,"163":0,"164":454,"165":42,"166":42,"167":412,"168":42,"169":42,"170":42,"171":370,"172":238,"173":238,"174":238,"175":43,"176":42,"177":378,"178":1579,"179":42,"180":84,"181":476,"182":42,"183":42,"184":42,"185":0,"186":42,"187":42,"188":42,"189":42,"190":42,"191":0,"192":0,"193":0,"194":0,"195":0,"196":0,"197":42,"198":1,"199":1,"200":42,"201":2,"202":42,"203":42,"204":42,"205":42,"206":32,"207":1,"208":1,"209":1,"210":1,"211":1,"212":1,"213":1,"214":1,"215":1,"216":1,"217":1,"218":1,"219":1,"220":31,"221":43,"222":43,"223":42,"224":43,"225":43,"226":42,"227":10,"228":10,"229":0,"230":0,"231":0,"232":10,"233":10,"234":10,"235":33,"236":33,"237":32,"238":31,"239":43,"240":64,"241":3,"242":8,"243":8,"244":8,"245":8,"246":48,"247":48,"248":48,"249":40,"250":8,"251":8,"252":7,"253":7,"254":8,"255":4,"256":8},"f":{"0":47,"1":243,"2":172,"3":89,"4":5,"5":16,"6":23,"7":40,"8":6,"9":18,"10":8,"11":1,"12":3,"13":3,"14":2,"15":0,"16":43,"17":42,"18":378,"19":1579,"20":84,"21":476,"22":1,"23":1,"24":2,"25":32,"26":43,"27":42,"28":64,"29":8},"b":{"0":[4],"1":[242],"2":[1960,243],"3":[1],"4":[0],"5":[2],"6":[9,2],"7":[3],"8":[85,1],"9":[1],"10":[0],"11":[0],"12":[1],"13":[1],"14":[1],"15":[1],"16":[0],"17":[16,16,16],"18":[40],"19":[40,40],"20":[1],"21":[2,20],"22":[12],"23":[1],"24":[2],"25":[0],"26":[1],"27":[18,3,1],"28":[0],"29":[83,0],"30":[8],"31":[9],"32":[75,48],"33":[64],"34":[66,66],"35":[49,8,6,3,0],"36":[1,0],"37":[1,1],"38":[0],"39":[2,2],"40":[0],"41":[0],"42":[4,0],"43":[1],"44":[3],"45":[3,3],"46":[0],"47":[3,0],"48":[0],"49":[42,412],"50":[42,370],"51":[42],"52":[238],"53":[238],"54":[0],"55":[42,42],"56":[42,0],"57":[0,0],"58":[0,0],"59":[1,41],"60":[41,1],"61":[42,42],"62":[42,0],"63":[42,42],"64":[0,42],"65":[42,42],"66":[28,14],"67":[42,42],"68":[14,28],"69":[42,42],"70":[28,14],"71":[42,42],"72":[14,28],"73":[42,42],"74":[32,10],"75":[42,42],"76":[1],"77":[1,1],"78":[31,30],"79":[10,32],"80":[0],"81":[0],"82":[31],"83":[40],"84":[7],"85":[4],"86":[8,4]}}
,"/Users/mysterx/dev/obsidian-calendar-bridge/src/note-generator.ts": {"path":"/Users/mysterx/dev/obsidian-calendar-bridge/src/note-generator.ts","statementMap":{"0":{"start":{"line":93,"column":0},"end":{"line":93,"column":16}},"1":{"start":{"line":108,"column":0},"end":{"line":108,"column":16}},"2":{"start":{"line":123,"column":0},"end":{"line":123,"column":16}},"3":{"start":{"line":135,"column":0},"end":{"line":135,"column":16}},"4":{"start":{"line":152,"column":0},"end":{"line":152,"column":16}},"5":{"start":{"line":179,"column":0},"end":{"line":179,"column":16}},"6":{"start":{"line":189,"column":0},"end":{"line":189,"column":16}},"7":{"start":{"line":260,"column":0},"end":{"line":260,"column":16}},"8":{"start":{"line":274,"column":0},"end":{"line":274,"column":16}},"9":{"start":{"line":335,"column":0},"end":{"line":335,"column":16}},"10":{"start":{"line":384,"column":0},"end":{"line":384,"column":16}},"11":{"start":{"line":472,"column":0},"end":{"line":472,"column":16}},"12":{"start":{"line":503,"column":0},"end":{"line":503,"column":16}},"13":{"start":{"line":519,"column":0},"end":{"line":519,"column":16}},"14":{"start":{"line":41,"column":13},"end":{"line":41,"column":54}},"15":{"start":{"line":43,"column":13},"end":{"line":43,"column":52}},"16":{"start":{"line":45,"column":13},"end":{"line":45,"column":69}},"17":{"start":{"line":46,"column":13},"end":{"line":46,"column":67}},"18":{"start":{"line":47,"column":13},"end":{"line":47,"column":70}},"19":{"start":{"line":48,"column":13},"end":{"line":48,"column":68}},"20":{"start":{"line":49,"column":13},"end":{"line":49,"column":68}},"21":{"start":{"line":50,"column":13},"end":{"line":50,"column":66}},"22":{"start":{"line":54,"column":13},"end":{"line":85,"column":2}},"23":{"start":{"line":94,"column":13},"end":{"line":94,"column":54}},"24":{"start":{"line":94,"column":28},"end":{"line":94,"column":54}},"25":{"start":{"line":95,"column":1},"end":{"line":101,"column":43}},"26":{"start":{"line":109,"column":22},"end":{"line":109,"column":76}},"27":{"start":{"line":110,"column":1},"end":{"line":110,"column":36}},"28":{"start":{"line":110,"column":24},"end":{"line":110,"column":36}},"29":{"start":{"line":111,"column":1},"end":{"line":111,"column":50}},"30":{"start":{"line":111,"column":24},"end":{"line":111,"column":50}},"31":{"start":{"line":112,"column":11},"end":{"line":112,"column":40}},"32":{"start":{"line":113,"column":11},"end":{"line":113,"column":28}},"33":{"start":{"line":114,"column":1},"end":{"line":114,"column":40}},"34":{"start":{"line":124,"column":1},"end":{"line":128,"column":17}},"35":{"start":{"line":136,"column":1},"end":{"line":140,"column":17}},"36":{"start":{"line":157,"column":20},"end":{"line":157,"column":35}},"37":{"start":{"line":158,"column":20},"end":{"line":158,"column":84}},"38":{"start":{"line":159,"column":20},"end":{"line":159,"column":49}},"39":{"start":{"line":160,"column":20},"end":{"line":160,"column":49}},"40":{"start":{"line":163,"column":1},"end":{"line":165,"column":2}},"41":{"start":{"line":164,"column":2},"end":{"line":164,"column":63}},"42":{"start":{"line":168,"column":20},"end":{"line":168,"column":55}},"43":{"start":{"line":169,"column":20},"end":{"line":169,"column":45}},"44":{"start":{"line":170,"column":20},"end":{"line":170,"column":74}},"45":{"start":{"line":171,"column":20},"end":{"line":171,"column":79}},"46":{"start":{"line":172,"column":1},"end":{"line":172,"column":45}},"47":{"start":{"line":180,"column":14},"end":{"line":180,"column":80}},"48":{"start":{"line":181,"column":1},"end":{"line":181,"column":44}},"49":{"start":{"line":194,"column":20},"end":{"line":194,"column":60}},"50":{"start":{"line":195,"column":20},"end":{"line":195,"column":51}},"51":{"start":{"line":196,"column":20},"end":{"line":196,"column":68}},"52":{"start":{"line":198,"column":25},"end":{"line":203,"column":3}},"53":{"start":{"line":205,"column":1},"end":{"line":205,"column":51}},"54":{"start":{"line":205,"column":15},"end":{"line":205,"column":51}},"55":{"start":{"line":206,"column":1},"end":{"line":206,"column":39}},"56":{"start":{"line":207,"column":1},"end":{"line":207,"column":48}},"57":{"start":{"line":208,"column":1},"end":{"line":208,"column":42}},"58":{"start":{"line":209,"column":1},"end":{"line":209,"column":38}},"59":{"start":{"line":211,"column":1},"end":{"line":214,"column":2}},"60":{"start":{"line":212,"column":2},"end":{"line":212,"column":47}},"61":{"start":{"line":213,"column":2},"end":{"line":213,"column":55}},"62":{"start":{"line":216,"column":1},"end":{"line":216,"column":39}},"63":{"start":{"line":217,"column":1},"end":{"line":217,"column":27}},"64":{"start":{"line":219,"column":1},"end":{"line":231,"column":2}},"65":{"start":{"line":220,"column":2},"end":{"line":226,"column":3}},"66":{"start":{"line":221,"column":3},"end":{"line":221,"column":28}},"67":{"start":{"line":222,"column":3},"end":{"line":225,"column":4}},"68":{"start":{"line":223,"column":18},"end":{"line":223,"column":61}},"69":{"start":{"line":224,"column":4},"end":{"line":224,"column":43}},"70":{"start":{"line":227,"column":2},"end":{"line":227,"column":82}},"71":{"start":{"line":227,"column":28},"end":{"line":227,"column":82}},"72":{"start":{"line":228,"column":2},"end":{"line":228,"column":75}},"73":{"start":{"line":228,"column":28},"end":{"line":228,"column":75}},"74":{"start":{"line":229,"column":2},"end":{"line":229,"column":71}},"75":{"start":{"line":229,"column":28},"end":{"line":229,"column":71}},"76":{"start":{"line":230,"column":2},"end":{"line":230,"column":75}},"77":{"start":{"line":230,"column":28},"end":{"line":230,"column":75}},"78":{"start":{"line":233,"column":1},"end":{"line":235,"column":2}},"79":{"start":{"line":234,"column":2},"end":{"line":234,"column":43}},"80":{"start":{"line":237,"column":1},"end":{"line":237,"column":25}},"81":{"start":{"line":241,"column":24},"end":{"line":241,"column":35}},"82":{"start":{"line":242,"column":1},"end":{"line":245,"column":2}},"83":{"start":{"line":243,"column":15},"end":{"line":243,"column":58}},"84":{"start":{"line":244,"column":2},"end":{"line":244,"column":30}},"85":{"start":{"line":246,"column":1},"end":{"line":246,"column":47}},"86":{"start":{"line":246,"column":20},"end":{"line":246,"column":47}},"87":{"start":{"line":247,"column":1},"end":{"line":247,"column":27}},"88":{"start":{"line":251,"column":1},"end":{"line":253,"column":2}},"89":{"start":{"line":252,"column":2},"end":{"line":252,"column":41}},"90":{"start":{"line":254,"column":1},"end":{"line":254,"column":12}},"91":{"start":{"line":264,"column":1},"end":{"line":266,"column":2}},"92":{"start":{"line":265,"column":2},"end":{"line":265,"column":38}},"93":{"start":{"line":267,"column":1},"end":{"line":269,"column":2}},"94":{"start":{"line":268,"column":2},"end":{"line":268,"column":52}},"95":{"start":{"line":270,"column":1},"end":{"line":270,"column":41}},"96":{"start":{"line":279,"column":1},"end":{"line":281,"column":2}},"97":{"start":{"line":280,"column":2},"end":{"line":280,"column":40}},"98":{"start":{"line":283,"column":19},"end":{"line":283,"column":71}},"99":{"start":{"line":285,"column":1},"end":{"line":287,"column":2}},"100":{"start":{"line":286,"column":2},"end":{"line":286,"column":68}},"101":{"start":{"line":289,"column":18},"end":{"line":289,"column":52}},"102":{"start":{"line":289,"column":40},"end":{"line":289,"column":51}},"103":{"start":{"line":290,"column":18},"end":{"line":290,"column":51}},"104":{"start":{"line":290,"column":40},"end":{"line":290,"column":50}},"105":{"start":{"line":291,"column":25},"end":{"line":291,"column":41}},"106":{"start":{"line":293,"column":1},"end":{"line":297,"column":2}},"107":{"start":{"line":294,"column":2},"end":{"line":294,"column":17}},"108":{"start":{"line":295,"column":2},"end":{"line":295,"column":30}},"109":{"start":{"line":296,"column":2},"end":{"line":296,"column":58}},"110":{"start":{"line":296,"column":28},"end":{"line":296,"column":58}},"111":{"start":{"line":299,"column":1},"end":{"line":303,"column":2}},"112":{"start":{"line":300,"column":2},"end":{"line":300,"column":17}},"113":{"start":{"line":301,"column":2},"end":{"line":301,"column":30}},"114":{"start":{"line":302,"column":2},"end":{"line":302,"column":58}},"115":{"start":{"line":302,"column":28},"end":{"line":302,"column":58}},"116":{"start":{"line":305,"column":1},"end":{"line":305,"column":25}},"117":{"start":{"line":312,"column":14},"end":{"line":312,"column":28}},"118":{"start":{"line":313,"column":1},"end":{"line":315,"column":2}},"119":{"start":{"line":314,"column":2},"end":{"line":314,"column":75}},"120":{"start":{"line":314,"column":30},"end":{"line":314,"column":73}},"121":{"start":{"line":316,"column":1},"end":{"line":322,"column":2}},"122":{"start":{"line":317,"column":2},"end":{"line":321,"column":3}},"123":{"start":{"line":318,"column":3},"end":{"line":320,"column":4}},"124":{"start":{"line":318,"column":25},"end":{"line":318,"column":42}},"125":{"start":{"line":319,"column":4},"end":{"line":319,"column":27}},"126":{"start":{"line":323,"column":1},"end":{"line":323,"column":15}},"127":{"start":{"line":327,"column":16},"end":{"line":327,"column":66}},"128":{"start":{"line":328,"column":16},"end":{"line":330,"column":6}},"129":{"start":{"line":331,"column":1},"end":{"line":331,"column":29}},"130":{"start":{"line":342,"column":66},"end":{"line":342,"column":70}},"131":{"start":{"line":343,"column":25},"end":{"line":343,"column":37}},"132":{"start":{"line":345,"column":1},"end":{"line":348,"column":2}},"133":{"start":{"line":346,"column":2},"end":{"line":346,"column":17}},"134":{"start":{"line":347,"column":2},"end":{"line":347,"column":51}},"135":{"start":{"line":350,"column":1},"end":{"line":354,"column":2}},"136":{"start":{"line":351,"column":15},"end":{"line":351,"column":83}},"137":{"start":{"line":352,"column":2},"end":{"line":352,"column":17}},"138":{"start":{"line":353,"column":2},"end":{"line":353,"column":36}},"139":{"start":{"line":356,"column":1},"end":{"line":359,"column":2}},"140":{"start":{"line":357,"column":15},"end":{"line":357,"column":76}},"141":{"start":{"line":358,"column":2},"end":{"line":358,"column":34}},"142":{"start":{"line":361,"column":1},"end":{"line":364,"column":2}},"143":{"start":{"line":362,"column":15},"end":{"line":362,"column":72}},"144":{"start":{"line":363,"column":2},"end":{"line":363,"column":34}},"145":{"start":{"line":366,"column":1},"end":{"line":366,"column":25}},"146":{"start":{"line":388,"column":74},"end":{"line":388,"column":78}},"147":{"start":{"line":390,"column":20},"end":{"line":390,"column":68}},"148":{"start":{"line":391,"column":20},"end":{"line":391,"column":50}},"149":{"start":{"line":392,"column":20},"end":{"line":392,"column":55}},"150":{"start":{"line":394,"column":20},"end":{"line":396,"column":114}},"151":{"start":{"line":397,"column":18},"end":{"line":399,"column":110}},"152":{"start":{"line":400,"column":18},"end":{"line":402,"column":50}},"153":{"start":{"line":404,"column":22},"end":{"line":404,"column":56}},"154":{"start":{"line":405,"column":22},"end":{"line":405,"column":54}},"155":{"start":{"line":406,"column":22},"end":{"line":406,"column":65}},"156":{"start":{"line":407,"column":22},"end":{"line":413,"column":3}},"157":{"start":{"line":414,"column":21},"end":{"line":414,"column":63}},"158":{"start":{"line":416,"column":23},"end":{"line":418,"column":13}},"159":{"start":{"line":417,"column":12},"end":{"line":417,"column":64}},"160":{"start":{"line":420,"column":1},"end":{"line":439,"column":52}},"161":{"start":{"line":445,"column":1},"end":{"line":448,"column":3}},"162":{"start":{"line":456,"column":20},"end":{"line":456,"column":40}},"163":{"start":{"line":457,"column":21},"end":{"line":457,"column":53}},"164":{"start":{"line":458,"column":21},"end":{"line":458,"column":51}},"165":{"start":{"line":459,"column":21},"end":{"line":459,"column":63}},"166":{"start":{"line":461,"column":1},"end":{"line":463,"column":2}},"167":{"start":{"line":462,"column":2},"end":{"line":462,"column":86}},"168":{"start":{"line":464,"column":1},"end":{"line":464,"column":37}},"169":{"start":{"line":476,"column":15},"end":{"line":476,"column":30}},"170":{"start":{"line":477,"column":1},"end":{"line":490,"column":2}},"171":{"start":{"line":482,"column":41},"end":{"line":482,"column":79}},"172":{"start":{"line":483,"column":2},"end":{"line":489,"column":3}},"173":{"start":{"line":484,"column":3},"end":{"line":484,"column":21}},"174":{"start":{"line":486,"column":23},"end":{"line":486,"column":55}},"175":{"start":{"line":487,"column":23},"end":{"line":487,"column":53}},"176":{"start":{"line":488,"column":3},"end":{"line":488,"column":79}},"177":{"start":{"line":491,"column":1},"end":{"line":491,"column":16}},"178":{"start":{"line":496,"column":19},"end":{"line":496,"column":71}},"179":{"start":{"line":504,"column":23},"end":{"line":504,"column":51}},"180":{"start":{"line":505,"column":1},"end":{"line":505,"column":44}},"181":{"start":{"line":505,"column":21},"end":{"line":505,"column":44}},"182":{"start":{"line":506,"column":18},"end":{"line":506,"column":34}},"183":{"start":{"line":507,"column":1},"end":{"line":509,"column":2}},"184":{"start":{"line":508,"column":2},"end":{"line":508,"column":55}},"185":{"start":{"line":510,"column":1},"end":{"line":510,"column":61}},"186":{"start":{"line":525,"column":20},"end":{"line":525,"column":55}},"187":{"start":{"line":526,"column":20},"end":{"line":526,"column":50}},"188":{"start":{"line":528,"column":20},"end":{"line":528,"column":59}},"189":{"start":{"line":529,"column":20},"end":{"line":529,"column":88}},"190":{"start":{"line":530,"column":20},"end":{"line":530,"column":79}},"191":{"start":{"line":531,"column":20},"end":{"line":531,"column":95}},"192":{"start":{"line":533,"column":23},"end":{"line":535,"column":13}},"193":{"start":{"line":534,"column":12},"end":{"line":534,"column":62}},"194":{"start":{"line":537,"column":24},"end":{"line":537,"column":71}},"195":{"start":{"line":539,"column":1},"end":{"line":551,"column":51}}},"fnMap":{"0":{"name":"formatDate","decl":{"start":{"line":93,"column":16},"end":{"line":93,"column":26}},"loc":{"start":{"line":93,"column":53},"end":{"line":102,"column":1}}},"1":{"name":"(anonymous_1)","decl":{"start":{"line":94,"column":13},"end":{"line":94,"column":14}},"loc":{"start":{"line":94,"column":28},"end":{"line":94,"column":54}}},"2":{"name":"formatDuration","decl":{"start":{"line":108,"column":16},"end":{"line":108,"column":30}},"loc":{"start":{"line":108,"column":53},"end":{"line":115,"column":1}}},"3":{"name":"sanitizeFilename","decl":{"start":{"line":123,"column":16},"end":{"line":123,"column":32}},"loc":{"start":{"line":123,"column":45},"end":{"line":129,"column":1}}},"4":{"name":"slugify","decl":{"start":{"line":135,"column":16},"end":{"line":135,"column":23}},"loc":{"start":{"line":135,"column":36},"end":{"line":141,"column":1}}},"5":{"name":"getNotePath","decl":{"start":{"line":152,"column":16},"end":{"line":152,"column":27}},"loc":{"start":{"line":155,"column":20},"end":{"line":173,"column":1}}},"6":{"name":"getSeriesPagePath","decl":{"start":{"line":179,"column":16},"end":{"line":179,"column":33}},"loc":{"start":{"line":179,"column":75},"end":{"line":182,"column":1}}},"7":{"name":"buildFrontmatter","decl":{"start":{"line":189,"column":16},"end":{"line":189,"column":32}},"loc":{"start":{"line":192,"column":30},"end":{"line":238,"column":1}}},"8":{"name":"buildTags","decl":{"start":{"line":240,"column":9},"end":{"line":240,"column":18}},"loc":{"start":{"line":240,"column":66},"end":{"line":248,"column":1}}},"9":{"name":"yamlString","decl":{"start":{"line":250,"column":9},"end":{"line":250,"column":19}},"loc":{"start":{"line":250,"column":31},"end":{"line":255,"column":1}}},"10":{"name":"buildAgendaBlock","decl":{"start":{"line":260,"column":16},"end":{"line":260,"column":32}},"loc":{"start":{"line":262,"column":24},"end":{"line":271,"column":1}}},"11":{"name":"buildJoinersBlock","decl":{"start":{"line":274,"column":16},"end":{"line":274,"column":33}},"loc":{"start":{"line":277,"column":24},"end":{"line":306,"column":1}}},"12":{"name":"(anonymous_12)","decl":{"start":{"line":289,"column":35},"end":{"line":289,"column":36}},"loc":{"start":{"line":289,"column":40},"end":{"line":289,"column":51}}},"13":{"name":"(anonymous_13)","decl":{"start":{"line":290,"column":35},"end":{"line":290,"column":36}},"loc":{"start":{"line":290,"column":40},"end":{"line":290,"column":50}}},"14":{"name":"applyAttendeeFilters","decl":{"start":{"line":308,"column":9},"end":{"line":308,"column":29}},"loc":{"start":{"line":310,"column":24},"end":{"line":324,"column":1}}},"15":{"name":"(anonymous_15)","decl":{"start":{"line":314,"column":25},"end":{"line":314,"column":26}},"loc":{"start":{"line":314,"column":30},"end":{"line":314,"column":73}}},"16":{"name":"(anonymous_16)","decl":{"start":{"line":318,"column":20},"end":{"line":318,"column":21}},"loc":{"start":{"line":318,"column":25},"end":{"line":318,"column":42}}},"17":{"name":"formatAttendee","decl":{"start":{"line":326,"column":9},"end":{"line":326,"column":23}},"loc":{"start":{"line":326,"column":39},"end":{"line":332,"column":1}}},"18":{"name":"buildLinksBlock","decl":{"start":{"line":335,"column":16},"end":{"line":335,"column":31}},"loc":{"start":{"line":341,"column":1},"end":{"line":367,"column":1}}},"19":{"name":"fillTemplateNormalized","decl":{"start":{"line":384,"column":16},"end":{"line":384,"column":38}},"loc":{"start":{"line":386,"column":26},"end":{"line":440,"column":1}}},"20":{"name":"(anonymous_20)","decl":{"start":{"line":417,"column":7},"end":{"line":417,"column":8}},"loc":{"start":{"line":417,"column":12},"end":{"line":417,"column":64}}},"21":{"name":"namedAutogenRe","decl":{"start":{"line":444,"column":9},"end":{"line":444,"column":23}},"loc":{"start":{"line":444,"column":36},"end":{"line":449,"column":1}}},"22":{"name":"replaceNamedBlock","decl":{"start":{"line":451,"column":9},"end":{"line":451,"column":26}},"loc":{"start":{"line":454,"column":16},"end":{"line":465,"column":1}}},"23":{"name":"updateAutogenBlocksNamed","decl":{"start":{"line":472,"column":16},"end":{"line":472,"column":40}},"loc":{"start":{"line":474,"column":69},"end":{"line":492,"column":1}}},"24":{"name":"updateAutogenBlocks","decl":{"start":{"line":503,"column":16},"end":{"line":503,"column":35}},"loc":{"start":{"line":503,"column":79},"end":{"line":511,"column":1}}},"25":{"name":"fillTemplate","decl":{"start":{"line":519,"column":16},"end":{"line":519,"column":28}},"loc":{"start":{"line":523,"column":20},"end":{"line":552,"column":1}}},"26":{"name":"(anonymous_26)","decl":{"start":{"line":534,"column":7},"end":{"line":534,"column":8}},"loc":{"start":{"line":534,"column":12},"end":{"line":534,"column":62}}}},"branchMap":{"0":{"loc":{"start":{"line":110,"column":1},"end":{"line":110,"column":36}},"type":"if","locations":[{"start":{"line":110,"column":1},"end":{"line":110,"column":36}}]},"1":{"loc":{"start":{"line":111,"column":1},"end":{"line":111,"column":50}},"type":"if","locations":[{"start":{"line":111,"column":1},"end":{"line":111,"column":50}}]},"2":{"loc":{"start":{"line":114,"column":8},"end":{"line":114,"column":39}},"type":"cond-expr","locations":[{"start":{"line":114,"column":16},"end":{"line":114,"column":29}},{"start":{"line":114,"column":32},"end":{"line":114,"column":39}}]},"3":{"loc":{"start":{"line":158,"column":20},"end":{"line":158,"column":84}},"type":"cond-expr","locations":[{"start":{"line":158,"column":68},"end":{"line":158,"column":72}},{"start":{"line":158,"column":72},"end":{"line":158,"column":84}}]},"4":{"loc":{"start":{"line":158,"column":20},"end":{"line":158,"column":72}},"type":"binary-expr","locations":[{"start":{"line":158,"column":20},"end":{"line":158,"column":72}},{"start":{"line":158,"column":68},"end":{"line":158,"column":72}}]},"5":{"loc":{"start":{"line":158,"column":20},"end":{"line":158,"column":68}},"type":"cond-expr","locations":[{"start":{"line":158,"column":45},"end":{"line":158,"column":49}},{"start":{"line":158,"column":49},"end":{"line":158,"column":68}}]},"6":{"loc":{"start":{"line":158,"column":20},"end":{"line":158,"column":49}},"type":"binary-expr","locations":[{"start":{"line":158,"column":20},"end":{"line":158,"column":49}},{"start":{"line":158,"column":45},"end":{"line":158,"column":49}}]},"7":{"loc":{"start":{"line":163,"column":1},"end":{"line":165,"column":2}},"type":"if","locations":[{"start":{"line":163,"column":1},"end":{"line":165,"column":2}}]},"8":{"loc":{"start":{"line":163,"column":5},"end":{"line":163,"column":51}},"type":"binary-expr","locations":[{"start":{"line":163,"column":5},"end":{"line":163,"column":25}},{"start":{"line":163,"column":29},"end":{"line":163,"column":51}}]},"9":{"loc":{"start":{"line":168,"column":20},"end":{"line":168,"column":55}},"type":"cond-expr","locations":[{"start":{"line":168,"column":41},"end":{"line":168,"column":45}},{"start":{"line":168,"column":45},"end":{"line":168,"column":55}}]},"10":{"loc":{"start":{"line":168,"column":20},"end":{"line":168,"column":45}},"type":"binary-expr","locations":[{"start":{"line":168,"column":20},"end":{"line":168,"column":45}},{"start":{"line":168,"column":41},"end":{"line":168,"column":45}}]},"11":{"loc":{"start":{"line":170,"column":20},"end":{"line":170,"column":74}},"type":"cond-expr","locations":[{"start":{"line":170,"column":33},"end":{"line":170,"column":69}},{"start":{"line":170,"column":72},"end":{"line":170,"column":74}}]},"12":{"loc":{"start":{"line":180,"column":14},"end":{"line":180,"column":80}},"type":"cond-expr","locations":[{"start":{"line":180,"column":58},"end":{"line":180,"column":62}},{"start":{"line":180,"column":62},"end":{"line":180,"column":80}}]},"13":{"loc":{"start":{"line":180,"column":14},"end":{"line":180,"column":62}},"type":"binary-expr","locations":[{"start":{"line":180,"column":14},"end":{"line":180,"column":62}},{"start":{"line":180,"column":58},"end":{"line":180,"column":62}}]},"14":{"loc":{"start":{"line":180,"column":14},"end":{"line":180,"column":58}},"type":"cond-expr","locations":[{"start":{"line":180,"column":33},"end":{"line":180,"column":37}},{"start":{"line":180,"column":37},"end":{"line":180,"column":58}}]},"15":{"loc":{"start":{"line":180,"column":14},"end":{"line":180,"column":37}},"type":"binary-expr","locations":[{"start":{"line":180,"column":14},"end":{"line":180,"column":37}},{"start":{"line":180,"column":33},"end":{"line":180,"column":37}}]},"16":{"loc":{"start":{"line":194,"column":20},"end":{"line":194,"column":60}},"type":"cond-expr","locations":[{"start":{"line":194,"column":45},"end":{"line":194,"column":49}},{"start":{"line":194,"column":49},"end":{"line":194,"column":60}}]},"17":{"loc":{"start":{"line":194,"column":20},"end":{"line":194,"column":49}},"type":"binary-expr","locations":[{"start":{"line":194,"column":20},"end":{"line":194,"column":49}},{"start":{"line":194,"column":45},"end":{"line":194,"column":49}}]},"18":{"loc":{"start":{"line":194,"column":20},"end":{"line":194,"column":45}},"type":"cond-expr","locations":[{"start":{"line":194,"column":33},"end":{"line":194,"column":35}},{"start":{"line":194,"column":20},"end":{"line":194,"column":45}}]},"19":{"loc":{"start":{"line":194,"column":20},"end":{"line":194,"column":35}},"type":"binary-expr","locations":[{"start":{"line":194,"column":20},"end":{"line":194,"column":35}},{"start":{"line":194,"column":20},"end":{"line":194,"column":35}}]},"20":{"loc":{"start":{"line":196,"column":20},"end":{"line":196,"column":68}},"type":"cond-expr","locations":[{"start":{"line":196,"column":62},"end":{"line":196,"column":66}},{"start":{"line":196,"column":66},"end":{"line":196,"column":68}}]},"21":{"loc":{"start":{"line":196,"column":20},"end":{"line":196,"column":66}},"type":"binary-expr","locations":[{"start":{"line":196,"column":20},"end":{"line":196,"column":66}},{"start":{"line":196,"column":62},"end":{"line":196,"column":66}}]},"22":{"loc":{"start":{"line":196,"column":20},"end":{"line":196,"column":62}},"type":"cond-expr","locations":[{"start":{"line":196,"column":34},"end":{"line":196,"column":38}},{"start":{"line":196,"column":38},"end":{"line":196,"column":62}}]},"23":{"loc":{"start":{"line":196,"column":20},"end":{"line":196,"column":38}},"type":"binary-expr","locations":[{"start":{"line":196,"column":20},"end":{"line":196,"column":38}},{"start":{"line":196,"column":34},"end":{"line":196,"column":38}}]},"24":{"loc":{"start":{"line":205,"column":1},"end":{"line":205,"column":51}},"type":"if","locations":[{"start":{"line":205,"column":1},"end":{"line":205,"column":51}}]},"25":{"loc":{"start":{"line":211,"column":1},"end":{"line":214,"column":2}},"type":"if","locations":[{"start":{"line":211,"column":1},"end":{"line":214,"column":2}}]},"26":{"loc":{"start":{"line":219,"column":1},"end":{"line":231,"column":2}},"type":"if","locations":[{"start":{"line":219,"column":1},"end":{"line":231,"column":2}}]},"27":{"loc":{"start":{"line":220,"column":2},"end":{"line":226,"column":3}},"type":"if","locations":[{"start":{"line":220,"column":2},"end":{"line":226,"column":3}}]},"28":{"loc":{"start":{"line":220,"column":6},"end":{"line":220,"column":51}},"type":"binary-expr","locations":[{"start":{"line":220,"column":6},"end":{"line":220,"column":21}},{"start":{"line":220,"column":25},"end":{"line":220,"column":51}}]},"29":{"loc":{"start":{"line":223,"column":18},"end":{"line":223,"column":61}},"type":"cond-expr","locations":[{"start":{"line":223,"column":27},"end":{"line":223,"column":51}},{"start":{"line":223,"column":54},"end":{"line":223,"column":61}}]},"30":{"loc":{"start":{"line":227,"column":2},"end":{"line":227,"column":82}},"type":"if","locations":[{"start":{"line":227,"column":2},"end":{"line":227,"column":82}}]},"31":{"loc":{"start":{"line":228,"column":2},"end":{"line":228,"column":75}},"type":"if","locations":[{"start":{"line":228,"column":2},"end":{"line":228,"column":75}}]},"32":{"loc":{"start":{"line":229,"column":2},"end":{"line":229,"column":71}},"type":"if","locations":[{"start":{"line":229,"column":2},"end":{"line":229,"column":71}}]},"33":{"loc":{"start":{"line":230,"column":2},"end":{"line":230,"column":75}},"type":"if","locations":[{"start":{"line":230,"column":2},"end":{"line":230,"column":75}}]},"34":{"loc":{"start":{"line":233,"column":1},"end":{"line":235,"column":2}},"type":"if","locations":[{"start":{"line":233,"column":1},"end":{"line":235,"column":2}}]},"35":{"loc":{"start":{"line":242,"column":1},"end":{"line":245,"column":2}},"type":"if","locations":[{"start":{"line":242,"column":1},"end":{"line":245,"column":2}}]},"36":{"loc":{"start":{"line":243,"column":23},"end":{"line":243,"column":57}},"type":"cond-expr","locations":[{"start":{"line":243,"column":42},"end":{"line":243,"column":46}},{"start":{"line":243,"column":46},"end":{"line":243,"column":57}}]},"37":{"loc":{"start":{"line":243,"column":23},"end":{"line":243,"column":46}},"type":"binary-expr","locations":[{"start":{"line":243,"column":23},"end":{"line":243,"column":46}},{"start":{"line":243,"column":42},"end":{"line":243,"column":46}}]},"38":{"loc":{"start":{"line":243,"column":23},"end":{"line":243,"column":42}},"type":"cond-expr","locations":[{"start":{"line":243,"column":30},"end":{"line":243,"column":32}},{"start":{"line":243,"column":23},"end":{"line":243,"column":42}}]},"39":{"loc":{"start":{"line":243,"column":23},"end":{"line":243,"column":32}},"type":"binary-expr","locations":[{"start":{"line":243,"column":23},"end":{"line":243,"column":32}},{"start":{"line":243,"column":23},"end":{"line":243,"column":32}}]},"40":{"loc":{"start":{"line":246,"column":1},"end":{"line":246,"column":47}},"type":"if","locations":[{"start":{"line":246,"column":1},"end":{"line":246,"column":47}}]},"41":{"loc":{"start":{"line":246,"column":5},"end":{"line":246,"column":18}},"type":"cond-expr","locations":[{"start":{"line":246,"column":12},"end":{"line":246,"column":14}},{"start":{"line":246,"column":5},"end":{"line":246,"column":18}}]},"42":{"loc":{"start":{"line":246,"column":5},"end":{"line":246,"column":14}},"type":"binary-expr","locations":[{"start":{"line":246,"column":5},"end":{"line":246,"column":14}},{"start":{"line":246,"column":5},"end":{"line":246,"column":14}}]},"43":{"loc":{"start":{"line":251,"column":1},"end":{"line":253,"column":2}},"type":"if","locations":[{"start":{"line":251,"column":1},"end":{"line":253,"column":2}}]},"44":{"loc":{"start":{"line":251,"column":5},"end":{"line":251,"column":59}},"type":"binary-expr","locations":[{"start":{"line":251,"column":5},"end":{"line":251,"column":40}},{"start":{"line":251,"column":44},"end":{"line":251,"column":59}}]},"45":{"loc":{"start":{"line":264,"column":1},"end":{"line":266,"column":2}},"type":"if","locations":[{"start":{"line":264,"column":1},"end":{"line":266,"column":2}}]},"46":{"loc":{"start":{"line":264,"column":5},"end":{"line":264,"column":27}},"type":"cond-expr","locations":[{"start":{"line":264,"column":12},"end":{"line":264,"column":14}},{"start":{"line":264,"column":5},"end":{"line":264,"column":27}}]},"47":{"loc":{"start":{"line":264,"column":5},"end":{"line":264,"column":14}},"type":"binary-expr","locations":[{"start":{"line":264,"column":5},"end":{"line":264,"column":14}},{"start":{"line":264,"column":5},"end":{"line":264,"column":14}}]},"48":{"loc":{"start":{"line":267,"column":1},"end":{"line":269,"column":2}},"type":"if","locations":[{"start":{"line":267,"column":1},"end":{"line":269,"column":2}}]},"49":{"loc":{"start":{"line":279,"column":1},"end":{"line":281,"column":2}},"type":"if","locations":[{"start":{"line":279,"column":1},"end":{"line":281,"column":2}}]},"50":{"loc":{"start":{"line":283,"column":40},"end":{"line":283,"column":61}},"type":"cond-expr","locations":[{"start":{"line":283,"column":55},"end":{"line":283,"column":59}},{"start":{"line":283,"column":59},"end":{"line":283,"column":61}}]},"51":{"loc":{"start":{"line":283,"column":40},"e
[...]
art":{"line":432,"column":64},"end":{"line":432,"column":66}},{"start":{"line":432,"column":64},"end":{"line":432,"column":69}}]},"45":{"loc":{"start":{"line":432,"column":19},"end":{"line":432,"column":66}},"type":"binary-expr","locations":[{"start":{"line":432,"column":19},"end":{"line":432,"column":66}},{"start":{"line":432,"column":64},"end":{"line":432,"column":66}}]},"46":{"loc":{"start":{"line":432,"column":20},"end":{"line":432,"column":63}},"type":"cond-expr","locations":[{"start":{"line":432,"column":20},"end":{"line":432,"column":25}},{"start":{"line":432,"column":29},"end":{"line":432,"column":63}}]},"47":{"loc":{"start":{"line":432,"column":20},"end":{"line":432,"column":29}},"type":"binary-expr","locations":[{"start":{"line":432,"column":20},"end":{"line":432,"column":29}},{"start":{"line":432,"column":20},"end":{"line":432,"column":29}}]},"48":{"loc":{"start":{"line":437,"column":20},"end":{"line":437,"column":65}},"type":"cond-expr","locations":[{"start":{"line":437,"column":31},"end":{"line":437,"column":60}},{"start":{"line":437,"column":63},"end":{"line":437,"column":65}}]},"49":{"loc":{"start":{"line":441,"column":21},"end":{"line":441,"column":58}},"type":"cond-expr","locations":[{"start":{"line":441,"column":21},"end":{"line":441,"column":34}},{"start":{"line":441,"column":38},"end":{"line":441,"column":58}}]},"50":{"loc":{"start":{"line":441,"column":21},"end":{"line":441,"column":38}},"type":"binary-expr","locations":[{"start":{"line":441,"column":21},"end":{"line":441,"column":38}},{"start":{"line":441,"column":21},"end":{"line":441,"column":38}}]},"51":{"loc":{"start":{"line":444,"column":37},"end":{"line":444,"column":57}},"type":"cond-expr","locations":[{"start":{"line":444,"column":51},"end":{"line":444,"column":55}},{"start":{"line":444,"column":55},"end":{"line":444,"column":57}}]},"52":{"loc":{"start":{"line":444,"column":37},"end":{"line":444,"column":55}},"type":"binary-expr","locations":[{"start":{"line":444,"column":37},"end":{"line":444,"column":55}},{"start":{"line":444,"column":51},"end":{"line":444,"column":55}}]},"53":{"loc":{"start":{"line":449,"column":14},"end":{"line":449,"column":33}},"type":"cond-expr","locations":[{"start":{"line":449,"column":24},"end":{"line":449,"column":28}},{"start":{"line":449,"column":28},"end":{"line":449,"column":33}}]},"54":{"loc":{"start":{"line":449,"column":14},"end":{"line":449,"column":28}},"type":"binary-expr","locations":[{"start":{"line":449,"column":14},"end":{"line":449,"column":28}},{"start":{"line":449,"column":24},"end":{"line":449,"column":28}}]},"55":{"loc":{"start":{"line":454,"column":20},"end":{"line":456,"column":26}},"type":"cond-expr","locations":[{"start":{"line":455,"column":5},"end":{"line":455,"column":68}},{"start":{"line":456,"column":5},"end":{"line":456,"column":26}}]},"56":{"loc":{"start":{"line":454,"column":20},"end":{"line":454,"column":47}},"type":"cond-expr","locations":[{"start":{"line":454,"column":34},"end":{"line":454,"column":36}},{"start":{"line":454,"column":34},"end":{"line":454,"column":47}}]},"57":{"loc":{"start":{"line":454,"column":20},"end":{"line":454,"column":36}},"type":"binary-expr","locations":[{"start":{"line":454,"column":20},"end":{"line":454,"column":36}},{"start":{"line":454,"column":34},"end":{"line":454,"column":36}}]},"58":{"loc":{"start":{"line":455,"column":39},"end":{"line":455,"column":65}},"type":"cond-expr","locations":[{"start":{"line":455,"column":59},"end":{"line":455,"column":63}},{"start":{"line":455,"column":63},"end":{"line":455,"column":65}}]},"59":{"loc":{"start":{"line":455,"column":39},"end":{"line":455,"column":63}},"type":"binary-expr","locations":[{"start":{"line":455,"column":39},"end":{"line":455,"column":63}},{"start":{"line":455,"column":59},"end":{"line":455,"column":63}}]},"60":{"loc":{"start":{"line":456,"column":5},"end":{"line":456,"column":26}},"type":"cond-expr","locations":[{"start":{"line":456,"column":19},"end":{"line":456,"column":21}},{"start":{"line":456,"column":19},"end":{"line":456,"column":26}}]},"61":{"loc":{"start":{"line":456,"column":5},"end":{"line":456,"column":21}},"type":"binary-expr","locations":[{"start":{"line":456,"column":5},"end":{"line":456,"column":21}},{"start":{"line":456,"column":19},"end":{"line":456,"column":21}}]},"62":{"loc":{"start":{"line":463,"column":10},"end":{"line":463,"column":38}},"type":"cond-expr","locations":[{"start":{"line":463,"column":22},"end":{"line":463,"column":26}},{"start":{"line":463,"column":26},"end":{"line":463,"column":38}}]},"63":{"loc":{"start":{"line":463,"column":10},"end":{"line":463,"column":26}},"type":"binary-expr","locations":[{"start":{"line":463,"column":10},"end":{"line":463,"column":26}},{"start":{"line":463,"column":22},"end":{"line":463,"column":26}}]},"64":{"loc":{"start":{"line":473,"column":16},"end":{"line":473,"column":45}},"type":"binary-expr","locations":[{"start":{"line":473,"column":16},"end":{"line":473,"column":32}},{"start":{"line":473,"column":36},"end":{"line":473,"column":45}}]},"65":{"loc":{"start":{"line":474,"column":13},"end":{"line":474,"column":39}},"type":"binary-expr","locations":[{"start":{"line":474,"column":13},"end":{"line":474,"column":26}},{"start":{"line":474,"column":30},"end":{"line":474,"column":39}}]},"66":{"loc":{"start":{"line":476,"column":14},"end":{"line":476,"column":58}},"type":"cond-expr","locations":[{"start":{"line":476,"column":37},"end":{"line":476,"column":46}},{"start":{"line":476,"column":49},"end":{"line":476,"column":58}}]}},"s":{"0":1,"1":1,"2":1,"3":1,"4":1,"5":1,"6":20,"7":1,"8":22,"9":22,"10":22,"11":1408,"12":22,"13":11,"14":11,"15":11,"16":11,"17":11,"18":11,"19":13,"20":13,"21":13,"22":13,"23":13,"24":13,"25":0,"26":0,"27":0,"28":0,"29":0,"30":0,"31":0,"32":0,"33":0,"34":0,"35":0,"36":0,"37":0,"38":0,"39":0,"40":0,"41":0,"42":0,"43":0,"44":0,"45":0,"46":0,"47":0,"48":0,"49":0,"50":0,"51":0,"52":0,"53":0,"54":0,"55":0,"56":0,"57":0,"58":0,"59":0,"60":0,"61":0,"62":0,"63":0,"64":0,"65":0,"66":0,"67":0,"68":11,"69":11,"70":11,"71":11,"72":11,"73":11,"74":11,"75":11,"76":11,"77":11,"78":11,"79":11,"80":11,"81":11,"82":11,"83":11,"84":2,"85":9,"86":9,"87":9,"88":9,"89":0,"90":9,"91":9,"92":9,"93":9,"94":9,"95":9,"96":0,"97":9,"98":3,"99":3,"100":3,"101":3,"102":3,"103":2,"104":1,"105":6,"106":6,"107":6,"108":5,"109":6,"110":6,"111":0,"112":0,"113":0,"114":0,"115":0,"116":0,"117":0,"118":1,"119":0,"120":1,"121":1,"122":1,"123":1,"124":1,"125":0,"126":1,"127":1,"128":0,"129":0,"130":0,"131":0,"132":1,"133":1,"134":1,"135":1,"136":0,"137":0,"138":0,"139":0,"140":0,"141":0,"142":0,"143":0,"144":0,"145":0,"146":0,"147":0,"148":0,"149":0,"150":0,"151":0,"152":0,"153":0,"154":0,"155":0,"156":0,"157":0,"158":0,"159":0,"160":0,"161":0,"162":0,"163":0,"164":0,"165":1},"f":{"0":20,"1":22,"2":11,"3":11,"4":13,"5":0,"6":0,"7":0,"8":11,"9":11,"10":0,"11":1,"12":1,"13":0,"14":0,"15":0,"16":0,"17":0},"b":{"0":[0],"1":[0,0],"2":[0,0],"3":[0,0],"4":[0,0],"5":[0],"6":[0],"7":[0],"8":[0],"9":[0,0],"10":[0,0],"11":[0],"12":[2],"13":[0],"14":[3],"15":[2],"16":[3,2],"17":[0,3],"18":[3,3],"19":[5],"20":[0],"21":[0],"22":[1,0],"23":[1],"24":[1,1],"25":[0],"26":[0],"27":[0,0],"28":[0,0],"29":[0,0],"30":[0,0],"31":[0,0],"32":[0,0],"33":[0,0],"34":[0,0],"35":[0,0],"36":[0],"37":[0,0],"38":[0,0,0,0],"39":[0,0],"40":[0,0],"41":[0],"42":[0,0],"43":[0,0],"44":[0,0],"45":[0,0],"46":[0,0],"47":[0,0],"48":[0,0],"49":[0,0],"50":[0,0],"51":[0,0],"52":[0,0],"53":[0,0],"54":[0,0],"55":[0,0],"56":[0,0],"57":[0,0],"58":[0,0],"59":[0,0],"60":[0,0],"61":[0,0],"62":[0,0],"63":[0,0],"64":[0,0],"65":[0,0],"66":[0,0]}}
,"/Users/mysterx/dev/obsidian-calendar-bridge/src/state/state-manager.ts": {"path":"/Users/mysterx/dev/obsidian-calendar-bridge/src/state/state-manager.ts","statementMap":{"0":{"start":{"line":137,"column":0},"end":{"line":137,"column":16}},"1":{"start":{"line":141,"column":0},"end":{"line":141,"column":16}},"2":{"start":{"line":149,"column":0},"end":{"line":149,"column":16}},"3":{"start":{"line":23,"column":2},"end":{"line":23,"column":69}},"4":{"start":{"line":24,"column":2},"end":{"line":24,"column":45}},"5":{"start":{"line":25,"column":2},"end":{"line":25,"column":23}},"6":{"start":{"line":31,"column":2},"end":{"line":31,"column":28}},"7":{"start":{"line":35,"column":2},"end":{"line":35,"column":48}},"8":{"start":{"line":39,"column":2},"end":{"line":39,"column":66}},"9":{"start":{"line":43,"column":2},"end":{"line":43,"column":66}},"10":{"start":{"line":44,"column":2},"end":{"line":44,"column":23}},"11":{"start":{"line":48,"column":19},"end":{"line":48,"column":57}},"12":{"start":{"line":49,"column":2},"end":{"line":57,"column":3}},"13":{"start":{"line":50,"column":3},"end":{"line":50,"column":27}},"14":{"start":{"line":52,"column":3},"end":{"line":56,"column":5}},"15":{"start":{"line":58,"column":2},"end":{"line":58,"column":23}},"16":{"start":{"line":62,"column":19},"end":{"line":62,"column":57}},"17":{"start":{"line":63,"column":2},"end":{"line":66,"column":3}},"18":{"start":{"line":64,"column":3},"end":{"line":64,"column":28}},"19":{"start":{"line":65,"column":3},"end":{"line":65,"column":24}},"20":{"start":{"line":71,"column":2},"end":{"line":73,"column":61}},"21":{"start":{"line":72,"column":16},"end":{"line":72,"column":25}},"22":{"start":{"line":73,"column":19},"end":{"line":73,"column":59}},"23":{"start":{"line":79,"column":2},"end":{"line":79,"column":20}},"24":{"start":{"line":83,"column":2},"end":{"line":83,"column":30}},"25":{"start":{"line":84,"column":2},"end":{"line":84,"column":23}},"26":{"start":{"line":92,"column":2},"end":{"line":96,"column":4}},"27":{"start":{"line":97,"column":2},"end":{"line":97,"column":23}},"28":{"start":{"line":102,"column":2},"end":{"line":102,"column":42}},"29":{"start":{"line":103,"column":2},"end":{"line":103,"column":23}},"30":{"start":{"line":111,"column":2},"end":{"line":114,"column":4}},"31":{"start":{"line":119,"column":2},"end":{"line":119,"column":37}},"32":{"start":{"line":120,"column":2},"end":{"line":120,"column":23}},"33":{"start":{"line":126,"column":2},"end":{"line":126,"column":78}},"34":{"start":{"line":15,"column":0},"end":{"line":15,"column":13}},"35":{"start":{"line":138,"column":1},"end":{"line":138,"column":37}},"36":{"start":{"line":142,"column":1},"end":{"line":142,"column":54}},"37":{"start":{"line":150,"column":14},"end":{"line":150,"column":52}},"38":{"start":{"line":151,"column":1},"end":{"line":154,"column":3}}},"fnMap":{"0":{"name":"(anonymous_0)","decl":{"start":{"line":22,"column":1},"end":{"line":22,"column":13}},"loc":{"start":{"line":22,"column":86},"end":{"line":26,"column":2}}},"1":{"name":"(anonymous_1)","decl":{"start":{"line":30,"column":1},"end":{"line":30,"column":17}},"loc":{"start":{"line":30,"column":17},"end":{"line":32,"column":2}}},"2":{"name":"(anonymous_2)","decl":{"start":{"line":34,"column":1},"end":{"line":34,"column":11}},"loc":{"start":{"line":34,"column":29},"end":{"line":36,"column":2}}},"3":{"name":"(anonymous_3)","decl":{"start":{"line":38,"column":1},"end":{"line":38,"column":10}},"loc":{"start":{"line":38,"column":28},"end":{"line":40,"column":2}}},"4":{"name":"(anonymous_4)","decl":{"start":{"line":42,"column":1},"end":{"line":42,"column":6}},"loc":{"start":{"line":42,"column":43},"end":{"line":45,"column":2}}},"5":{"name":"(anonymous_5)","decl":{"start":{"line":47,"column":1},"end":{"line":47,"column":6}},"loc":{"start":{"line":47,"column":57},"end":{"line":59,"column":2}}},"6":{"name":"(anonymous_6)","decl":{"start":{"line":61,"column":1},"end":{"line":61,"column":6}},"loc":{"start":{"line":61,"column":38},"end":{"line":67,"column":2}}},"7":{"name":"(anonymous_7)","decl":{"start":{"line":70,"column":1},"end":{"line":70,"column":16}},"loc":{"start":{"line":70,"column":16},"end":{"line":74,"column":2}}},"8":{"name":"(anonymous_8)","decl":{"start":{"line":72,"column":11},"end":{"line":72,"column":12}},"loc":{"start":{"line":72,"column":16},"end":{"line":72,"column":25}}},"9":{"name":"(anonymous_9)","decl":{"start":{"line":73,"column":9},"end":{"line":73,"column":10}},"loc":{"start":{"line":73,"column":19},"end":{"line":73,"column":59}}},"10":{"name":"(anonymous_10)","decl":{"start":{"line":78,"column":1},"end":{"line":78,"column":9}},"loc":{"start":{"line":78,"column":9},"end":{"line":80,"column":2}}},"11":{"name":"(anonymous_11)","decl":{"start":{"line":82,"column":1},"end":{"line":82,"column":6}},"loc":{"start":{"line":82,"column":35},"end":{"line":85,"column":2}}},"12":{"name":"(anonymous_12)","decl":{"start":{"line":87,"column":1},"end":{"line":87,"column":6}},"loc":{"start":{"line":91,"column":2},"end":{"line":98,"column":2}}},"13":{"name":"(anonymous_13)","decl":{"start":{"line":101,"column":1},"end":{"line":101,"column":6}},"loc":{"start":{"line":101,"column":50},"end":{"line":104,"column":2}}},"14":{"name":"(anonymous_14)","decl":{"start":{"line":110,"column":1},"end":{"line":110,"column":13}},"loc":{"start":{"line":110,"column":43},"end":{"line":115,"column":2}}},"15":{"name":"(anonymous_15)","decl":{"start":{"line":118,"column":1},"end":{"line":118,"column":6}},"loc":{"start":{"line":118,"column":34},"end":{"line":121,"column":2}}},"16":{"name":"(anonymous_16)","decl":{"start":{"line":125,"column":9},"end":{"line":125,"column":14}},"loc":{"start":{"line":125,"column":22},"end":{"line":127,"column":2}}},"17":{"name":"emptySubscriptions","decl":{"start":{"line":137,"column":16},"end":{"line":137,"column":34}},"loc":{"start":{"line":137,"column":34},"end":{"line":139,"column":1}}},"18":{"name":"emptyCache","decl":{"start":{"line":141,"column":16},"end":{"line":141,"column":26}},"loc":{"start":{"line":141,"column":26},"end":{"line":143,"column":1}}},"19":{"name":"loadPersistedState","decl":{"start":{"line":149,"column":16},"end":{"line":149,"column":34}},"loc":{"start":{"line":149,"column":47},"end":{"line":155,"column":1}}}},"branchMap":{"0":{"loc":{"start":{"line":23,"column":23},"end":{"line":23,"column":68}},"type":"cond-expr","locations":[{"start":{"line":23,"column":44},"end":{"line":23,"column":48}},{"start":{"line":23,"column":48},"end":{"line":23,"column":68}}]},"1":{"loc":{"start":{"line":23,"column":23},"end":{"line":23,"column":48}},"type":"binary-expr","locations":[{"start":{"line":23,"column":23},"end":{"line":23,"column":48}},{"start":{"line":23,"column":44},"end":{"line":23,"column":48}}]},"2":{"loc":{"start":{"line":24,"column":15},"end":{"line":24,"column":44}},"type":"cond-expr","locations":[{"start":{"line":24,"column":28},"end":{"line":24,"column":32}},{"start":{"line":24,"column":32},"end":{"line":24,"column":44}}]},"3":{"loc":{"start":{"line":24,"column":15},"end":{"line":24,"column":32}},"type":"binary-expr","locations":[{"start":{"line":24,"column":15},"end":{"line":24,"column":32}},{"start":{"line":24,"column":28},"end":{"line":24,"column":32}}]},"4":{"loc":{"start":{"line":39,"column":9},"end":{"line":39,"column":65}},"type":"cond-expr","locations":[{"start":{"line":39,"column":56},"end":{"line":39,"column":60}},{"start":{"line":39,"column":60},"end":{"line":39,"column":65}}]},"5":{"loc":{"start":{"line":39,"column":9},"end":{"line":39,"column":60}},"type":"binary-expr","locations":[{"start":{"line":39,"column":9},"end":{"line":39,"column":60}},{"start":{"line":39,"column":56},"end":{"line":39,"column":60}}]},"6":{"loc":{"start":{"line":39,"column":9},"end":{"line":39,"column":56}},"type":"cond-expr","locations":[{"start":{"line":39,"column":47},"end":{"line":39,"column":49}},{"start":{"line":39,"column":47},"end":{"line":39,"column":56}}]},"7":{"loc":{"start":{"line":39,"column":9},"end":{"line":39,"column":49}},"type":"binary-expr","locations":[{"start":{"line":39,"column":9},"end":{"line":39,"column":49}},{"start":{"line":39,"column":47},"end":{"line":39,"column":49}}]},"8":{"loc":{"start":{"line":49,"column":2},"end":{"line":57,"column":3}},"type":"if","locations":[{"start":{"line":49,"column":2},"end":{"line":57,"column":3}},{"start":{"line":51,"column":9},"end":{"line":57,"column":3}}]},"9":{"loc":{"start":{"line":63,"column":2},"end":{"line":66,"column":3}},"type":"if","locations":[{"start":{"line":63,"column":2},"end":{"line":66,"column":3}}]},"10":{"loc":{"start":{"line":94,"column":8},"end":{"line":94,"column":48}},"type":"cond-expr","locations":[{"start":{"line":94,"column":42},"end":{"line":94,"column":46}},{"start":{"line":94,"column":46},"end":{"line":94,"column":48}}]},"11":{"loc":{"start":{"line":94,"column":8},"end":{"line":94,"column":46}},"type":"binary-expr","locations":[{"start":{"line":94,"column":8},"end":{"line":94,"column":46}},{"start":{"line":94,"column":42},"end":{"line":94,"column":46}}]},"12":{"loc":{"start":{"line":94,"column":8},"end":{"line":94,"column":42}},"type":"cond-expr","locations":[{"start":{"line":94,"column":37},"end":{"line":94,"column":39}},{"start":{"line":94,"column":37},"end":{"line":94,"column":42}}]},"13":{"loc":{"start":{"line":94,"column":8},"end":{"line":94,"column":39}},"type":"binary-expr","locations":[{"start":{"line":94,"column":8},"end":{"line":94,"column":39}},{"start":{"line":94,"column":37},"end":{"line":94,"column":39}}]},"14":{"loc":{"start":{"line":112,"column":3},"end":{"line":113,"column":50}},"type":"cond-expr","locations":[{"start":{"line":112,"column":34},"end":{"line":112,"column":null}},{"start":{"line":113,"column":4},"end":{"line":113,"column":49}}]},"15":{"loc":{"start":{"line":112,"column":3},"end":{"line":112,"column":null}},"type":"binary-expr","locations":[{"start":{"line":112,"column":3},"end":{"line":112,"column":null}},{"start":{"line":112,"column":34},"end":{"line":112,"column":null}}]},"16":{"loc":{"start":{"line":113,"column":4},"end":{"line":113,"column":49}},"type":"cond-expr","locations":[{"start":{"line":113,"column":10},"end":{"line":113,"column":37}},{"start":{"line":113,"column":40},"end":{"line":113,"column":49}}]},"17":{"loc":{"start":{"line":150,"column":14},"end":{"line":150,"column":52}},"type":"cond-expr","locations":[{"start":{"line":150,"column":46},"end":{"line":150,"column":50}},{"start":{"line":150,"column":50},"end":{"line":150,"column":52}}]},"18":{"loc":{"start":{"line":150,"column":14},"end":{"line":150,"column":50}},"type":"binary-expr","locations":[{"start":{"line":150,"column":14},"end":{"line":150,"column":50}},{"start":{"line":150,"column":46},"end":{"line":150,"column":50}}]},"19":{"loc":{"start":{"line":152,"column":17},"end":{"line":152,"column":59}},"type":"cond-expr","locations":[{"start":{"line":152,"column":35},"end":{"line":152,"column":39}},{"start":{"line":152,"column":39},"end":{"line":152,"column":59}}]},"20":{"loc":{"start":{"line":152,"column":17},"end":{"line":152,"column":39}},"type":"binary-expr","locations":[{"start":{"line":152,"column":17},"end":{"line":152,"column":39}},{"start":{"line":152,"column":35},"end":{"line":152,"column":39}}]},"21":{"loc":{"start":{"line":153,"column":9},"end":{"line":153,"column":35}},"type":"cond-expr","locations":[{"start":{"line":153,"column":19},"end":{"line":153,"column":23}},{"start":{"line":153,"column":23},"end":{"line":153,"column":35}}]},"22":{"loc":{"start":{"line":153,"column":9},"end":{"line":153,"column":23}},"type":"binary-expr","locations":[{"start":{"line":153,"column":9},"end":{"line":153,"column":23}},{"start":{"line":153,"column":19},"end":{"line":153,"column":23}}]}},"s":{"0":1,"1":1,"2":1,"3":29,"4":29,"5":29,"6":4,"7":7,"8":5,"9":3,"10":3,"11":9,"12":9,"13":1,"14":8,"15":9,"16":3,"17":3,"18":2,"19":2,"20":3,"21":5,"22":4,"23":4,"24":1,"25":1,"26":2,"27":2,"28":5,"29":5,"30":6,"31":2,"32":2,"33":24,"34":1,"35":29,"36":34,"37":33,"38":33},"f":{"0":29,"1":4,"2":7,"3":5,"4":3,"5":9,"6":3,"7":3,"8":5,"9":4,"10":4,"11":1,"12":2,"13":5,"14":6,"15":2,"16":24,"17":29,"18":34,"19":33},"b":{"0":[29,0],"1":[29,29],"2":[29,0],"3":[29,29],"4":[4,1],"5":[5,5],"6":[1,4],"7":[5,5],"8":[1,8],"9":[2],"10":[1,1],"11":[2,2],"12":[1,1],"13":[2,2],"14":[3,3],"15":[6,6],"16":[1,2],"17":[32,1],"18":[33,32],"19":[8,25],"20":[33,33],"21":[3,30],"22":[33,33]}}
}
