TN:
SF:src/gcal-credentials.ts
FN:35,parseGoogleCredentialsJson
FN:86,maskClientId
FNF:2
FNH:2
FNDA:18,parseGoogleCredentialsJson
FNDA:8,maskClientId
DA:35,1
DA:37,18
DA:38,18
DA:40,1
DA:43,17
DA:44,3
DA:49,14
DA:55,14
DA:56,3
DA:62,11
DA:64,11
DA:65,3
DA:68,8
DA:70,8
DA:71,2
DA:78,6
DA:82,6
DA:86,1
DA:87,8
DA:88,6
LF:20
LH:20
BRDA:43,0,0,3
BRDA:43,1,0,17
BRDA:43,1,1,16
BRDA:43,1,2,15
BRDA:49,2,0,9
BRDA:49,2,1,5
BRDA:49,3,0,14
BRDA:49,3,1,10
BRDA:51,4,0,2
BRDA:51,4,1,3
BRDA:51,5,0,5
BRDA:51,5,1,3
BRDA:55,6,0,3
BRDA:64,7,0,3
BRDA:64,8,0,11
BRDA:64,8,1,9
BRDA:70,9,0,2
BRDA:78,10,0,3
BRDA:78,10,1,3
BRDA:78,11,0,6
BRDA:78,11,1,4
BRDA:87,12,0,2
BRF:22
BRH:22
end_of_record
TN:
SF:src/ics-parser.ts
FN:77,unfoldLines
FN:85,parseLine
FN:123,unescapeText
FN:138,parseICSDate
FN:162,addDuration
FN:182,isSameDay
FN:200,parseRRule
FN:202,(anonymous_7)
FN:215,(anonymous_8)
FN:227,expandRRule
FN:250,(anonymous_10)
FN:283,expandWeeklyByday
FN:292,(anonymous_12)
FN:293,(anonymous_13)
FN:294,(anonymous_14)
FN:320,(anonymous_15)
FN:336,extractVEventProps
FN:361,propsToRawEvent
FN:362,(anonymous_18)
FN:362,(anonymous_19)
FN:363,(anonymous_20)
FN:363,(anonymous_21)
FN:386,(anonymous_22)
FN:387,(anonymous_23)
FN:391,(anonymous_24)
FN:425,eventInRange
FN:443,parseAndFilterEvents
FN:451,(anonymous_27)
FN:482,rawToPublic
FN:530,extractMeetingLinks
FNF:30
FNH:29
FNDA:47,unfoldLines
FNDA:243,parseLine
FNDA:172,unescapeText
FNDA:89,parseICSDate
FNDA:5,addDuration
FNDA:16,isSameDay
FNDA:23,parseRRule
FNDA:40,(anonymous_7)
FNDA:6,(anonymous_8)
FNDA:18,expandRRule
FNDA:8,(anonymous_10)
FNDA:1,expandWeeklyByday
FNDA:3,(anonymous_12)
FNDA:3,(anonymous_13)
FNDA:2,(anonymous_14)
FNDA:0,(anonymous_15)
FNDA:43,extractVEventProps
FNDA:42,propsToRawEvent
FNDA:378,(anonymous_18)
FNDA:1579,(anonymous_19)
FNDA:84,(anonymous_20)
FNDA:476,(anonymous_21)
FNDA:1,(anonymous_22)
FNDA:1,(anonymous_23)
FNDA:2,(anonymous_24)
FNDA:32,eventInRange
FNDA:43,parseAndFilterEvents
FNDA:42,(anonymous_27)
FNDA:64,rawToPublic
FNDA:8,extractMeetingLinks
DA:77,3
DA:78,47
DA:85,3
DA:88,243
DA:89,243
DA:90,243
DA:91,1960
DA:92,1960
DA:93,242
DA:94,242
DA:97,243
DA:99,242
DA:100,242
DA:102,242
DA:103,242
DA:104,242
DA:106,242
DA:107,9
DA:108,9
DA:109,9
DA:110,9
DA:111,9
DA:112,9
DA:115,242
DA:123,3
DA:124,172
DA:138,3
DA:139,89
DA:140,3
DA:141,3
DA:142,3
DA:143,3
DA:147,86
DA:148,86
DA:149,86
DA:150,86
DA:151,86
DA:152,86
DA:153,86
DA:155,86
DA:156,86
DA:162,3
DA:163,5
DA:164,5
DA:167,5
DA:168,4
DA:169,4
DA:170,4
DA:171,4
DA:172,4
DA:173,4
DA:174,4
DA:175,4
DA:176,4
DA:182,3
DA:183,16
DA:193,3
DA:200,3
DA:201,23
DA:202,23
DA:203,40
DA:204,40
DA:207,23
DA:209,22
DA:213,22
DA:214,22
DA:215,22
DA:216,22
DA:217,22
DA:227,3
DA:235,18
DA:236,1
DA:239,17
DA:240,17
DA:241,17
DA:242,17
DA:243,17
DA:245,17
DA:246,83
DA:247,83
DA:248,75
DA:250,66
DA:251,64
DA:253,66
DA:255,66
DA:257,49
DA:258,49
DA:259,49
DA:261,8
DA:262,8
DA:263,8
DA:265,6
DA:266,6
DA:267,6
DA:269,3
DA:270,3
DA:271,3
DA:273,0
DA:276,17
DA:290,1
DA:291,1
DA:292,3
DA:293,3
DA:294,2
DA:296,1
DA:299,1
DA:300,1
DA:301,1
DA:308,1
DA:309,1
DA:310,1
DA:312,1
DA:313,2
DA:314,4
DA:315,4
DA:316,4
DA:317,4
DA:318,4
DA:320,3
DA:321,3
DA:323,3
DA:325,1
DA:326,1
DA:328,1
DA:337,43
DA:338,43
DA:339,43
DA:341,43
DA:342,454
DA:343,454
DA:344,42
DA:345,42
DA:346,412
DA:347,42
DA:348,42
DA:349,370
DA:350,238
DA:351,238
DA:354,43
DA:362,1579
DA:363,476
DA:365,42
DA:366,42
DA:367,42
DA:369,42
DA:373,42
DA:374,42
DA:375,42
DA:376,42
DA:377,0
DA:378,0
DA:380,0
DA:381,0
DA:382,0
DA:386,42
DA:387,1
DA:391,42
DA:398,42
DA:399,42
DA:400,42
DA:402,42
DA:426,32
DA:428,1
DA:429,1
DA:430,1
DA:431,1
DA:432,1
DA:433,1
DA:434,1
DA:436,31
DA:443,3
DA:448,43
DA:449,43
DA:451,42
DA:453,43
DA:455,43
DA:456,42
DA:457,10
DA:458,10
DA:460,0
DA:461,0
DA:463,0
DA:466,10
DA:467,10
DA:468,10
DA:469,33
DA:470,33
DA:473,32
DA:474,31
DA:479,43
DA:488,64
DA:510,3
DA:530,3
DA:531,8
DA:532,8
DA:534,8
DA:535,48
DA:536,48
DA:537,48
DA:538,8
DA:539,8
DA:540,7
DA:541,7
DA:543,8
DA:544,4
DA:548,8
LF:206
LH:197
BRDA:91,0,0,4
BRDA:92,1,0,242
BRDA:92,2,0,1960
BRDA:92,2,1,243
BRDA:97,3,0,1
BRDA:108,4,0,0
BRDA:111,5,0,2
BRDA:111,6,0,9
BRDA:111,6,1,2
BRDA:139,7,0,3
BRDA:155,8,0,85
BRDA:155,8,1,1
BRDA:167,9,0,1
BRDA:169,10,0,0
BRDA:170,11,0,0
BRDA:171,12,0,1
BRDA:172,13,0,1
BRDA:173,14,0,1
BRDA:174,15,0,1
BRDA:175,16,0,0
BRDA:184,17,0,16
BRDA:184,17,1,16
BRDA:184,17,2,16
BRDA:204,18,0,40
BRDA:204,19,0,40
BRDA:204,19,1,40
BRDA:207,20,0,1
BRDA:211,21,0,2
BRDA:211,21,1,20
BRDA:213,22,0,12
BRDA:214,23,0,1
BRDA:215,24,0,2
BRDA:216,25,0,0
BRDA:235,26,0,1
BRDA:235,27,0,18
BRDA:235,27,1,3
BRDA:235,27,2,1
BRDA:246,28,0,0
BRDA:246,29,0,83
BRDA:246,29,1,0
BRDA:247,30,0,8
BRDA:248,31,0,9
BRDA:248,32,0,75
BRDA:248,32,1,48
BRDA:250,33,0,64
BRDA:250,34,0,66
BRDA:250,34,1,66
BRDA:255,35,0,49
BRDA:255,35,1,8
BRDA:255,35,2,6
BRDA:255,35,3,3
BRDA:255,35,4,0
BRDA:291,36,0,1
BRDA:291,36,1,0
BRDA:291,37,0,1
BRDA:291,37,1,1
BRDA:296,38,0,0
BRDA:312,39,0,2
BRDA:312,39,1,2
BRDA:316,40,0,0
BRDA:317,41,0,0
BRDA:317,42,0,4
BRDA:317,42,1,0
BRDA:318,43,0,1
BRDA:320,44,0,3
BRDA:320,45,0,3
BRDA:320,45,1,3
BRDA:323,46,0,0
BRDA:323,47,0,3
BRDA:323,47,1,0
BRDA:342,48,0,0
BRDA:343,49,0,42
BRDA:343,49,1,412
BRDA:346,50,0,42
BRDA:346,50,1,370
BRDA:347,51,0,42
BRDA:349,52,0,238
BRDA:351,53,0,238
BRDA:367,54,0,0
BRDA:367,55,0,42
BRDA:367,55,1,42
BRDA:375,56,0,42
BRDA:375,56,1,0
BRDA:377,57,0,0
BRDA:377,57,1,0
BRDA:381,58,0,0
BRDA:381,58,1,0
BRDA:399,59,0,1
BRDA:399,59,1,41
BRDA:400,60,0,41
BRDA:400,60,1,1
BRDA:400,61,0,42
BRDA:400,61,1,42
BRDA:404,62,0,42
BRDA:404,62,1,0
BRDA:404,63,0,42
BRDA:404,63,1,42
BRDA:404,64,0,0
BRDA:404,64,1,42
BRDA:404,65,0,42
BRDA:404,65,1,42
BRDA:405,66,0,28
BRDA:405,66,1,14
BRDA:405,67,0,42
BRDA:405,67,1,42
BRDA:405,68,0,14
BRDA:405,68,1,28
BRDA:405,69,0,42
BRDA:405,69,1,42
BRDA:406,70,0,28
BRDA:406,70,1,14
BRDA:406,71,0,42
BRDA:406,71,1,42
BRDA:406,72,0,14
BRDA:406,72,1,28
BRDA:406,73,0,42
BRDA:406,73,1,42
BRDA:410,74,0,32
BRDA:410,74,1,10
BRDA:410,75,0,42
BRDA:410,75,1,42
BRDA:426,76,0,1
BRDA:434,77,0,1
BRDA:434,77,1,1
BRDA:436,78,0,31
BRDA:436,78,1,30
BRDA:456,79,0,10
BRDA:456,79,1,32
BRDA:458,80,0,0
BRDA:460,81,0,0
BRDA:473,82,0,31
BRDA:537,83,0,40
BRDA:539,84,0,7
BRDA:543,85,0,4
BRDA:543,86,0,8
BRDA:543,86,1,4
BRF:136
BRH:110
end_of_record
TN:
SF:src/note-generator.ts
FN:93,formatDate
FN:94,(anonymous_1)
FN:108,formatDuration
FN:123,sanitizeFilename
FN:135,slugify
FN:152,getNotePath
FN:179,getSeriesPagePath
FN:189,buildFrontmatter
FN:240,buildTags
FN:250,yamlString
FN:260,buildAgendaBlock
FN:274,buildJoinersBlock
FN:289,(anonymous_12)
FN:290,(anonymous_13)
FN:308,applyAttendeeFilters
FN:314,(anonymous_15)
FN:318,(anonymous_16)
FN:326,formatAttendee
FN:335,buildLinksBlock
FN:384,fillTemplateNormalized
FN:417,(anonymous_20)
FN:444,namedAutogenRe
FN:451,replaceNamedBlock
FN:472,updateAutogenBlocksNamed
FN:503,updateAutogenBlocks
FN:519,fillTemplate
FN:534,(anonymous_26)
FNF:27
FNH:26
FNDA:297,formatDate
FNDA:1485,(anonymous_1)
FNDA:63,formatDuration
FNDA:111,sanitizeFilename
FNDA:42,slugify
FNDA:67,getNotePath
FNDA:3,getSeriesPagePath
FNDA:57,buildFrontmatter
FNDA:57,buildTags
FNDA:105,yamlString
FNDA:59,buildAgendaBlock
FNDA:61,buildJoinersBlock
FNDA:5,(anonymous_12)
FNDA:5,(anonymous_13)
FNDA:60,applyAttendeeFilters
FNDA:2,(anonymous_15)
FNDA:1,(anonymous_16)
FNDA:5,formatAttendee
FNDA:62,buildLinksBlock
FNDA:50,fillTemplateNormalized
FNDA:0,(anonymous_20)
FNDA:54,namedAutogenRe
FNDA:30,replaceNamedBlock
FNDA:10,updateAutogenBlocksNamed
FNDA:7,updateAutogenBlocks
FNDA:11,fillTemplate
FNDA:22,(anonymous_26)
DA:41,3
DA:43,3
DA:45,3
DA:46,3
DA:47,3
DA:48,3
DA:49,3
DA:50,3
DA:54,3
DA:93,3
DA:94,1485
DA:95,297
DA:108,3
DA:109,63
DA:110,63
DA:111,62
DA:112,40
DA:113,40
DA:114,40
DA:123,3
DA:124,111
DA:135,3
DA:136,42
DA:152,3
DA:157,67
DA:158,67
DA:159,67
DA:160,67
DA:163,67
DA:164,67
DA:168,0
DA:169,0
DA:170,0
DA:171,0
DA:172,0
DA:179,3
DA:180,3
DA:181,3
DA:189,3
DA:194,57
DA:195,57
DA:196,57
DA:198,57
DA:205,57
DA:206,57
DA:207,57
DA:208,57
DA:209,57
DA:211,57
DA:212,25
DA:213,25
DA:216,57
DA:217,57
DA:219,57
DA:220,56
DA:221,1
DA:222,1
DA:223,1
DA:224,1
DA:227,56
DA:228,56
DA:229,56
DA:230,56
DA:233,57
DA:234,57
DA:237,57
DA:241,57
DA:242,57
DA:243,25
DA:244,25
DA:246,57
DA:247,57
DA:251,105
DA:252,1
DA:254,104
DA:260,3
DA:264,59
DA:265,1
DA:267,58
DA:268,26
DA:270,32
DA:274,3
DA:279,61
DA:280,1
DA:283,60
DA:285,60
DA:286,57
DA:289,5
DA:290,5
DA:291,3
DA:293,3
DA:294,3
DA:295,3
DA:296,4
DA:299,3
DA:300,1
DA:301,1
DA:302,1
DA:305,3
DA:312,60
DA:313,60
DA:314,2
DA:316,60
DA:317,1
DA:318,1
DA:319,1
DA:323,60
DA:327,5
DA:328,5
DA:331,5
DA:335,3
DA:342,62
DA:343,62
DA:345,62
DA:346,1
DA:347,1
DA:350,62
DA:351,26
DA:352,26
DA:353,26
DA:356,62
DA:357,2
DA:358,2
DA:361,62
DA:362,2
DA:363,2
DA:366,62
DA:384,3
DA:388,50
DA:390,50
DA:391,50
DA:392,50
DA:394,50
DA:397,50
DA:400,50
DA:404,50
DA:405,50
DA:406,50
DA:407,50
DA:414,50
DA:416,50
DA:417,0
DA:420,50
DA:445,54
DA:456,30
DA:457,30
DA:458,30
DA:459,30
DA:461,30
DA:462,24
DA:464,6
DA:472,3
DA:476,10
DA:477,10
DA:482,30
DA:483,30
DA:484,24
DA:486,6
DA:487,6
DA:488,6
DA:491,10
DA:496,3
DA:503,3
DA:504,7
DA:505,7
DA:506,6
DA:507,6
DA:508,5
DA:510,1
DA:519,3
DA:525,11
DA:526,11
DA:528,11
DA:529,11
DA:530,11
DA:531,11
DA:533,11
DA:534,22
DA:537,11
DA:539,11
LF:180
LH:174
BRDA:110,0,0,1
BRDA:111,1,0,22
BRDA:114,2,0,1
BRDA:114,2,1,39
BRDA:158,3,0,67
BRDA:158,3,1,0
BRDA:158,4,0,67
BRDA:158,4,1,67
BRDA:158,5,0,67
BRDA:158,5,1,0
BRDA:158,6,0,67
BRDA:158,6,1,67
BRDA:163,7,0,67
BRDA:163,8,0,67
BRDA:163,8,1,67
BRDA:168,9,0,0
BRDA:168,9,1,0
BRDA:168,10,0,0
BRDA:168,10,1,0
BRDA:170,11,0,0
BRDA:170,11,1,0
BRDA:180,12,0,2
BRDA:180,12,1,1
BRDA:180,13,0,3
BRDA:180,13,1,3
BRDA:180,14,0,1
BRDA:180,14,1,2
BRDA:180,15,0,3
BRDA:180,15,1,3
BRDA:194,16,0,2
BRDA:194,16,1,55
BRDA:194,17,0,57
BRDA:194,17,1,57
BRDA:194,18,0,55
BRDA:194,18,1,2
BRDA:194,19,0,57
BRDA:194,19,1,57
BRDA:196,20,0,57
BRDA:196,20,1,0
BRDA:196,21,0,57
BRDA:196,21,1,57
BRDA:196,22,0,1
BRDA:196,22,1,56
BRDA:196,23,0,57
BRDA:196,23,1,57
BRDA:205,24,0,1
BRDA:211,25,0,25
BRDA:219,26,0,56
BRDA:220,27,0,1
BRDA:220,28,0,56
BRDA:220,28,1,45
BRDA:223,29,0,0
BRDA:223,29,1,1
BRDA:227,30,0,22
BRDA:228,31,0,0
BRDA:229,32,0,0
BRDA:230,33,0,0
BRDA:233,34,0,57
BRDA:242,35,0,25
BRDA:243,36,0,2
BRDA:243,36,1,23
BRDA:243,37,0,25
BRDA:243,37,1,25
BRDA:243,38,0,23
BRDA:243,38,1,2
BRDA:243,39,0,25
BRDA:243,39,1,25
BRDA:246,40,0,1
BRDA:246,41,0,55
BRDA:246,41,1,2
BRDA:246,42,0,57
BRDA:246,42,1,57
BRDA:251,43,0,1
BRDA:251,44,0,105
BRDA:251,44,1,104
BRDA:264,45,0,1
BRDA:264,46,0,57
BRDA:264,46,1,2
BRDA:264,47,0,59
BRDA:264,47,1,59
BRDA:267,48,0,26
BRDA:279,49,0,1
BRDA:283,50,0,54
BRDA:283,50,1,6
BRDA:283,51,0,60
BRDA:283,51,1,60
BRDA:285,52,0,57
BRDA:293,53,0,3
BRDA:299,54,0,1
BRDA:313,55,0,1
BRDA:313,56,0,59
BRDA:313,56,1,1
BRDA:313,57,0,60
BRDA:313,57,1,60
BRDA:313,58,0,57
BRDA:313,58,1,3
BRDA:313,59,0,60
BRDA:313,59,1,60
BRDA:316,60,0,1
BRDA:316,61,0,59
BRDA:316,61,1,1
BRDA:316,62,0,60
BRDA:316,62,1,60
BRDA:316,63,0,57
BRDA:316,63,1,3
BRDA:316,64,0,60
BRDA:316,64,1,60
BRDA:318,65,0,1
BRDA:327,66,0,0
BRDA:327,66,1,5
BRDA:328,67,0,0
BRDA:328,67,1,5
BRDA:328,68,0,5
BRDA:328,68,1,0
BRDA:345,69,0,1
BRDA:350,70,0,26
BRDA:351,71,0,26
BRDA:351,71,1,0
BRDA:351,72,0,26
BRDA:351,72,1,26
BRDA:351,73,0,0
BRDA:351,73,1,26
BRDA:351,74,0,26
BRDA:351,74,1,26
BRDA:356,75,0,2
BRDA:357,76,0,2
BRDA:357,76,1,0
BRDA:357,77,0,2
BRDA:357,77,1,2
BRDA:357,78,0,0
BRDA:357,78,1,2
BRDA:357,79,0,2
BRDA:357,79,1,2
BRDA:361,80,0,2
BRDA:362,81,0,2
BRDA:362,81,1,0
BRDA:362,82,0,2
BRDA:362,82,1,2
BRDA:362,83,0,0
BRDA:362,83,1,2
BRDA:362,84,0,2
BRDA:362,84,1,2
BRDA:390,85,0,50
BRDA:390,85,1,0
BRDA:390,86,0,50
BRDA:390,86,1,50
BRDA:390,87,0,0
BRDA:390,87,1,50
BRDA:390,88,0,50
BRDA:390,88,1,50
BRDA:391,89,0,50
BRDA:391,89,1,0
BRDA:391,90,0,50
BRDA:391,90,1,50
BRDA:392,91,0,50
BRDA:392,91,1,0
BRDA:392,92,0,50
BRDA:392,92,1,50
BRDA:394,93,0,1
BRDA:394,93,1,49
BRDA:396,94,0,0
BRDA:396,94,1,49
BRDA:397,95,0,1
BRDA:397,95,1,49
BRDA:399,96,0,0
BRDA:399,96,1,49
BRDA:400,97,0,1
BRDA:400,97,1,49
BRDA:404,98,0,1
BRDA:404,98,1,49
BRDA:404,99,0,50
BRDA:404,99,1,50
BRDA:404,100,0,49
BRDA:404,100,1,1
BRDA:404,101,0,50
BRDA:404,101,1,50
BRDA:416,102,0,44
BRDA:416,102,1,6
BRDA:416,103,0,50
BRDA:416,103,1,50
BRDA:417,104,0,0
BRDA:417,104,1,0
BRDA:432,105,0,22
BRDA:432,105,1,28
BRDA:432,106,0,50
BRDA:432,106,1,50
BRDA:433,107,0,0
BRDA:433,107,1,50
BRDA:433,108,0,50
BRDA:433,108,1,50
BRDA:434,109,0,0
BRDA:434,109,1,50
BRDA:434,110,0,50
BRDA:434,110,1,50
BRDA:435,111,0,0
BRDA:435,111,1,50
BRDA:435,112,0,50
BRDA:435,112,1,50
BRDA:461,113,0,24
BRDA:483,114,0,24
BRDA:483,114,1,6
BRDA:505,115,0,1
BRDA:507,116,0,5
BRDA:525,117,0,11
BRDA:525,117,1,0
BRDA:525,118,0,11
BRDA:525,118,1,11
BRDA:526,119,0,11
BRDA:526,119,1,0
BRDA:526,120,0,11
BRDA:526,120,1,11
BRDA:529,121,0,1
BRDA:529,121,1,10
BRDA:530,122,0,1
BRDA:530,122,1,10
BRDA:531,123,0,1
BRDA:531,123,1,10
BRDA:534,124,0,11
BRDA:534,124,1,11
BRDA:537,125,0,2
BRDA:537,125,1,9
BRDA:547,126,0,11
BRDA:547,126,1,0
BRDA:547,127,0,11
BRDA:547,127,1,11
BRF:225
BRH:189
end_of_record
TN:
SF:src/series-manager.ts
FN:48,getSeriesPath
FN:57,getSeriesPagePathByKey
FN:69,groupBySeries
FN:78,(anonymous_3)
FN:98,groupBySeriesNormalized
FN:109,(anonymous_5)
FN:138,computePrevNext
FN:144,(anonymous_7)
FN:146,(anonymous_8)
FN:166,generateSeriesAutogen
FN:171,(anonymous_10)
FN:177,(anonymous_11)
FN:178,(anonymous_12)
FN:200,generateSeriesAutogenNormalized
FN:205,(anonymous_14)
FN:213,(anonymous_15)
FN:216,(anonymous_16)
FN:217,(anonymous_17)
FN:237,groupByMonth
FN:251,renderMonthGroups
FN:276,wrapAutogen
FN:283,generateSeriesPageContent
FN:305,generateSeriesPageNormalized
FNF:23
FNH:23
FNDA:39,getSeriesPath
FNDA:3,getSeriesPagePathByKey
FNDA:36,groupBySeries
FNDA:23,(anonymous_3)
FNDA:5,groupBySeriesNormalized
FNDA:2,(anonymous_5)
FNDA:5,computePrevNext
FNDA:10,(anonymous_7)
FNDA:10,(anonymous_8)
FNDA:15,generateSeriesAutogen
FNDA:28,(anonymous_10)
FNDA:28,(anonymous_11)
FNDA:28,(anonymous_12)
FNDA:11,generateSeriesAutogenNormalized
FNDA:11,(anonymous_14)
FNDA:1,(anonymous_15)
FNDA:11,(anonymous_16)
FNDA:11,(anonymous_17)
FNDA:10,groupByMonth
FNDA:10,renderMonthGroups
FNDA:19,wrapAutogen
FNDA:10,generateSeriesPageContent
FNDA:6,generateSeriesPageNormalized
DA:13,2
DA:48,2
DA:49,39
DA:50,39
DA:57,2
DA:58,3
DA:59,3
DA:69,2
DA:70,36
DA:72,36
DA:73,52
DA:75,28
DA:76,28
DA:77,16
DA:78,23
DA:80,12
DA:89,36
DA:98,2
DA:101,5
DA:103,5
DA:104,7
DA:106,6
DA:107,6
DA:108,2
DA:109,2
DA:111,4
DA:120,5
DA:138,2
DA:143,5
DA:144,10
DA:146,10
DA:147,5
DA:149,4
DA:150,4
DA:152,4
DA:166,2
DA:171,15
DA:172,28
DA:173,28
DA:174,28
DA:177,28
DA:178,28
DA:180,15
DA:182,15
DA:183,13
DA:186,15
DA:188,1
DA:193,15
DA:200,2
DA:205,11
DA:206,11
DA:207,11
DA:208,11
DA:209,11
DA:212,11
DA:213,1
DA:216,11
DA:217,11
DA:219,11
DA:221,11
DA:222,9
DA:223,9
DA:224,9
DA:227,11
DA:229,1
DA:230,1
DA:231,1
DA:234,11
DA:238,10
DA:239,10
DA:240,11
DA:241,11
DA:242,11
DA:243,0
DA:245,11
DA:248,10
DA:255,10
DA:256,10
DA:258,11
DA:259,11
DA:263,11
DA:264,11
DA:265,11
DA:266,11
DA:268,11
DA:270,10
DA:276,2
DA:277,19
DA:283,2
DA:288,10
DA:289,10
DA:305,2
DA:311,6
DA:312,6
DA:314,6
DA:322,6
LF:96
LH:95
BRDA:49,0,0,38
BRDA:49,0,1,1
BRDA:49,1,0,39
BRDA:49,1,1,39
BRDA:49,2,0,37
BRDA:49,2,1,2
BRDA:49,3,0,39
BRDA:49,3,1,39
BRDA:58,4,0,2
BRDA:58,4,1,1
BRDA:58,5,0,3
BRDA:58,5,1,3
BRDA:58,6,0,1
BRDA:58,6,1,2
BRDA:58,7,0,3
BRDA:58,7,1,3
BRDA:73,8,0,24
BRDA:76,9,0,16
BRDA:76,9,1,12
BRDA:104,10,0,1
BRDA:107,11,0,2
BRDA:107,11,1,4
BRDA:147,12,0,1
BRDA:149,13,0,2
BRDA:149,13,1,2
BRDA:150,14,0,3
BRDA:150,14,1,1
BRDA:169,15,0,0
BRDA:173,16,0,28
BRDA:173,16,1,0
BRDA:173,17,0,28
BRDA:173,17,1,28
BRDA:173,18,0,0
BRDA:173,18,1,28
BRDA:173,19,0,28
BRDA:173,19,1,28
BRDA:182,20,0,13
BRDA:186,21,0,1
BRDA:203,22,0,0
BRDA:207,23,0,11
BRDA:207,23,1,0
BRDA:207,24,0,11
BRDA:207,24,1,11
BRDA:207,25,0,0
BRDA:207,25,1,11
BRDA:207,26,0,11
BRDA:207,26,1,11
BRDA:208,27,0,1
BRDA:208,27,1,10
BRDA:221,28,0,9
BRDA:227,29,0,1
BRDA:242,30,0,0
BRDA:242,30,1,11
BRDA:286,31,0,0
BRDA:309,32,0,0
BRDA:319,33,0,1
BRDA:319,33,1,5
BRDA:319,34,0,5
BRDA:319,34,1,1
BRDA:319,35,0,6
BRDA:319,35,1,6
BRDA:319,36,0,5
BRDA:319,36,1,1
BRDA:319,37,0,6
BRDA:319,37,1,6
BRF:65
BRH:56
end_of_record
TN:
SF:src/sync-manager.ts
FN:74,defaultFetch
FN:83,ensureFolderExists
FN:108,runSync
FN:139,(anonymous_3)
FN:247,(anonymous_4)
FN:293,(anonymous_5)
FN:348,(anonymous_6)
FNF:7
FNH:6
FNDA:0,defaultFetch
FNDA:37,ensureFolderExists
FNDA:37,runSync
FNDA:38,(anonymous_3)
FNDA:44,(anonymous_4)
FNDA:21,(anonymous_5)
FNDA:21,(anonymous_6)
DA:15,1
DA:17,1
DA:18,1
DA:29,1
DA:75,0
DA:76,0
DA:84,37
DA:85,37
DA:86,37
DA:87,45
DA:88,45
DA:89,33
DA:90,33
DA:108,1
DA:125,37
DA:126,37
DA:129,37
DA:130,37
DA:131,37
DA:134,37
DA:135,37
DA:138,37
DA:139,38
DA:143,37
DA:144,37
DA:145,37
DA:146,37
DA:149,37
DA:151,37
DA:152,37
DA:153,38
DA:154,37
DA:157,37
DA:159,37
DA:160,37
DA:161,35
DA:162,35
DA:163,48
DA:185,48
DA:188,2
DA:195,37
DA:200,37
DA:201,37
DA:203,48
DA:204,1
DA:205,1
DA:208,47
DA:209,7
DA:210,7
DA:212,2
DA:213,2
DA:214,2
DA:216,5
DA:217,1
DA:218,1
DA:221,44
DA:224,37
DA:225,7
DA:226,7
DA:230,30
DA:233,30
DA:234,30
DA:235,0
DA:236,0
DA:237,0
DA:238,0
DA:247,44
DA:262,30
DA:264,30
DA:265,7
DA:269,30
DA:270,30
DA:271,7
DA:272,7
DA:273,7
DA:279,30
DA:280,30
DA:287,30
DA:289,30
DA:290,30
DA:291,44
DA:292,44
DA:294,21
DA:295,21
DA:300,44
DA:306,44
DA:307,44
DA:308,44
DA:309,6
DA:312,6
DA:315,6
DA:316,6
DA:317,6
DA:318,6
DA:319,6
DA:325,0
DA:328,6
DA:329,0
DA:330,0
DA:332,6
DA:335,38
DA:336,38
DA:339,0
DA:346,30
DA:347,7
DA:348,21
DA:350,7
DA:351,7
DA:352,7
DA:353,1
DA:354,1
DA:355,1
DA:356,1
DA:357,1
DA:358,0
DA:359,0
DA:361,1
DA:364,6
DA:365,6
DA:366,6
DA:369,0
DA:375,30
DA:376,30
DA:377,30
LF:124
LH:111
BRDA:87,0,0,8
BRDA:87,0,1,37
BRDA:88,1,0,33
BRDA:111,2,0,0
BRDA:112,3,0,0
BRDA:126,4,0,34
BRDA:126,4,1,3
BRDA:126,5,0,37
BRDA:126,5,1,37
BRDA:129,6,0,37
BRDA:129,6,1,0
BRDA:129,7,0,37
BRDA:129,7,1,37
BRDA:129,8,0,37
BRDA:129,8,1,0
BRDA:129,9,0,37
BRDA:129,9,1,37
BRDA:130,10,0,37
BRDA:130,10,1,0
BRDA:130,11,0,37
BRDA:130,11,1,37
BRDA:130,12,0,37
BRDA:130,12,1,0
BRDA:130,13,0,37
BRDA:130,13,1,37
BRDA:131,14,0,37
BRDA:131,14,1,0
BRDA:131,15,0,37
BRDA:131,15,1,37
BRDA:131,16,0,37
BRDA:131,16,1,0
BRDA:131,17,0,37
BRDA:131,17,1,37
BRDA:134,18,0,37
BRDA:134,18,1,0
BRDA:134,19,0,37
BRDA:134,19,1,37
BRDA:135,20,0,37
BRDA:135,20,1,0
BRDA:135,21,0,37
BRDA:135,21,1,37
BRDA:138,22,0,36
BRDA:138,22,1,1
BRDA:151,23,0,34
BRDA:151,23,1,3
BRDA:151,24,0,37
BRDA:151,24,1,37
BRDA:153,25,0,1
BRDA:154,26,0,37
BRDA:154,26,1,0
BRDA:154,27,0,37
BRDA:154,27,1,37
BRDA:154,28,0,37
BRDA:154,28,1,0
BRDA:154,29,0,37
BRDA:154,29,1,37
BRDA:155,30,0,0
BRDA:155,30,1,0
BRDA:155,31,0,0
BRDA:155,31,1,0
BRDA:157,32,0,0
BRDA:175,33,0,21
BRDA:175,33,1,27
BRDA:178,34,0,48
BRDA:178,34,1,22
BRDA:179,35,0,48
BRDA:179,35,1,22
BRDA:181,36,0,0
BRDA:181,36,1,48
BRDA:195,37,0,2
BRDA:195,37,1,35
BRDA:195,38,0,37
BRDA:195,38,1,3
BRDA:203,39,0,1
BRDA:203,40,0,48
BRDA:203,40,1,2
BRDA:208,41,0,7
BRDA:208,42,0,47
BRDA:208,42,1,7
BRDA:210,43,0,2
BRDA:216,44,0,1
BRDA:224,45,0,7
BRDA:224,46,0,37
BRDA:224,46,1,8
BRDA:234,47,0,0
BRDA:236,48,0,0
BRDA:250,49,0,22
BRDA:250,49,1,22
BRDA:250,50,0,44
BRDA:250,50,1,44
BRDA:251,51,0,22
BRDA:251,51,1,22
BRDA:251,52,0,44
BRDA:251,52,1,44
BRDA:256,53,0,44
BRDA:256,53,1,0
BRDA:256,54,0,44
BRDA:256,54,1,44
BRDA:264,55,0,7
BRDA:272,56,0,7
BRDA:272,56,1,0
BRDA:272,57,0,7
BRDA:272,57,1,7
BRDA:272,58,0,0
BRDA:272,58,1,7
BRDA:272,59,0,7
BRDA:272,59,1,7
BRDA:284,60,0,30
BRDA:284,60,1,0
BRDA:284,61,0,0
BRDA:284,61,1,0
BRDA:284,62,0,0
BRDA:284,62,1,0
BRDA:287,63,0,27
BRDA:287,63,1,3
BRDA:287,64,0,30
BRDA:287,64,1,30
BRDA:289,65,0,27
BRDA:289,65,1,3
BRDA:289,66,0,30
BRDA:289,66,1,30
BRDA:292,67,0,21
BRDA:292,67,1,23
BRDA:295,68,0,21
BRDA:295,68,1,0
BRDA:295,69,0,21
BRDA:295,69,1,21
BRDA:295,70,0,0
BRDA:295,70,1,21
BRDA:295,71,0,21
BRDA:295,71,1,21
BRDA:308,72,0,6
BRDA:308,72,1,38
BRDA:315,73,0,6
BRDA:315,73,1,0
BRDA:328,74,0,0
BRDA:328,74,1,6
BRDA:352,75,0,1
BRDA:352,75,1,6
BRDA:357,76,0,0
BRDA:357,76,1,1
BRDA:375,77,0,27
BRDA:375,77,1,3
BRDA:375,78,0,30
BRDA:375,78,1,30
BRF:145
BRH:112
end_of_record
TN:
SF:src/types.ts
FNF:0
FNH:0
DA:214,2
LF:1
LH:1
BRF:0
BRH:0
end_of_record
TN:
SF:src/sources/adapter.ts
FN:51,computeSeriesKey
FNF:1
FNH:0
FNDA:0,computeSeriesKey
DA:51,1
DA:57,0
DA:58,0
DA:60,0
DA:61,0
DA:63,0
LF:6
LH:1
BRDA:57,0,0,0
BRDA:60,1,0,0
BRDA:60,2,0,0
BRDA:60,2,1,0
BRF:4
BRH:0
end_of_record
TN:
SF:src/sources/gcal-source.ts
FN:81,(anonymous_0)
FN:86,base64urlEncode
FN:96,generateCodeVerifier
FN:103,generateCodeChallenge
FN:125,(anonymous_4)
FN:139,(anonymous_5)
FN:154,(anonymous_6)
FN:191,(anonymous_7)
FN:242,(anonymous_8)
FN:264,(anonymous_9)
FN:332,(anonymous_10)
FN:351,(anonymous_11)
FN:367,(anonymous_12)
FN:398,(anonymous_13)
FN:408,(anonymous_14)
FN:430,(anonymous_15)
FN:445,(anonymous_16)
FN:446,(anonymous_17)
FNF:18
FNH:9
FNDA:20,(anonymous_0)
FNDA:22,base64urlEncode
FNDA:11,generateCodeVerifier
FNDA:11,generateCodeChallenge
FNDA:13,(anonymous_4)
FNDA:0,(anonymous_5)
FNDA:0,(anonymous_6)
FNDA:0,(anonymous_7)
FNDA:11,(anonymous_8)
FNDA:11,(anonymous_9)
FNDA:0,(anonymous_10)
FNDA:1,(anonymous_11)
FNDA:1,(anonymous_12)
FNDA:0,(anonymous_13)
FNDA:0,(anonymous_14)
FNDA:0,(anonymous_15)
FNDA:0,(anonymous_16)
FNDA:0,(anonymous_17)
DA:10,1
DA:11,1
DA:19,1
DA:79,1
DA:80,1
DA:81,20
DA:82,1
DA:87,22
DA:88,1408
DA:89,22
DA:97,11
DA:98,11
DA:99,11
DA:104,11
DA:105,11
DA:106,11
DA:110,1
DA:113,13
DA:114,13
DA:131,13
DA:132,13
DA:133,13
DA:134,13
DA:140,0
DA:141,0
DA:142,0
DA:143,0
DA:148,0
DA:155,0
DA:156,0
DA:159,0
DA:160,0
DA:161,0
DA:162,0
DA:164,0
DA:168,0
DA:169,0
DA:170,0
DA:183,0
DA:186,0
DA:196,0
DA:197,0
DA:200,0
DA:201,0
DA:204,0
DA:205,0
DA:206,0
DA:207,0
DA:208,0
DA:209,0
DA:210,0
DA:212,0
DA:214,0
DA:219,0
DA:220,0
DA:222,0
DA:223,0
DA:226,0
DA:227,0
DA:228,0
DA:229,0
DA:231,0
DA:234,0
DA:243,11
DA:244,11
DA:245,11
DA:247,11
DA:248,11
DA:249,11
DA:250,11
DA:251,11
DA:252,11
DA:253,11
DA:254,11
DA:255,11
DA:256,11
DA:257,11
DA:258,11
DA:265,11
DA:266,2
DA:268,9
DA:269,9
DA:271,9
DA:280,9
DA:281,0
DA:284,9
DA:285,9
DA:286,9
DA:287,9
DA:289,9
DA:290,9
DA:298,0
DA:300,9
DA:301,3
DA:305,3
DA:306,3
DA:307,3
DA:311,2
DA:317,1
DA:320,6
DA:321,6
DA:322,6
DA:323,5
DA:325,6
DA:326,6
DA:333,0
DA:334,0
DA:335,0
DA:343,0
DA:344,0
DA:345,0
DA:346,0
DA:352,1
DA:353,0
DA:358,1
DA:362,1
DA:363,1
DA:368,1
DA:374,1
DA:375,0
DA:378,1
DA:385,1
DA:386,0
DA:387,0
DA:388,0
DA:389,0
DA:392,1
DA:393,1
DA:394,1
DA:395,1
DA:399,0
DA:400,0
DA:401,0
DA:403,0
DA:405,0
DA:406,0
DA:408,0
DA:409,0
DA:410,0
DA:411,0
DA:412,0
DA:413,0
DA:417,0
DA:418,0
DA:419,0
DA:428,0
DA:429,0
DA:430,0
DA:432,0
DA:436,0
DA:437,0
DA:439,0
DA:441,0
DA:444,0
DA:445,0
DA:446,0
DA:454,0
DA:458,0
LF:158
LH:75
BRDA:162,0,0,0
BRDA:169,1,0,0
BRDA:169,1,1,0
BRDA:169,2,0,0
BRDA:169,2,1,0
BRDA:172,3,0,0
BRDA:172,3,1,0
BRDA:172,4,0,0
BRDA:172,4,1,0
BRDA:209,5,0,0
BRDA:212,6,0,0
BRDA:219,7,0,0
BRDA:222,8,0,0
BRDA:227,9,0,0
BRDA:227,9,1,0
BRDA:227,10,0,0
BRDA:227,10,1,0
BRDA:229,11,0,0
BRDA:265,12,0,2
BRDA:280,13,0,0
BRDA:300,14,0,3
BRDA:307,15,0,2
BRDA:308,16,0,3
BRDA:308,16,1,2
BRDA:308,17,0,0
BRDA:308,17,1,3
BRDA:308,18,0,3
BRDA:308,18,1,3
BRDA:322,19,0,5
BRDA:333,20,0,0
BRDA:352,21,0,0
BRDA:358,22,0,1
BRDA:358,22,1,0
BRDA:362,23,0,1
BRDA:362,24,0,1
BRDA:362,24,1,1
BRDA:374,25,0,0
BRDA:385,26,0,0
BRDA:399,27,0,0
BRDA:399,27,1,0
BRDA:400,28,0,0
BRDA:400,28,1,0
BRDA:400,29,0,0
BRDA:400,29,1,0
BRDA:400,30,0,0
BRDA:400,30,1,0
BRDA:400,31,0,0
BRDA:400,31,1,0
BRDA:401,32,0,0
BRDA:401,32,1,0
BRDA:401,33,0,0
BRDA:401,33,1,0
BRDA:401,34,0,0
BRDA:401,34,1,0
BRDA:401,35,0,0
BRDA:401,35,1,0
BRDA:403,36,0,0
BRDA:406,37,0,0
BRDA:406,37,1,0
BRDA:409,38,0,0
BRDA:409,38,1,0
BRDA:409,38,2,0
BRDA:409,38,3,0
BRDA:418,39,0,0
BRDA:418,39,1,0
BRDA:418,40,0,0
BRDA:418,40,1,0
BRDA:428,41,0,0
BRDA:428,42,0,0
BRDA:428,42,1,0
BRDA:428,43,0,0
BRDA:428,43,1,0
BRDA:432,44,0,0
BRDA:432,44,1,0
BRDA:432,45,0,0
BRDA:432,45,1,0
BRDA:432,46,0,0
BRDA:432,46,1,0
BRDA:432,47,0,0
BRDA:432,47,1,0
BRDA:437,48,0,0
BRDA:437,48,1,0
BRDA:441,49,0,0
BRDA:441,49,1,0
BRDA:441,50,0,0
BRDA:441,50,1,0
BRDA:444,51,0,0
BRDA:444,51,1,0
BRDA:444,52,0,0
BRDA:444,52,1,0
BRDA:449,53,0,0
BRDA:449,53,1,0
BRDA:449,54,0,0
BRDA:449,54,1,0
BRDA:454,55,0,0
BRDA:454,55,1,0
BRDA:454,56,0,0
BRDA:454,56,1,0
BRDA:454,57,0,0
BRDA:454,57,1,0
BRDA:455,58,0,0
BRDA:455,58,1,0
BRDA:455,59,0,0
BRDA:455,59,1,0
BRDA:456,60,0,0
BRDA:456,60,1,0
BRDA:456,61,0,0
BRDA:456,61,1,0
BRDA:463,62,0,0
BRDA:463,62,1,0
BRDA:463,63,0,0
BRDA:463,63,1,0
BRDA:473,64,0,0
BRDA:473,64,1,0
BRDA:474,65,0,0
BRDA:474,65,1,0
BRDA:476,66,0,0
BRDA:476,66,1,0
BRF:118
BRH:13
end_of_record
TN:
SF:src/state/state-manager.ts
FN:22,(anonymous_0)
FN:30,(anonymous_1)
FN:34,(anonymous_2)
FN:38,(anonymous_3)
FN:42,(anonymous_4)
FN:47,(anonymous_5)
FN:61,(anonymous_6)
FN:70,(anonymous_7)
FN:72,(anonymous_8)
FN:73,(anonymous_9)
FN:78,(anonymous_10)
FN:82,(anonymous_11)
FN:87,(anonymous_12)
FN:101,(anonymous_13)
FN:110,(anonymous_14)
FN:118,(anonymous_15)
FN:125,(anonymous_16)
FN:137,emptySubscriptions
FN:141,emptyCache
FN:149,loadPersistedState
FNF:20
FNH:20
FNDA:29,(anonymous_0)
FNDA:4,(anonymous_1)
FNDA:7,(anonymous_2)
FNDA:5,(anonymous_3)
FNDA:3,(anonymous_4)
FNDA:9,(anonymous_5)
FNDA:3,(anonymous_6)
FNDA:3,(anonymous_7)
FNDA:5,(anonymous_8)
FNDA:4,(anonymous_9)
FNDA:4,(anonymous_10)
FNDA:1,(anonymous_11)
FNDA:2,(anonymous_12)
FNDA:5,(anonymous_13)
FNDA:6,(anonymous_14)
FNDA:2,(anonymous_15)
FNDA:24,(anonymous_16)
FNDA:29,emptySubscriptions
FNDA:34,emptyCache
FNDA:33,loadPersistedState
DA:15,1
DA:23,29
DA:24,29
DA:25,29
DA:31,4
DA:35,7
DA:39,5
DA:43,3
DA:44,3
DA:48,9
DA:49,9
DA:50,1
DA:52,8
DA:58,9
DA:62,3
DA:63,3
DA:64,2
DA:65,2
DA:71,3
DA:72,5
DA:73,4
DA:79,4
DA:83,1
DA:84,1
DA:92,2
DA:97,2
DA:102,5
DA:103,5
DA:111,6
DA:119,2
DA:120,2
DA:126,24
DA:137,1
DA:138,29
DA:141,1
DA:142,34
DA:149,1
DA:150,33
DA:151,33
LF:39
LH:39
BRDA:23,0,0,29
BRDA:23,0,1,0
BRDA:23,1,0,29
BRDA:23,1,1,29
BRDA:24,2,0,29
BRDA:24,2,1,0
BRDA:24,3,0,29
BRDA:24,3,1,29
BRDA:39,4,0,4
BRDA:39,4,1,1
BRDA:39,5,0,5
BRDA:39,5,1,5
BRDA:39,6,0,1
BRDA:39,6,1,4
BRDA:39,7,0,5
BRDA:39,7,1,5
BRDA:49,8,0,1
BRDA:49,8,1,8
BRDA:63,9,0,2
BRDA:94,10,0,1
BRDA:94,10,1,1
BRDA:94,11,0,2
BRDA:94,11,1,2
BRDA:94,12,0,1
BRDA:94,12,1,1
BRDA:94,13,0,2
BRDA:94,13,1,2
BRDA:112,14,0,3
BRDA:112,14,1,3
BRDA:112,15,0,6
BRDA:112,15,1,6
BRDA:113,16,0,1
BRDA:113,16,1,2
BRDA:150,17,0,32
BRDA:150,17,1,1
BRDA:150,18,0,33
BRDA:150,18,1,32
BRDA:152,19,0,8
BRDA:152,19,1,25
BRDA:152,20,0,33
BRDA:152,20,1,33
BRDA:153,21,0,3
BRDA:153,21,1,30
BRDA:153,22,0,33
BRDA:153,22,1,33
BRF:45
BRH:43
end_of_record
